# build-tree --verbose=1 --max-leaves=2000 --cluster-thresh=-1 exp/tri1/treeacc data/lang/phones/roots.int exp/tri1/questions.qst data/lang/topo exp/tri1/tree 
# Started at Thu Jun 21 12:54:29 CEST 2018
#
build-tree --verbose=1 --max-leaves=2000 --cluster-thresh=-1 exp/tri1/treeacc data/lang/phones/roots.int exp/tri1/questions.qst data/lang/topo exp/tri1/tree 
LOG (build-tree[5.4.167~1-28e4e]:main():build-tree.cc:104) Number of separate statistics is 349
LOG (build-tree[5.4.167~1-28e4e]:BuildTree():build-tree.cc:161) BuildTree: before building trees, map has 22 leaves.
LOG (build-tree[5.4.167~1-28e4e]:SplitDecisionTree():build-tree-utils.cc:577) DoDecisionTreeSplit: split 65 times, #leaves now 87
LOG (build-tree[5.4.167~1-28e4e]:BuildTree():build-tree.cc:187) Setting clustering threshold to smallest split 303.822
VLOG[1] (build-tree[5.4.167~1-28e4e]:BuildTree():build-tree.cc:196) After decision tree split, num-leaves = 87, like-impr = 6.02123 per frame over 15514 frames.
VLOG[1] (build-tree[5.4.167~1-28e4e]:BuildTree():build-tree.cc:200) Including just phones that were split, improvement is 6.02123 per frame over 15514 frames.
LOG (build-tree[5.4.167~1-28e4e]:BuildTree():build-tree.cc:215) BuildTree: removed 4 leaves.
VLOG[1] (build-tree[5.4.167~1-28e4e]:ClusterEventMapToNClustersRestrictedByMap():build-tree-utils.cc:916) Number of non-empty clusters in map = 21
VLOG[1] (build-tree[5.4.167~1-28e4e]:ClusterEventMapToNClustersRestrictedByMap():build-tree-utils.cc:917) Number of non-empty clusters = 82
LOG (build-tree[5.4.167~1-28e4e]:BuildTree():build-tree.cc:231) BuildTree: Rounded num leaves to multiple of 8 by removing 3 leaves.
VLOG[1] (build-tree[5.4.167~1-28e4e]:BuildTree():build-tree.cc:256) Objf change due to clustering -0.130809 per frame.
VLOG[1] (build-tree[5.4.167~1-28e4e]:BuildTree():build-tree.cc:259) Normalizing over only split phones, this is: -0.130809 per frame.
VLOG[1] (build-tree[5.4.167~1-28e4e]:BuildTree():build-tree.cc:262) Num-leaves is now 80
VLOG[1] (build-tree[5.4.167~1-28e4e]:main():build-tree.cc:143) For pdf-id 1, low count 0
VLOG[1] (build-tree[5.4.167~1-28e4e]:main():build-tree.cc:143) For pdf-id 4, low count 97
VLOG[1] (build-tree[5.4.167~1-28e4e]:main():build-tree.cc:143) For pdf-id 5, low count 69
VLOG[1] (build-tree[5.4.167~1-28e4e]:main():build-tree.cc:143) For pdf-id 14, low count 68
VLOG[1] (build-tree[5.4.167~1-28e4e]:main():build-tree.cc:143) For pdf-id 16, low count 50
VLOG[1] (build-tree[5.4.167~1-28e4e]:main():build-tree.cc:143) For pdf-id 22, low count 58
VLOG[1] (build-tree[5.4.167~1-28e4e]:main():build-tree.cc:143) For pdf-id 26, low count 68
VLOG[1] (build-tree[5.4.167~1-28e4e]:main():build-tree.cc:143) For pdf-id 28, low count 66
VLOG[1] (build-tree[5.4.167~1-28e4e]:main():build-tree.cc:143) For pdf-id 33, low count 79
VLOG[1] (build-tree[5.4.167~1-28e4e]:main():build-tree.cc:143) For pdf-id 46, low count 72
VLOG[1] (build-tree[5.4.167~1-28e4e]:main():build-tree.cc:143) For pdf-id 56, low count 66
VLOG[1] (build-tree[5.4.167~1-28e4e]:main():build-tree.cc:143) For pdf-id 57, low count 87
VLOG[1] (build-tree[5.4.167~1-28e4e]:main():build-tree.cc:143) For pdf-id 59, low count 65
VLOG[1] (build-tree[5.4.167~1-28e4e]:main():build-tree.cc:143) For pdf-id 62, low count 90
VLOG[1] (build-tree[5.4.167~1-28e4e]:main():build-tree.cc:143) For pdf-id 64, low count 43
VLOG[1] (build-tree[5.4.167~1-28e4e]:main():build-tree.cc:143) For pdf-id 75, low count 37
VLOG[1] (build-tree[5.4.167~1-28e4e]:main():build-tree.cc:143) For pdf-id 76, low count 65
VLOG[1] (build-tree[5.4.167~1-28e4e]:main():build-tree.cc:143) For pdf-id 78, low count 59
WARNING (build-tree[5.4.167~1-28e4e]:main():build-tree.cc:185) Saw no stats for following phones: 2 3 4 5 6 7 8 9 10 11 12 14 15 16 18 19 20 22 23 24 26 28 29 30 32 33 34 36 37 38 39 40 42 43 45 46 47 48 50 53 54 55 57 58 59 62 65 66 69 70 72 73 74 75 77 78 79 80 82 83 86 88 89 90 
LOG (build-tree[5.4.167~1-28e4e]:main():build-tree.cc:189) Wrote tree
# Accounting: time=1 threads=1
# Ended (code 0) at Thu Jun 21 12:54:30 CEST 2018, elapsed time 1 seconds
