# gmm-est --mix-up=3440 --power=0.25 --write-occs=exp/tri1/6.occs exp/tri1/5.mdl "gmm-sum-accs - exp/tri1/5.*.acc |" exp/tri1/6.mdl 
# Started at Thu Jun 21 12:54:31 CEST 2018
#
gmm-est --mix-up=3440 --power=0.25 --write-occs=exp/tri1/6.occs exp/tri1/5.mdl 'gmm-sum-accs - exp/tri1/5.*.acc |' exp/tri1/6.mdl 
gmm-sum-accs - exp/tri1/5.1.acc 
LOG (gmm-sum-accs[5.4.167~1-28e4e]:main():gmm-sum-accs.cc:63) Summed 1 stats, total count 15514, avg like/frame -84.5872
LOG (gmm-sum-accs[5.4.167~1-28e4e]:main():gmm-sum-accs.cc:66) Total count of stats is 15514
LOG (gmm-sum-accs[5.4.167~1-28e4e]:main():gmm-sum-accs.cc:67) Written stats to -
LOG (gmm-est[5.4.167~1-28e4e]:MleUpdate():transition-model.cc:517) TransitionModel::Update, objf change is 2.22835e-10 per frame over 15514 frames. 
LOG (gmm-est[5.4.167~1-28e4e]:MleUpdate():transition-model.cc:520) 8 probabilities floored, 318 out of 414 transition-states skipped due to insuffient data (it is normal to have some skipped.)
LOG (gmm-est[5.4.167~1-28e4e]:main():gmm-est.cc:102) Transition model update: Overall 2.22835e-10 log-like improvement per frame over 15514 frames.
WARNING (gmm-est[5.4.167~1-28e4e]:MleDiagGmmUpdate():mle-diag-gmm.cc:365) Gaussian has too little data but not removing it because it is the last Gaussian: i = 0, occ = 0, weight = 1
WARNING (gmm-est[5.4.167~1-28e4e]:MleDiagGmmUpdate():mle-diag-gmm.cc:359) Too little data - removing Gaussian (weight 0.030075, occupation count 9.383475, vector size 39)
WARNING (gmm-est[5.4.167~1-28e4e]:MleDiagGmmUpdate():mle-diag-gmm.cc:359) Too little data - removing Gaussian (weight 0.037174, occupation count 9.033288, vector size 39)
WARNING (gmm-est[5.4.167~1-28e4e]:MleDiagGmmUpdate():mle-diag-gmm.cc:359) Too little data - removing Gaussian (weight 0.020508, occupation count 9.371984, vector size 39)
WARNING (gmm-est[5.4.167~1-28e4e]:MleDiagGmmUpdate():mle-diag-gmm.cc:359) Too little data - removing Gaussian (weight 0.019501, occupation count 8.911999, vector size 39)
WARNING (gmm-est[5.4.167~1-28e4e]:MleDiagGmmUpdate():mle-diag-gmm.cc:359) Too little data - removing Gaussian (weight 0.087600, occupation count 9.022775, vector size 39)
WARNING (gmm-est[5.4.167~1-28e4e]:MleDiagGmmUpdate():mle-diag-gmm.cc:359) Too little data - removing Gaussian (weight 0.026368, occupation count 9.492399, vector size 39)
WARNING (gmm-est[5.4.167~1-28e4e]:MleDiagGmmUpdate():mle-diag-gmm.cc:359) Too little data - removing Gaussian (weight 0.038273, occupation count 9.989352, vector size 39)
WARNING (gmm-est[5.4.167~1-28e4e]:MleDiagGmmUpdate():mle-diag-gmm.cc:359) Too little data - removing Gaussian (weight 0.012992, occupation count 8.301710, vector size 39)
WARNING (gmm-est[5.4.167~1-28e4e]:MleDiagGmmUpdate():mle-diag-gmm.cc:359) Too little data - removing Gaussian (weight 0.014624, occupation count 9.344836, vector size 39)
LOG (gmm-est[5.4.167~1-28e4e]:MleAmDiagGmmUpdate():mle-am-diag-gmm.cc:225) 0 variance elements floored in 0 Gaussians, out of 724
LOG (gmm-est[5.4.167~1-28e4e]:MleAmDiagGmmUpdate():mle-am-diag-gmm.cc:229) Removed 9 Gaussians due to counts < --min-gaussian-occupancy=10 and --remove-low-count-gaussians=true
LOG (gmm-est[5.4.167~1-28e4e]:main():gmm-est.cc:113) GMM update: Overall 0.706818 objective function improvement per frame over 15514 frames
LOG (gmm-est[5.4.167~1-28e4e]:main():gmm-est.cc:116) GMM update: Overall avg like per frame = -84.5872 over 15514 frames.
WARNING (gmm-est[5.4.167~1-28e4e]:GetSplitTargets():model-common.cc:134) Could not split up to 3440 due to min-count = 20 (or no counts at all)
LOG (gmm-est[5.4.167~1-28e4e]:SplitByCount():am-diag-gmm.cc:116) Split 80 states with target = 3440, power = 0.25, perturb_factor = 0.01 and min_count = 20, split #Gauss from 724 to 733
LOG (gmm-est[5.4.167~1-28e4e]:main():gmm-est.cc:146) Written model to exp/tri1/6.mdl
# Accounting: time=1 threads=1
# Ended (code 0) at Thu Jun 21 12:54:32 CEST 2018, elapsed time 1 seconds
