# gunzip -c exp/mono/decode/depth_stats_tmp.*.gz | steps/diagnostic/analyze_lattice_depth_stats.py exp/mono/graph 
# Started at Tue Sep  4 16:04:19 CEST 2018
#
The total amount of data analyzed assuming 100 frames per second is 0.0 hours
Overall, lattice depth (10,50,90-percentile)=(1,3,5) and mean=2.8
Phone sil accounts for 78.2% of frames, with lattice depth (10,50,90-percentile)=(1,2,5) and mean=2.7
Nonsilence phones as a group account for 21.8% of frames, with lattice depth (10,50,90-percentile)=(1,3,5) and mean=3.1
Phone f_B accounts for 3.1% of frames, with lattice depth (10,50,90-percentile)=(1,2,5) and mean=2.5
Phone ay_I accounts for 2.8% of frames, with lattice depth (10,50,90-percentile)=(1,3,5) and mean=3.2
Phone s_B accounts for 1.8% of frames, with lattice depth (10,50,90-percentile)=(1,2,5) and mean=3.2
Phone v_E accounts for 1.7% of frames, with lattice depth (10,50,90-percentile)=(1,2,6) and mean=2.9
Phone th_B accounts for 1.5% of frames, with lattice depth (10,50,90-percentile)=(2,3,4) and mean=2.7
Phone uw_E accounts for 1.4% of frames, with lattice depth (10,50,90-percentile)=(1,3,5) and mean=2.7
Phone ey_B accounts for 1.4% of frames, with lattice depth (10,50,90-percentile)=(1,3,8) and mean=4.0
Phone t_E accounts for 1.0% of frames, with lattice depth (10,50,90-percentile)=(1,3,8) and mean=3.8
Phone ah_I accounts for 0.7% of frames, with lattice depth (10,50,90-percentile)=(1,2,4) and mean=2.6
Phone hh_B accounts for 0.7% of frames, with lattice depth (10,50,90-percentile)=(1,3,7) and mean=3.3
Phone r_I accounts for 0.6% of frames, with lattice depth (10,50,90-percentile)=(2,4,5) and mean=3.8
Phone w_I accounts for 0.6% of frames, with lattice depth (10,50,90-percentile)=(1,3,7) and mean=3.3
Phone ow_E accounts for 0.5% of frames, with lattice depth (10,50,90-percentile)=(3,4,5) and mean=4.0
# Accounting: time=0 threads=1
# Ended (code 0) at Tue Sep  4 16:04:19 CEST 2018, elapsed time 0 seconds
