# gmm-latgen-faster --max-active=7000 --beam=13.0 --lattice-beam=6.0 --acoustic-scale=0.083333 --allow-partial=true --word-symbol-table=exp/mono/graph/words.txt exp/mono/final.mdl exp/mono/graph/HCLG.fst "ark,s,cs:apply-cmvn  --utt2spk=ark:data/test/split1/1/utt2spk scp:data/test/split1/1/cmvn.scp scp:data/test/split1/1/feats.scp ark:- | add-deltas  ark:- ark:- |" "ark:|gzip -c > exp/mono/decode/lat.1.gz" 
# Started at Tue Sep  4 16:04:16 CEST 2018
#
gmm-latgen-faster --max-active=7000 --beam=13.0 --lattice-beam=6.0 --acoustic-scale=0.083333 --allow-partial=true --word-symbol-table=exp/mono/graph/words.txt exp/mono/final.mdl exp/mono/graph/HCLG.fst 'ark,s,cs:apply-cmvn  --utt2spk=ark:data/test/split1/1/utt2spk scp:data/test/split1/1/cmvn.scp scp:data/test/split1/1/feats.scp ark:- | add-deltas  ark:- ark:- |' 'ark:|gzip -c > exp/mono/decode/lat.1.gz' 
apply-cmvn --utt2spk=ark:data/test/split1/1/utt2spk scp:data/test/split1/1/cmvn.scp scp:data/test/split1/1/feats.scp ark:- 
add-deltas ark:- ark:- 
theo_0_0_1_0042 
LOG (gmm-latgen-faster[5.4.167~1-28e4e]:DecodeUtteranceLatticeFaster():decoder-wrappers.cc:286) Log-like per frame for utterance theo_0_0_1_0042 is -9.11918 over 97 frames.
theo_0_0_5_0016 five 
LOG (gmm-latgen-faster[5.4.167~1-28e4e]:DecodeUtteranceLatticeFaster():decoder-wrappers.cc:286) Log-like per frame for utterance theo_0_0_5_0016 is -8.46767 over 118 frames.
theo_0_2_1_0004 two 
LOG (gmm-latgen-faster[5.4.167~1-28e4e]:DecodeUtteranceLatticeFaster():decoder-wrappers.cc:286) Log-like per frame for utterance theo_0_2_1_0004 is -8.99294 over 122 frames.
theo_0_3_0_0078 zero 
LOG (gmm-latgen-faster[5.4.167~1-28e4e]:DecodeUtteranceLatticeFaster():decoder-wrappers.cc:286) Log-like per frame for utterance theo_0_3_0_0078 is -8.96616 over 132 frames.
theo_0_3_2_0062 three 
LOG (gmm-latgen-faster[5.4.167~1-28e4e]:DecodeUtteranceLatticeFaster():decoder-wrappers.cc:286) Log-like per frame for utterance theo_0_3_2_0062 is -9.23364 over 96 frames.
theo_0_4_5_0055 
LOG (gmm-latgen-faster[5.4.167~1-28e4e]:DecodeUtteranceLatticeFaster():decoder-wrappers.cc:286) Log-like per frame for utterance theo_0_4_5_0055 is -8.99534 over 122 frames.
theo_0_5_3_0050 zero five 
LOG (gmm-latgen-faster[5.4.167~1-28e4e]:DecodeUtteranceLatticeFaster():decoder-wrappers.cc:286) Log-like per frame for utterance theo_0_5_3_0050 is -9.00676 over 111 frames.
theo_0_5_5_0071 
LOG (gmm-latgen-faster[5.4.167~1-28e4e]:DecodeUtteranceLatticeFaster():decoder-wrappers.cc:286) Log-like per frame for utterance theo_0_5_5_0071 is -8.97999 over 117 frames.
theo_0_5_9_0021 six 
LOG (gmm-latgen-faster[5.4.167~1-28e4e]:DecodeUtteranceLatticeFaster():decoder-wrappers.cc:286) Log-like per frame for utterance theo_0_5_9_0021 is -8.51271 over 180 frames.
theo_0_7_4_0070 
LOG (gmm-latgen-faster[5.4.167~1-28e4e]:DecodeUtteranceLatticeFaster():decoder-wrappers.cc:286) Log-like per frame for utterance theo_0_7_4_0070 is -9.258 over 84 frames.
theo_0_7_8_0031 
LOG (gmm-latgen-faster[5.4.167~1-28e4e]:DecodeUtteranceLatticeFaster():decoder-wrappers.cc:286) Log-like per frame for utterance theo_0_7_8_0031 is -9.10884 over 104 frames.
theo_1_1_1_0044 one 
LOG (gmm-latgen-faster[5.4.167~1-28e4e]:DecodeUtteranceLatticeFaster():decoder-wrappers.cc:286) Log-like per frame for utterance theo_1_1_1_0044 is -9.43978 over 71 frames.
theo_1_1_5_0073 
LOG (gmm-latgen-faster[5.4.167~1-28e4e]:DecodeUtteranceLatticeFaster():decoder-wrappers.cc:286) Log-like per frame for utterance theo_1_1_5_0073 is -9.09967 over 118 frames.
theo_1_4_2_0005 one four two 
LOG (gmm-latgen-faster[5.4.167~1-28e4e]:DecodeUtteranceLatticeFaster():decoder-wrappers.cc:286) Log-like per frame for utterance theo_1_4_2_0005 is -9.35156 over 88 frames.
theo_1_9_4_0056 one 
LOG (gmm-latgen-faster[5.4.167~1-28e4e]:DecodeUtteranceLatticeFaster():decoder-wrappers.cc:286) Log-like per frame for utterance theo_1_9_4_0056 is -9.16728 over 94 frames.
theo_1_9_4_0093 
LOG (gmm-latgen-faster[5.4.167~1-28e4e]:DecodeUtteranceLatticeFaster():decoder-wrappers.cc:286) Log-like per frame for utterance theo_1_9_4_0093 is -8.95757 over 105 frames.
theo_1_9_8_0053 
LOG (gmm-latgen-faster[5.4.167~1-28e4e]:DecodeUtteranceLatticeFaster():decoder-wrappers.cc:286) Log-like per frame for utterance theo_1_9_8_0053 is -8.94887 over 101 frames.
theo_2_2_6_0066 two 
LOG (gmm-latgen-faster[5.4.167~1-28e4e]:DecodeUtteranceLatticeFaster():decoder-wrappers.cc:286) Log-like per frame for utterance theo_2_2_6_0066 is -8.99239 over 156 frames.
theo_2_3_3_0089 
LOG (gmm-latgen-faster[5.4.167~1-28e4e]:DecodeUtteranceLatticeFaster():decoder-wrappers.cc:286) Log-like per frame for utterance theo_2_3_3_0089 is -9.81423 over 94 frames.
theo_2_3_5_0088 five 
LOG (gmm-latgen-faster[5.4.167~1-28e4e]:DecodeUtteranceLatticeFaster():decoder-wrappers.cc:286) Log-like per frame for utterance theo_2_3_5_0088 is -8.8885 over 106 frames.
theo_2_4_9_0025 
LOG (gmm-latgen-faster[5.4.167~1-28e4e]:DecodeUtteranceLatticeFaster():decoder-wrappers.cc:286) Log-like per frame for utterance theo_2_4_9_0025 is -9.29285 over 138 frames.
theo_2_6_2_0002 two 
LOG (gmm-latgen-faster[5.4.167~1-28e4e]:DecodeUtteranceLatticeFaster():decoder-wrappers.cc:286) Log-like per frame for utterance theo_2_6_2_0002 is -8.90204 over 150 frames.
theo_2_7_0_0007 
LOG (gmm-latgen-faster[5.4.167~1-28e4e]:DecodeUtteranceLatticeFaster():decoder-wrappers.cc:286) Log-like per frame for utterance theo_2_7_0_0007 is -8.86057 over 100 frames.
theo_2_8_0_0096 
LOG (gmm-latgen-faster[5.4.167~1-28e4e]:DecodeUtteranceLatticeFaster():decoder-wrappers.cc:286) Log-like per frame for utterance theo_2_8_0_0096 is -9.01991 over 89 frames.
theo_2_9_5_0008 five five 
LOG (gmm-latgen-faster[5.4.167~1-28e4e]:DecodeUtteranceLatticeFaster():decoder-wrappers.cc:286) Log-like per frame for utterance theo_2_9_5_0008 is -8.33359 over 131 frames.
theo_3_1_3_0052 
LOG (gmm-latgen-faster[5.4.167~1-28e4e]:DecodeUtteranceLatticeFaster():decoder-wrappers.cc:286) Log-like per frame for utterance theo_3_1_3_0052 is -9.33923 over 123 frames.
theo_3_1_5_0037 five 
LOG (gmm-latgen-faster[5.4.167~1-28e4e]:DecodeUtteranceLatticeFaster():decoder-wrappers.cc:286) Log-like per frame for utterance theo_3_1_5_0037 is -8.94551 over 128 frames.
theo_3_2_5_0076 five 
LOG (gmm-latgen-faster[5.4.167~1-28e4e]:DecodeUtteranceLatticeFaster():decoder-wrappers.cc:286) Log-like per frame for utterance theo_3_2_5_0076 is -8.96001 over 94 frames.
theo_3_2_8_0009 
LOG (gmm-latgen-faster[5.4.167~1-28e4e]:DecodeUtteranceLatticeFaster():decoder-wrappers.cc:286) Log-like per frame for utterance theo_3_2_8_0009 is -9.87634 over 96 frames.
theo_3_3_2_0001 
LOG (gmm-latgen-faster[5.4.167~1-28e4e]:DecodeUtteranceLatticeFaster():decoder-wrappers.cc:286) Log-like per frame for utterance theo_3_3_2_0001 is -9.69555 over 80 frames.
theo_3_3_9_0011 three 
LOG (gmm-latgen-faster[5.4.167~1-28e4e]:DecodeUtteranceLatticeFaster():decoder-wrappers.cc:286) Log-like per frame for utterance theo_3_3_9_0011 is -9.76609 over 141 frames.
theo_3_5_5_0061 three five 
LOG (gmm-latgen-faster[5.4.167~1-28e4e]:DecodeUtteranceLatticeFaster():decoder-wrappers.cc:286) Log-like per frame for utterance theo_3_5_5_0061 is -9.23541 over 117 frames.
theo_3_7_6_0075 
LOG (gmm-latgen-faster[5.4.167~1-28e4e]:DecodeUtteranceLatticeFaster():decoder-wrappers.cc:286) Log-like per frame for utterance theo_3_7_6_0075 is -9.48175 over 94 frames.
theo_3_7_7_0032 
LOG (gmm-latgen-faster[5.4.167~1-28e4e]:DecodeUtteranceLatticeFaster():decoder-wrappers.cc:286) Log-like per frame for utterance theo_3_7_7_0032 is -9.2739 over 90 frames.
theo_3_8_3_0082 three eight eight 
LOG (gmm-latgen-faster[5.4.167~1-28e4e]:DecodeUtteranceLatticeFaster():decoder-wrappers.cc:286) Log-like per frame for utterance theo_3_8_3_0082 is -9.0059 over 130 frames.
theo_3_9_0_0095 five 
LOG (gmm-latgen-faster[5.4.167~1-28e4e]:DecodeUtteranceLatticeFaster():decoder-wrappers.cc:286) Log-like per frame for utterance theo_3_9_0_0095 is -8.7477 over 121 frames.
theo_3_9_7_0023 three eight 
LOG (gmm-latgen-faster[5.4.167~1-28e4e]:DecodeUtteranceLatticeFaster():decoder-wrappers.cc:286) Log-like per frame for utterance theo_3_9_7_0023 is -9.41112 over 111 frames.
theo_4_0_1_0051 
LOG (gmm-latgen-faster[5.4.167~1-28e4e]:DecodeUtteranceLatticeFaster():decoder-wrappers.cc:286) Log-like per frame for utterance theo_4_0_1_0051 is -9.35476 over 129 frames.
theo_4_1_5_0079 five 
LOG (gmm-latgen-faster[5.4.167~1-28e4e]:DecodeUtteranceLatticeFaster():decoder-wrappers.cc:286) Log-like per frame for utterance theo_4_1_5_0079 is -9.04254 over 132 frames.
theo_4_1_7_0014 one seven 
LOG (gmm-latgen-faster[5.4.167~1-28e4e]:DecodeUtteranceLatticeFaster():decoder-wrappers.cc:286) Log-like per frame for utterance theo_4_1_7_0014 is -8.89546 over 103 frames.
theo_4_3_0_0015 
LOG (gmm-latgen-faster[5.4.167~1-28e4e]:DecodeUtteranceLatticeFaster():decoder-wrappers.cc:286) Log-like per frame for utterance theo_4_3_0_0015 is -9.87077 over 106 frames.
theo_4_5_6_0043 
LOG (gmm-latgen-faster[5.4.167~1-28e4e]:DecodeUtteranceLatticeFaster():decoder-wrappers.cc:286) Log-like per frame for utterance theo_4_5_6_0043 is -9.0161 over 120 frames.
theo_4_6_2_0013 
LOG (gmm-latgen-faster[5.4.167~1-28e4e]:DecodeUtteranceLatticeFaster():decoder-wrappers.cc:286) Log-like per frame for utterance theo_4_6_2_0013 is -9.16754 over 110 frames.
theo_4_6_5_0049 
LOG (gmm-latgen-faster[5.4.167~1-28e4e]:DecodeUtteranceLatticeFaster():decoder-wrappers.cc:286) Log-like per frame for utterance theo_4_6_5_0049 is -8.89866 over 121 frames.
theo_5_0_4_0086 five 
LOG (gmm-latgen-faster[5.4.167~1-28e4e]:DecodeUtteranceLatticeFaster():decoder-wrappers.cc:286) Log-like per frame for utterance theo_5_0_4_0086 is -8.70356 over 142 frames.
theo_5_0_5_0091 five 
LOG (gmm-latgen-faster[5.4.167~1-28e4e]:DecodeUtteranceLatticeFaster():decoder-wrappers.cc:286) Log-like per frame for utterance theo_5_0_5_0091 is -9.00591 over 92 frames.
theo_5_1_2_0087 five one 
LOG (gmm-latgen-faster[5.4.167~1-28e4e]:DecodeUtteranceLatticeFaster():decoder-wrappers.cc:286) Log-like per frame for utterance theo_5_1_2_0087 is -8.81465 over 82 frames.
theo_5_1_3_0065 five 
LOG (gmm-latgen-faster[5.4.167~1-28e4e]:DecodeUtteranceLatticeFaster():decoder-wrappers.cc:286) Log-like per frame for utterance theo_5_1_3_0065 is -8.9011 over 91 frames.
theo_5_1_4_0026 one 
LOG (gmm-latgen-faster[5.4.167~1-28e4e]:DecodeUtteranceLatticeFaster():decoder-wrappers.cc:286) Log-like per frame for utterance theo_5_1_4_0026 is -9.18671 over 158 frames.
theo_5_1_4_0092 
LOG (gmm-latgen-faster[5.4.167~1-28e4e]:DecodeUtteranceLatticeFaster():decoder-wrappers.cc:286) Log-like per frame for utterance theo_5_1_4_0092 is -9.28179 over 109 frames.
theo_5_2_3_0006 five three 
LOG (gmm-latgen-faster[5.4.167~1-28e4e]:DecodeUtteranceLatticeFaster():decoder-wrappers.cc:286) Log-like per frame for utterance theo_5_2_3_0006 is -9.58056 over 82 frames.
theo_5_2_6_0058 five 
LOG (gmm-latgen-faster[5.4.167~1-28e4e]:DecodeUtteranceLatticeFaster():decoder-wrappers.cc:286) Log-like per frame for utterance theo_5_2_6_0058 is -9.29833 over 112 frames.
theo_5_2_9_0060 five 
LOG (gmm-latgen-faster[5.4.167~1-28e4e]:DecodeUtteranceLatticeFaster():decoder-wrappers.cc:286) Log-like per frame for utterance theo_5_2_9_0060 is -8.32776 over 126 frames.
theo_5_3_3_0035 three 
LOG (gmm-latgen-faster[5.4.167~1-28e4e]:DecodeUtteranceLatticeFaster():decoder-wrappers.cc:286) Log-like per frame for utterance theo_5_3_3_0035 is -9.0642 over 119 frames.
theo_5_5_2_0018 
LOG (gmm-latgen-faster[5.4.167~1-28e4e]:DecodeUtteranceLatticeFaster():decoder-wrappers.cc:286) Log-like per frame for utterance theo_5_5_2_0018 is -9.36389 over 101 frames.
theo_5_5_3_0064 
LOG (gmm-latgen-faster[5.4.167~1-28e4e]:DecodeUtteranceLatticeFaster():decoder-wrappers.cc:286) Log-like per frame for utterance theo_5_5_3_0064 is -9.19613 over 97 frames.
theo_5_6_3_0057 three 
LOG (gmm-latgen-faster[5.4.167~1-28e4e]:DecodeUtteranceLatticeFaster():decoder-wrappers.cc:286) Log-like per frame for utterance theo_5_6_3_0057 is -8.96337 over 119 frames.
theo_5_6_7_0038 
LOG (gmm-latgen-faster[5.4.167~1-28e4e]:DecodeUtteranceLatticeFaster():decoder-wrappers.cc:286) Log-like per frame for utterance theo_5_6_7_0038 is -8.82891 over 132 frames.
theo_5_7_3_0097 five 
LOG (gmm-latgen-faster[5.4.167~1-28e4e]:DecodeUtteranceLatticeFaster():decoder-wrappers.cc:286) Log-like per frame for utterance theo_5_7_3_0097 is -8.9928 over 86 frames.
theo_6_0_1_0094 one 
LOG (gmm-latgen-faster[5.4.167~1-28e4e]:DecodeUtteranceLatticeFaster():decoder-wrappers.cc:286) Log-like per frame for utterance theo_6_0_1_0094 is -8.92603 over 130 frames.
theo_6_0_2_0039 zero 
LOG (gmm-latgen-faster[5.4.167~1-28e4e]:DecodeUtteranceLatticeFaster():decoder-wrappers.cc:286) Log-like per frame for utterance theo_6_0_2_0039 is -8.72737 over 137 frames.
theo_6_1_1_0047 
LOG (gmm-latgen-faster[5.4.167~1-28e4e]:DecodeUtteranceLatticeFaster():decoder-wrappers.cc:286) Log-like per frame for utterance theo_6_1_1_0047 is -9.21246 over 130 frames.
theo_6_1_9_0072 one 
LOG (gmm-latgen-faster[5.4.167~1-28e4e]:DecodeUtteranceLatticeFaster():decoder-wrappers.cc:286) Log-like per frame for utterance theo_6_1_9_0072 is -9.36367 over 106 frames.
theo_6_2_2_0040 
LOG (gmm-latgen-faster[5.4.167~1-28e4e]:DecodeUtteranceLatticeFaster():decoder-wrappers.cc:286) Log-like per frame for utterance theo_6_2_2_0040 is -9.5255 over 92 frames.
theo_6_3_3_0067 
LOG (gmm-latgen-faster[5.4.167~1-28e4e]:DecodeUtteranceLatticeFaster():decoder-wrappers.cc:286) Log-like per frame for utterance theo_6_3_3_0067 is -9.07216 over 107 frames.
theo_6_3_9_0029 
LOG (gmm-latgen-faster[5.4.167~1-28e4e]:DecodeUtteranceLatticeFaster():decoder-wrappers.cc:286) Log-like per frame for utterance theo_6_3_9_0029 is -9.0317 over 104 frames.
theo_6_4_4_0054 four 
LOG (gmm-latgen-faster[5.4.167~1-28e4e]:DecodeUtteranceLatticeFaster():decoder-wrappers.cc:286) Log-like per frame for utterance theo_6_4_4_0054 is -9.24474 over 112 frames.
theo_6_4_5_0090 
LOG (gmm-latgen-faster[5.4.167~1-28e4e]:DecodeUtteranceLatticeFaster():decoder-wrappers.cc:286) Log-like per frame for utterance theo_6_4_5_0090 is -8.95239 over 103 frames.
theo_6_4_9_0036 four 
LOG (gmm-latgen-faster[5.4.167~1-28e4e]:DecodeUtteranceLatticeFaster():decoder-wrappers.cc:286) Log-like per frame for utterance theo_6_4_9_0036 is -9.30391 over 115 frames.
theo_6_6_0_0074 
LOG (gmm-latgen-faster[5.4.167~1-28e4e]:DecodeUtteranceLatticeFaster():decoder-wrappers.cc:286) Log-like per frame for utterance theo_6_6_0_0074 is -8.88601 over 137 frames.
theo_6_6_9_0048 
LOG (gmm-latgen-faster[5.4.167~1-28e4e]:DecodeUtteranceLatticeFaster():decoder-wrappers.cc:286) Log-like per frame for utterance theo_6_6_9_0048 is -9.00733 over 115 frames.
theo_6_7_2_0000 
LOG (gmm-latgen-faster[5.4.167~1-28e4e]:DecodeUtteranceLatticeFaster():decoder-wrappers.cc:286) Log-like per frame for utterance theo_6_7_2_0000 is -9.31396 over 109 frames.
theo_6_7_2_0081 
LOG (gmm-latgen-faster[5.4.167~1-28e4e]:DecodeUtteranceLatticeFaster():decoder-wrappers.cc:286) Log-like per frame for utterance theo_6_7_2_0081 is -9.03782 over 132 frames.
theo_6_7_7_0017 
LOG (gmm-latgen-faster[5.4.167~1-28e4e]:DecodeUtteranceLatticeFaster():decoder-wrappers.cc:286) Log-like per frame for utterance theo_6_7_7_0017 is -9.14817 over 118 frames.
theo_6_9_3_0024 
LOG (gmm-latgen-faster[5.4.167~1-28e4e]:DecodeUtteranceLatticeFaster():decoder-wrappers.cc:286) Log-like per frame for utterance theo_6_9_3_0024 is -9.10945 over 140 frames.
theo_7_1_0_0027 
LOG (gmm-latgen-faster[5.4.167~1-28e4e]:DecodeUtteranceLatticeFaster():decoder-wrappers.cc:286) Log-like per frame for utterance theo_7_1_0_0027 is -9.43872 over 85 frames.
theo_7_1_1_0063 
LOG (gmm-latgen-faster[5.4.167~1-28e4e]:DecodeUtteranceLatticeFaster():decoder-wrappers.cc:286) Log-like per frame for utterance theo_7_1_1_0063 is -9.42457 over 89 frames.
theo_7_1_3_0045 seven three 
LOG (gmm-latgen-faster[5.4.167~1-28e4e]:DecodeUtteranceLatticeFaster():decoder-wrappers.cc:286) Log-like per frame for utterance theo_7_1_3_0045 is -8.91801 over 90 frames.
theo_7_1_6_0099 six 
LOG (gmm-latgen-faster[5.4.167~1-28e4e]:DecodeUtteranceLatticeFaster():decoder-wrappers.cc:286) Log-like per frame for utterance theo_7_1_6_0099 is -8.8103 over 134 frames.
theo_7_3_5_0041 five 
LOG (gmm-latgen-faster[5.4.167~1-28e4e]:DecodeUtteranceLatticeFaster():decoder-wrappers.cc:286) Log-like per frame for utterance theo_7_3_5_0041 is -8.95134 over 113 frames.
theo_7_4_5_0028 
LOG (gmm-latgen-faster[5.4.167~1-28e4e]:DecodeUtteranceLatticeFaster():decoder-wrappers.cc:286) Log-like per frame for utterance theo_7_4_5_0028 is -9.01568 over 118 frames.
theo_7_5_3_0069 seven five 
LOG (gmm-latgen-faster[5.4.167~1-28e4e]:DecodeUtteranceLatticeFaster():decoder-wrappers.cc:286) Log-like per frame for utterance theo_7_5_3_0069 is -8.68364 over 112 frames.
theo_7_6_9_0068 
LOG (gmm-latgen-faster[5.4.167~1-28e4e]:DecodeUtteranceLatticeFaster():decoder-wrappers.cc:286) Log-like per frame for utterance theo_7_6_9_0068 is -8.95226 over 120 frames.
theo_7_7_8_0033 eight 
LOG (gmm-latgen-faster[5.4.167~1-28e4e]:DecodeUtteranceLatticeFaster():decoder-wrappers.cc:286) Log-like per frame for utterance theo_7_7_8_0033 is -9.15919 over 109 frames.
theo_7_9_9_0034 
LOG (gmm-latgen-faster[5.4.167~1-28e4e]:DecodeUtteranceLatticeFaster():decoder-wrappers.cc:286) Log-like per frame for utterance theo_7_9_9_0034 is -9.27531 over 123 frames.
theo_8_2_3_0022 eight 
LOG (gmm-latgen-faster[5.4.167~1-28e4e]:DecodeUtteranceLatticeFaster():decoder-wrappers.cc:286) Log-like per frame for utterance theo_8_2_3_0022 is -8.86028 over 104 frames.
LOG (apply-cmvn[5.4.167~1-28e4e]:main():apply-cmvn.cc:162) Applied cepstral mean normalization to 100 utterances, errors on 0
theo_8_2_5_0046 eight 
LOG (gmm-latgen-faster[5.4.167~1-28e4e]:DecodeUtteranceLatticeFaster():decoder-wrappers.cc:286) Log-like per frame for utterance theo_8_2_5_0046 is -9.09201 over 99 frames.
theo_8_2_5_0085 eight two five 
LOG (gmm-latgen-faster[5.4.167~1-28e4e]:DecodeUtteranceLatticeFaster():decoder-wrappers.cc:286) Log-like per frame for utterance theo_8_2_5_0085 is -8.72174 over 90 frames.
theo_8_2_9_0019 two 
LOG (gmm-latgen-faster[5.4.167~1-28e4e]:DecodeUtteranceLatticeFaster():decoder-wrappers.cc:286) Log-like per frame for utterance theo_8_2_9_0019 is -8.71045 over 106 frames.
theo_8_4_6_0083 
LOG (gmm-latgen-faster[5.4.167~1-28e4e]:DecodeUtteranceLatticeFaster():decoder-wrappers.cc:286) Log-like per frame for utterance theo_8_4_6_0083 is -9.12855 over 106 frames.
theo_8_5_2_0084 eight 
LOG (gmm-latgen-faster[5.4.167~1-28e4e]:DecodeUtteranceLatticeFaster():decoder-wrappers.cc:286) Log-like per frame for utterance theo_8_5_2_0084 is -9.07274 over 114 frames.
theo_8_5_7_0030 five 
LOG (gmm-latgen-faster[5.4.167~1-28e4e]:DecodeUtteranceLatticeFaster():decoder-wrappers.cc:286) Log-like per frame for utterance theo_8_5_7_0030 is -8.66423 over 129 frames.
theo_8_6_9_0012 eight 
LOG (gmm-latgen-faster[5.4.167~1-28e4e]:DecodeUtteranceLatticeFaster():decoder-wrappers.cc:286) Log-like per frame for utterance theo_8_6_9_0012 is -8.97554 over 108 frames.
theo_8_9_1_0077 eight 
LOG (gmm-latgen-faster[5.4.167~1-28e4e]:DecodeUtteranceLatticeFaster():decoder-wrappers.cc:286) Log-like per frame for utterance theo_8_9_1_0077 is -9.51234 over 108 frames.
theo_9_1_1_0020 
LOG (gmm-latgen-faster[5.4.167~1-28e4e]:DecodeUtteranceLatticeFaster():decoder-wrappers.cc:286) Log-like per frame for utterance theo_9_1_1_0020 is -8.72086 over 92 frames.
theo_9_1_8_0003 
LOG (gmm-latgen-faster[5.4.167~1-28e4e]:DecodeUtteranceLatticeFaster():decoder-wrappers.cc:286) Log-like per frame for utterance theo_9_1_8_0003 is -8.70166 over 122 frames.
theo_9_4_6_0080 four 
LOG (gmm-latgen-faster[5.4.167~1-28e4e]:DecodeUtteranceLatticeFaster():decoder-wrappers.cc:286) Log-like per frame for utterance theo_9_4_6_0080 is -8.90329 over 142 frames.
theo_9_7_4_0059 six 
LOG (gmm-latgen-faster[5.4.167~1-28e4e]:DecodeUtteranceLatticeFaster():decoder-wrappers.cc:286) Log-like per frame for utterance theo_9_7_4_0059 is -8.16585 over 293 frames.
theo_9_7_9_0098 
LOG (gmm-latgen-faster[5.4.167~1-28e4e]:DecodeUtteranceLatticeFaster():decoder-wrappers.cc:286) Log-like per frame for utterance theo_9_7_9_0098 is -8.89414 over 162 frames.
theo_9_9_0_0010 nine 
LOG (gmm-latgen-faster[5.4.167~1-28e4e]:DecodeUtteranceLatticeFaster():decoder-wrappers.cc:286) Log-like per frame for utterance theo_9_9_0_0010 is -8.864 over 113 frames.
LOG (gmm-latgen-faster[5.4.167~1-28e4e]:main():gmm-latgen-faster.cc:176) Time taken 2.3758s: real-time factor assuming 100 frames/sec is 0.0206843
LOG (gmm-latgen-faster[5.4.167~1-28e4e]:main():gmm-latgen-faster.cc:179) Done 100 utterances, failed for 0
LOG (gmm-latgen-faster[5.4.167~1-28e4e]:main():gmm-latgen-faster.cc:181) Overall log-likelihood per frame is -9.03464 over 11486 frames.
# Accounting: time=3 threads=1
# Ended (code 0) at Tue Sep  4 16:04:19 CEST 2018, elapsed time 3 seconds
