# lattice-best-path --lm-scale=9 --word-symbol-table=exp/tri1/graph/words.txt "ark:gunzip -c exp/tri1/decode/lat.*.gz|" ark,t:exp/tri1/decode/scoring/9.tra 
# Started at Tue Sep  4 16:04:36 CEST 2018
#
lattice-best-path --lm-scale=9 --word-symbol-table=exp/tri1/graph/words.txt 'ark:gunzip -c exp/tri1/decode/lat.*.gz|' ark,t:exp/tri1/decode/scoring/9.tra 
LOG (lattice-best-path[5.4.167~1-28e4e]:main():lattice-best-path.cc:99) For utterance theo_0_0_1_0042, best cost 128.729 + 10686.2 = 10814.9 over 97 frames.
theo_0_0_1_0042 zero zero 
LOG (lattice-best-path[5.4.167~1-28e4e]:main():lattice-best-path.cc:99) For utterance theo_0_0_5_0016, best cost 170.284 + 12071 = 12241.3 over 118 frames.
theo_0_0_5_0016 zero zero five 
LOG (lattice-best-path[5.4.167~1-28e4e]:main():lattice-best-path.cc:99) For utterance theo_0_2_1_0004, best cost 164.672 + 13050.9 = 13215.6 over 122 frames.
theo_0_2_1_0004 zero two one 
LOG (lattice-best-path[5.4.167~1-28e4e]:main():lattice-best-path.cc:99) For utterance theo_0_3_0_0078, best cost 146.847 + 14561.2 = 14708 over 132 frames.
theo_0_3_0_0078 zero zero 
LOG (lattice-best-path[5.4.167~1-28e4e]:main():lattice-best-path.cc:99) For utterance theo_0_3_2_0062, best cost 150.422 + 10724.6 = 10875 over 96 frames.
theo_0_3_2_0062 zero three two 
LOG (lattice-best-path[5.4.167~1-28e4e]:main():lattice-best-path.cc:99) For utterance theo_0_4_5_0055, best cost 181.426 + 13246.1 = 13427.5 over 122 frames.
theo_0_4_5_0055 zero four five 
LOG (lattice-best-path[5.4.167~1-28e4e]:main():lattice-best-path.cc:99) For utterance theo_0_5_3_0050, best cost 142.961 + 11840 = 11983 over 111 frames.
theo_0_5_3_0050 zero five 
LOG (lattice-best-path[5.4.167~1-28e4e]:main():lattice-best-path.cc:99) For utterance theo_0_5_5_0071, best cost 175.686 + 12840.8 = 13016.4 over 117 frames.
theo_0_5_5_0071 zero five five 
LOG (lattice-best-path[5.4.167~1-28e4e]:main():lattice-best-path.cc:99) For utterance theo_0_5_9_0021, best cost 231.284 + 18561.2 = 18792.4 over 180 frames.
theo_0_5_9_0021 zero five six nine 
LOG (lattice-best-path[5.4.167~1-28e4e]:main():lattice-best-path.cc:99) For utterance theo_0_7_4_0070, best cost 162.679 + 9224.93 = 9387.61 over 84 frames.
theo_0_7_4_0070 zero seven four 
LOG (lattice-best-path[5.4.167~1-28e4e]:main():lattice-best-path.cc:99) For utterance theo_0_7_8_0031, best cost 175.952 + 11378.1 = 11554.1 over 104 frames.
theo_0_7_8_0031 zero seven eight 
LOG (lattice-best-path[5.4.167~1-28e4e]:main():lattice-best-path.cc:99) For utterance theo_1_1_1_0044, best cost 170.787 + 7973.76 = 8144.54 over 71 frames.
theo_1_1_1_0044 one one one 
LOG (lattice-best-path[5.4.167~1-28e4e]:main():lattice-best-path.cc:99) For utterance theo_1_1_5_0073, best cost 157.278 + 13265.6 = 13422.9 over 118 frames.
theo_1_1_5_0073 one five 
LOG (lattice-best-path[5.4.167~1-28e4e]:main():lattice-best-path.cc:99) For utterance theo_1_4_2_0005, best cost 159.758 + 9698.86 = 9858.62 over 88 frames.
theo_1_4_2_0005 one four two 
LOG (lattice-best-path[5.4.167~1-28e4e]:main():lattice-best-path.cc:99) For utterance theo_1_9_4_0056, best cost 180.16 + 10502.2 = 10682.4 over 94 frames.
theo_1_9_4_0056 one five four 
LOG (lattice-best-path[5.4.167~1-28e4e]:main():lattice-best-path.cc:99) For utterance theo_1_9_4_0093, best cost 181.16 + 11078.4 = 11259.6 over 105 frames.
theo_1_9_4_0093 one five four 
LOG (lattice-best-path[5.4.167~1-28e4e]:main():lattice-best-path.cc:99) For utterance theo_1_9_8_0053, best cost 181.026 + 10829.3 = 11010.3 over 101 frames.
theo_1_9_8_0053 one five eight 
LOG (lattice-best-path[5.4.167~1-28e4e]:main():lattice-best-path.cc:99) For utterance theo_2_2_6_0066, best cost 183.06 + 17168.6 = 17351.6 over 156 frames.
theo_2_2_6_0066 two zero eight 
LOG (lattice-best-path[5.4.167~1-28e4e]:main():lattice-best-path.cc:99) For utterance theo_2_3_3_0089, best cost 127.024 + 11074.3 = 11201.4 over 94 frames.
theo_2_3_3_0089 eight three 
LOG (lattice-best-path[5.4.167~1-28e4e]:main():lattice-best-path.cc:99) For utterance theo_2_3_5_0088, best cost 169.009 + 11193 = 11362 over 106 frames.
theo_2_3_5_0088 eight three five 
LOG (lattice-best-path[5.4.167~1-28e4e]:main():lattice-best-path.cc:99) For utterance theo_2_4_9_0025, best cost 185.634 + 15589 = 15774.7 over 138 frames.
theo_2_4_9_0025 two four five 
LOG (lattice-best-path[5.4.167~1-28e4e]:main():lattice-best-path.cc:99) For utterance theo_2_6_2_0002, best cost 137.545 + 16238 = 16375.6 over 150 frames.
theo_2_6_2_0002 two two 
LOG (lattice-best-path[5.4.167~1-28e4e]:main():lattice-best-path.cc:99) For utterance theo_2_7_0_0007, best cost 167.497 + 10676.6 = 10844.1 over 100 frames.
theo_2_7_0_0007 eight seven zero 
LOG (lattice-best-path[5.4.167~1-28e4e]:main():lattice-best-path.cc:99) For utterance theo_2_8_0_0096, best cost 128.665 + 9661.46 = 9790.12 over 89 frames.
theo_2_8_0_0096 eight zero 
LOG (lattice-best-path[5.4.167~1-28e4e]:main():lattice-best-path.cc:99) For utterance theo_2_9_5_0008, best cost 170.916 + 12983.1 = 13154 over 131 frames.
theo_2_9_5_0008 two five five 
LOG (lattice-best-path[5.4.167~1-28e4e]:main():lattice-best-path.cc:99) For utterance theo_3_1_3_0052, best cost 153.028 + 14210.3 = 14363.4 over 123 frames.
theo_3_1_3_0052 three five 
LOG (lattice-best-path[5.4.167~1-28e4e]:main():lattice-best-path.cc:99) For utterance theo_3_1_5_0037, best cost 215.686 + 13757.2 = 13972.9 over 128 frames.
theo_3_1_5_0037 three five one five 
LOG (lattice-best-path[5.4.167~1-28e4e]:main():lattice-best-path.cc:99) For utterance theo_3_2_5_0076, best cost 131.69 + 10095.1 = 10226.8 over 94 frames.
theo_3_2_5_0076 zero five 
LOG (lattice-best-path[5.4.167~1-28e4e]:main():lattice-best-path.cc:99) For utterance theo_3_2_8_0009, best cost 134.499 + 11662.4 = 11796.9 over 96 frames.
theo_3_2_8_0009 eight two 
LOG (lattice-best-path[5.4.167~1-28e4e]:main():lattice-best-path.cc:99) For utterance theo_3_3_2_0001, best cost 164.373 + 9314.36 = 9478.74 over 80 frames.
theo_3_3_2_0001 eight eight zero 
LOG (lattice-best-path[5.4.167~1-28e4e]:main():lattice-best-path.cc:99) For utterance theo_3_3_9_0011, best cost 152.825 + 16583.8 = 16736.6 over 141 frames.
theo_3_3_9_0011 eight three 
LOG (lattice-best-path[5.4.167~1-28e4e]:main():lattice-best-path.cc:99) For utterance theo_3_5_5_0061, best cost 177.245 + 13256.9 = 13434.2 over 117 frames.
theo_3_5_5_0061 three eight five 
LOG (lattice-best-path[5.4.167~1-28e4e]:main():lattice-best-path.cc:99) For utterance theo_3_7_6_0075, best cost 164.792 + 10872.2 = 11037 over 94 frames.
theo_3_7_6_0075 three seven eight 
LOG (lattice-best-path[5.4.167~1-28e4e]:main():lattice-best-path.cc:99) For utterance theo_3_7_7_0032, best cost 158.668 + 10120.8 = 10279.5 over 90 frames.
theo_3_7_7_0032 three seven seven 
LOG (lattice-best-path[5.4.167~1-28e4e]:main():lattice-best-path.cc:99) For utterance theo_3_8_3_0082, best cost 146.856 + 13996.1 = 14142.9 over 130 frames.
theo_3_8_3_0082 three eight 
LOG (lattice-best-path[5.4.167~1-28e4e]:main():lattice-best-path.cc:99) For utterance theo_3_9_0_0095, best cost 170.241 + 12779.6 = 12949.8 over 121 frames.
theo_3_9_0_0095 three five zero 
LOG (lattice-best-path[5.4.167~1-28e4e]:main():lattice-best-path.cc:99) For utterance theo_3_9_7_0023, best cost 143.175 + 12640.2 = 12783.4 over 111 frames.
theo_3_9_7_0023 three seven 
LOG (lattice-best-path[5.4.167~1-28e4e]:main():lattice-best-path.cc:99) For utterance theo_4_0_1_0051, best cost 190.974 + 14781.8 = 14972.8 over 129 frames.
theo_4_0_1_0051 four zero one 
LOG (lattice-best-path[5.4.167~1-28e4e]:main():lattice-best-path.cc:99) For utterance theo_4_1_5_0079, best cost 183.42 + 14284.3 = 14467.7 over 132 frames.
theo_4_1_5_0079 four one five 
LOG (lattice-best-path[5.4.167~1-28e4e]:main():lattice-best-path.cc:99) For utterance theo_4_1_7_0014, best cost 172.011 + 10787.9 = 10959.9 over 103 frames.
theo_4_1_7_0014 four one seven 
LOG (lattice-best-path[5.4.167~1-28e4e]:main():lattice-best-path.cc:99) For utterance theo_4_3_0_0015, best cost 136.689 + 12888.3 = 13024.9 over 106 frames.
theo_4_3_0_0015 four three 
LOG (lattice-best-path[5.4.167~1-28e4e]:main():lattice-best-path.cc:99) For utterance theo_4_5_6_0043, best cost 180.981 + 13007.1 = 13188.1 over 120 frames.
theo_4_5_6_0043 four five six 
LOG (lattice-best-path[5.4.167~1-28e4e]:main():lattice-best-path.cc:99) For utterance theo_4_6_2_0013, best cost 134.105 + 12279.6 = 12413.7 over 110 frames.
theo_4_6_2_0013 four two 
LOG (lattice-best-path[5.4.167~1-28e4e]:main():lattice-best-path.cc:99) For utterance theo_4_6_5_0049, best cost 138.636 + 12953.8 = 13092.5 over 121 frames.
theo_4_6_5_0049 four five 
LOG (lattice-best-path[5.4.167~1-28e4e]:main():lattice-best-path.cc:99) For utterance theo_5_0_4_0086, best cost 184.937 + 14755 = 14939.9 over 142 frames.
theo_5_0_4_0086 five zero four 
LOG (lattice-best-path[5.4.167~1-28e4e]:main():lattice-best-path.cc:99) For utterance theo_5_0_5_0091, best cost 166.414 + 9742.65 = 9909.07 over 92 frames.
theo_5_0_5_0091 five zero five 
LOG (lattice-best-path[5.4.167~1-28e4e]:main():lattice-best-path.cc:99) For utterance theo_5_1_2_0087, best cost 155.482 + 8398.31 = 8553.79 over 82 frames.
theo_5_1_2_0087 five one two 
LOG (lattice-best-path[5.4.167~1-28e4e]:main():lattice-best-path.cc:99) For utterance theo_5_1_3_0065, best cost 134.627 + 9658.26 = 9792.89 over 91 frames.
theo_5_1_3_0065 five one 
LOG (lattice-best-path[5.4.167~1-28e4e]:main():lattice-best-path.cc:99) For utterance theo_5_1_4_0026, best cost 194.49 + 17549.2 = 17743.7 over 158 frames.
theo_5_1_4_0026 five one four 
LOG (lattice-best-path[5.4.167~1-28e4e]:main():lattice-best-path.cc:99) For utterance theo_5_1_4_0092, best cost 144.049 + 12802.5 = 12946.5 over 109 frames.
theo_5_1_4_0092 eight four 
LOG (lattice-best-path[5.4.167~1-28e4e]:main():lattice-best-path.cc:99) For utterance theo_5_2_3_0006, best cost 123.556 + 9377.52 = 9501.08 over 82 frames.
theo_5_2_3_0006 five three 
LOG (lattice-best-path[5.4.167~1-28e4e]:main():lattice-best-path.cc:99) For utterance theo_5_2_6_0058, best cost 149.037 + 12550.6 = 12699.6 over 112 frames.
theo_5_2_6_0058 five six 
LOG (lattice-best-path[5.4.167~1-28e4e]:main():lattice-best-path.cc:99) For utterance theo_5_2_9_0060, best cost 181.874 + 12508.5 = 12690.4 over 126 frames.
theo_5_2_9_0060 five zero five 
LOG (lattice-best-path[5.4.167~1-28e4e]:main():lattice-best-path.cc:99) For utterance theo_5_3_3_0035, best cost 142.52 + 12911.7 = 13054.2 over 119 frames.
theo_5_3_3_0035 five three 
LOG (lattice-best-path[5.4.167~1-28e4e]:main():lattice-best-path.cc:99) For utterance theo_5_5_2_0018, best cost 156.638 + 11495.6 = 11652.2 over 101 frames.
theo_5_5_2_0018 five five two 
LOG (lattice-best-path[5.4.167~1-28e4e]:main():lattice-best-path.cc:99) For utterance theo_5_5_3_0064, best cost 159.356 + 10397.7 = 10557.1 over 97 frames.
theo_5_5_3_0064 five five three 
LOG (lattice-best-path[5.4.167~1-28e4e]:main():lattice-best-path.cc:99) For utterance theo_5_6_3_0057, best cost 173.742 + 12885.2 = 13058.9 over 119 frames.
theo_5_6_3_0057 five eight three 
LOG (lattice-best-path[5.4.167~1-28e4e]:main():lattice-best-path.cc:99) For utterance theo_5_6_7_0038, best cost 176.619 + 13947.1 = 14123.8 over 132 frames.
theo_5_6_7_0038 five two seven 
LOG (lattice-best-path[5.4.167~1-28e4e]:main():lattice-best-path.cc:99) For utterance theo_5_7_3_0097, best cost 128.063 + 9175.04 = 9303.1 over 86 frames.
theo_5_7_3_0097 five seven 
LOG (lattice-best-path[5.4.167~1-28e4e]:main():lattice-best-path.cc:99) For utterance theo_6_0_1_0094, best cost 186.716 + 14126.3 = 14313 over 130 frames.
theo_6_0_1_0094 two zero one 
LOG (lattice-best-path[5.4.167~1-28e4e]:main():lattice-best-path.cc:99) For utterance theo_6_0_2_0039, best cost 205.457 + 14551 = 14756.5 over 137 frames.
theo_6_0_2_0039 eight zero 
LOG (lattice-best-path[5.4.167~1-28e4e]:main():lattice-best-path.cc:99) For utterance theo_6_1_1_0047, best cost 153.119 + 14580.6 = 14733.7 over 130 frames.
theo_6_1_1_0047 one one 
LOG (lattice-best-path[5.4.167~1-28e4e]:main():lattice-best-path.cc:99) For utterance theo_6_1_9_0072, best cost 165.416 + 12093.2 = 12258.7 over 106 frames.
theo_6_1_9_0072 six one 
LOG (lattice-best-path[5.4.167~1-28e4e]:main():lattice-best-path.cc:99) For utterance theo_6_2_2_0040, best cost 92.3448 + 10842 = 10934.3 over 92 frames.
theo_6_2_2_0040 two 
LOG (lattice-best-path[5.4.167~1-28e4e]:main():lattice-best-path.cc:99) For utterance theo_6_3_3_0067, best cost 130.624 + 11916.9 = 12047.5 over 107 frames.
theo_6_3_3_0067 eight three 
LOG (lattice-best-path[5.4.167~1-28e4e]:main():lattice-best-path.cc:99) For utterance theo_6_3_9_0029, best cost 172.406 + 11378.6 = 11551 over 104 frames.
theo_6_3_9_0029 eight three nine 
LOG (lattice-best-path[5.4.167~1-28e4e]:main():lattice-best-path.cc:99) For utterance theo_6_4_4_0054, best cost 144.571 + 12436.6 = 12581.2 over 112 frames.
theo_6_4_4_0054 four four 
LOG (lattice-best-path[5.4.167~1-28e4e]:main():lattice-best-path.cc:99) For utterance theo_6_4_5_0090, best cost 140.756 + 11210.5 = 11351.3 over 103 frames.
theo_6_4_5_0090 four five 
LOG (lattice-best-path[5.4.167~1-28e4e]:main():lattice-best-path.cc:99) For utterance theo_6_4_9_0036, best cost 113.176 + 13133.7 = 13246.8 over 115 frames.
theo_6_4_9_0036 four 
LOG (lattice-best-path[5.4.167~1-28e4e]:main():lattice-best-path.cc:99) For utterance theo_6_6_0_0074, best cost 175.082 + 14997.7 = 15172.7 over 137 frames.
theo_6_6_0_0074 six six zero 
LOG (lattice-best-path[5.4.167~1-28e4e]:main():lattice-best-path.cc:99) For utterance theo_6_6_9_0048, best cost 177.433 + 12766.4 = 12943.8 over 115 frames.
theo_6_6_9_0048 six six five 
LOG (lattice-best-path[5.4.167~1-28e4e]:main():lattice-best-path.cc:99) For utterance theo_6_7_2_0000, best cost 143.04 + 12532.6 = 12675.7 over 109 frames.
theo_6_7_2_0000 two seven 
LOG (lattice-best-path[5.4.167~1-28e4e]:main():lattice-best-path.cc:99) For utterance theo_6_7_2_0081, best cost 184.252 + 14646 = 14830.3 over 132 frames.
theo_6_7_2_0081 six seven two 
LOG (lattice-best-path[5.4.167~1-28e4e]:main():lattice-best-path.cc:99) For utterance theo_6_7_7_0017, best cost 169.271 + 13061.4 = 13230.6 over 118 frames.
theo_6_7_7_0017 six seven seven 
LOG (lattice-best-path[5.4.167~1-28e4e]:main():lattice-best-path.cc:99) For utterance theo_6_9_3_0024, best cost 120.939 + 15815.3 = 15936.2 over 140 frames.
theo_6_9_3_0024 five 
LOG (lattice-best-path[5.4.167~1-28e4e]:main():lattice-best-path.cc:99) For utterance theo_7_1_0_0027, best cost 124.163 + 9689.82 = 9813.98 over 85 frames.
theo_7_1_0_0027 one zero 
LOG (lattice-best-path[5.4.167~1-28e4e]:main():lattice-best-path.cc:99) For utterance theo_7_1_1_0063, best cost 138.121 + 10350.1 = 10488.2 over 89 frames.
theo_7_1_1_0063 one one 
LOG (lattice-best-path[5.4.167~1-28e4e]:main():lattice-best-path.cc:99) For utterance theo_7_1_3_0045, best cost 130.03 + 9601.09 = 9731.12 over 90 frames.
theo_7_1_3_0045 seven three 
LOG (lattice-best-path[5.4.167~1-28e4e]:main():lattice-best-path.cc:99) For utterance theo_7_1_6_0099, best cost 221.468 + 14308.3 = 14529.8 over 134 frames.
theo_7_1_6_0099 six seven one six 
LOG (lattice-best-path[5.4.167~1-28e4e]:main():lattice-best-path.cc:99) For utterance theo_7_3_5_0041, best cost 148.015 + 12043.2 = 12191.3 over 113 frames.
theo_7_3_5_0041 seven five 
LOG (lattice-best-path[5.4.167~1-28e4e]:main():lattice-best-path.cc:99) For utterance theo_7_4_5_0028, best cost 214.837 + 12636.2 = 12851 over 118 frames.
theo_7_4_5_0028 eight seven four five 
LOG (lattice-best-path[5.4.167~1-28e4e]:main():lattice-best-path.cc:99) For utterance theo_7_5_3_0069, best cost 160.897 + 11510.9 = 11671.7 over 112 frames.
theo_7_5_3_0069 seven five three 
LOG (lattice-best-path[5.4.167~1-28e4e]:main():lattice-best-path.cc:99) For utterance theo_7_6_9_0068, best cost 144.62 + 13082.8 = 13227.5 over 120 frames.
theo_7_6_9_0068 seven five 
LOG (lattice-best-path[5.4.167~1-28e4e]:main():lattice-best-path.cc:99) For utterance theo_7_7_8_0033, best cost 176.632 + 11826.2 = 12002.8 over 109 frames.
theo_7_7_8_0033 seven seven eight 
LOG (lattice-best-path[5.4.167~1-28e4e]:main():lattice-best-path.cc:99) For utterance theo_7_9_9_0034, best cost 193.405 + 13943.9 = 14137.3 over 123 frames.
theo_7_9_9_0034 seven five five 
LOG (lattice-best-path[5.4.167~1-28e4e]:main():lattice-best-path.cc:99) For utterance theo_8_2_3_0022, best cost 165.615 + 10985.4 = 11151 over 104 frames.
theo_8_2_3_0022 eight zero three 
LOG (lattice-best-path[5.4.167~1-28e4e]:main():lattice-best-path.cc:99) For utterance theo_8_2_5_0046, best cost 134.391 + 10781.2 = 10915.6 over 99 frames.
theo_8_2_5_0046 eight five 
LOG (lattice-best-path[5.4.167~1-28e4e]:main():lattice-best-path.cc:99) For utterance theo_8_2_5_0085, best cost 153.521 + 9206.31 = 9359.83 over 90 frames.
theo_8_2_5_0085 eight two five 
LOG (lattice-best-path[5.4.167~1-28e4e]:main():lattice-best-path.cc:99) For utterance theo_8_2_9_0019, best cost 160.622 + 11025.3 = 11186 over 106 frames.
theo_8_2_9_0019 eight two nine 
LOG (lattice-best-path[5.4.167~1-28e4e]:main():lattice-best-path.cc:99) For utterance theo_8_4_6_0083, best cost 146.871 + 11664.5 = 11811.3 over 106 frames.
theo_8_4_6_0083 eight four 
LOG (lattice-best-path[5.4.167~1-28e4e]:main():lattice-best-path.cc:99) For utterance theo_8_5_2_0084, best cost 225.166 + 12871 = 13096.1 over 114 frames.
theo_8_5_2_0084 eight eight six two 
LOG (lattice-best-path[5.4.167~1-28e4e]:main():lattice-best-path.cc:99) For utterance theo_8_5_7_0030, best cost 167.311 + 13283.1 = 13450.5 over 129 frames.
theo_8_5_7_0030 eight five seven 
LOG (lattice-best-path[5.4.167~1-28e4e]:main():lattice-best-path.cc:99) For utterance theo_8_6_9_0012, best cost 133.85 + 11737.8 = 11871.7 over 108 frames.
theo_8_6_9_0012 eight five 
LOG (lattice-best-path[5.4.167~1-28e4e]:main():lattice-best-path.cc:99) For utterance theo_8_9_1_0077, best cost 139.112 + 12665.1 = 12804.2 over 108 frames.
theo_8_9_1_0077 eight nine 
LOG (lattice-best-path[5.4.167~1-28e4e]:main():lattice-best-path.cc:99) For utterance theo_9_1_1_0020, best cost 171.621 + 9477.04 = 9648.66 over 92 frames.
theo_9_1_1_0020 nine one one 
LOG (lattice-best-path[5.4.167~1-28e4e]:main():lattice-best-path.cc:99) For utterance theo_9_1_8_0003, best cost 180.118 + 12663.6 = 12843.7 over 122 frames.
theo_9_1_8_0003 five one eight 
LOG (lattice-best-path[5.4.167~1-28e4e]:main():lattice-best-path.cc:99) For utterance theo_9_4_6_0080, best cost 230.965 + 15232.7 = 15463.7 over 142 frames.
theo_9_4_6_0080 five six four two 
LOG (lattice-best-path[5.4.167~1-28e4e]:main():lattice-best-path.cc:99) For utterance theo_9_7_4_0059, best cost 242.013 + 28356.5 = 28598.5 over 293 frames.
theo_9_7_4_0059 five six seven four 
LOG (lattice-best-path[5.4.167~1-28e4e]:main():lattice-best-path.cc:99) For utterance theo_9_7_9_0098, best cost 194.998 + 17357.3 = 17552.3 over 162 frames.
theo_9_7_9_0098 seven seven five 
LOG (lattice-best-path[5.4.167~1-28e4e]:main():lattice-best-path.cc:99) For utterance theo_9_9_0_0010, best cost 169.149 + 11902.6 = 12071.7 over 113 frames.
theo_9_9_0_0010 five five zero 
LOG (lattice-best-path[5.4.167~1-28e4e]:main():lattice-best-path.cc:124) Overall cost per frame is 110.494 = 1.41859 [graph] + 109.075 [acoustic] over 11486 frames.
LOG (lattice-best-path[5.4.167~1-28e4e]:main():lattice-best-path.cc:128) Done 100 lattices, failed for 0
# Accounting: time=0 threads=1
# Ended (code 0) at Tue Sep  4 16:04:36 CEST 2018, elapsed time 0 seconds
