# lattice-best-path --lm-scale=12 --word-symbol-table=exp/tri1/graph/words.txt "ark:gunzip -c exp/tri1/decode/lat.*.gz|" ark,t:exp/tri1/decode/scoring/12.tra 
# Started at Thu Jun 21 12:54:43 CEST 2018
#
lattice-best-path --lm-scale=12 --word-symbol-table=exp/tri1/graph/words.txt 'ark:gunzip -c exp/tri1/decode/lat.*.gz|' ark,t:exp/tri1/decode/scoring/12.tra 
LOG (lattice-best-path[5.4.167~1-28e4e]:main():lattice-best-path.cc:99) For utterance theo_0_0_1_0042, best cost 236.904 + 11222.1 = 11459 over 97 frames.
theo_0_0_1_0042 zero four one 
LOG (lattice-best-path[5.4.167~1-28e4e]:main():lattice-best-path.cc:99) For utterance theo_0_0_5_0016, best cost 259.77 + 12534.8 = 12794.6 over 118 frames.
theo_0_0_5_0016 one zero five 
LOG (lattice-best-path[5.4.167~1-28e4e]:main():lattice-best-path.cc:99) For utterance theo_0_2_1_0004, best cost 223.799 + 13494.9 = 13718.7 over 122 frames.
theo_0_2_1_0004 zero two one 
LOG (lattice-best-path[5.4.167~1-28e4e]:main():lattice-best-path.cc:99) For utterance theo_0_3_0_0078, best cost 243.122 + 15284.1 = 15527.2 over 132 frames.
theo_0_3_0_0078 zero three zero 
LOG (lattice-best-path[5.4.167~1-28e4e]:main():lattice-best-path.cc:99) For utterance theo_0_3_2_0062, best cost 195.49 + 11166.2 = 11361.7 over 96 frames.
theo_0_3_2_0062 zero three 
LOG (lattice-best-path[5.4.167~1-28e4e]:main():lattice-best-path.cc:99) For utterance theo_0_4_5_0055, best cost 153.193 + 13520.3 = 13673.5 over 122 frames.
theo_0_4_5_0055 five 
LOG (lattice-best-path[5.4.167~1-28e4e]:main():lattice-best-path.cc:99) For utterance theo_0_5_3_0050, best cost 225.465 + 11828 = 12053.4 over 111 frames.
theo_0_5_3_0050 zero five three 
LOG (lattice-best-path[5.4.167~1-28e4e]:main():lattice-best-path.cc:99) For utterance theo_0_5_5_0071, best cost 196.541 + 13108.9 = 13305.4 over 117 frames.
theo_0_5_5_0071 five five 
LOG (lattice-best-path[5.4.167~1-28e4e]:main():lattice-best-path.cc:99) For utterance theo_0_5_9_0021, best cost 272.575 + 19034.6 = 19307.2 over 180 frames.
theo_0_5_9_0021 zero five seven 
LOG (lattice-best-path[5.4.167~1-28e4e]:main():lattice-best-path.cc:99) For utterance theo_0_7_4_0070, best cost 216.938 + 9668.58 = 9885.52 over 84 frames.
theo_0_7_4_0070 zero seven four 
LOG (lattice-best-path[5.4.167~1-28e4e]:main():lattice-best-path.cc:99) For utterance theo_0_7_8_0031, best cost 240.555 + 11632 = 11872.6 over 104 frames.
theo_0_7_8_0031 four seven eight 
LOG (lattice-best-path[5.4.167~1-28e4e]:main():lattice-best-path.cc:99) For utterance theo_1_1_1_0044, best cost 219.237 + 7929.26 = 8148.49 over 71 frames.
theo_1_1_1_0044 one one one 
LOG (lattice-best-path[5.4.167~1-28e4e]:main():lattice-best-path.cc:99) For utterance theo_1_1_5_0073, best cost 202.74 + 13551.4 = 13754.2 over 118 frames.
theo_1_1_5_0073 one five 
LOG (lattice-best-path[5.4.167~1-28e4e]:main():lattice-best-path.cc:99) For utterance theo_1_4_2_0005, best cost 220.404 + 9904.64 = 10125 over 88 frames.
theo_1_4_2_0005 one four two 
LOG (lattice-best-path[5.4.167~1-28e4e]:main():lattice-best-path.cc:99) For utterance theo_1_9_4_0056, best cost 234.945 + 10385.7 = 10620.7 over 94 frames.
theo_1_9_4_0056 one five four 
LOG (lattice-best-path[5.4.167~1-28e4e]:main():lattice-best-path.cc:99) For utterance theo_1_9_4_0093, best cost 233.933 + 11348.4 = 11582.3 over 105 frames.
theo_1_9_4_0093 one five four 
LOG (lattice-best-path[5.4.167~1-28e4e]:main():lattice-best-path.cc:99) For utterance theo_1_9_8_0053, best cost 235.006 + 10889 = 11124 over 101 frames.
theo_1_9_8_0053 one five eight 
LOG (lattice-best-path[5.4.167~1-28e4e]:main():lattice-best-path.cc:99) For utterance theo_2_2_6_0066, best cost 256.987 + 18142.9 = 18399.9 over 156 frames.
theo_2_2_6_0066 one two eight 
LOG (lattice-best-path[5.4.167~1-28e4e]:main():lattice-best-path.cc:99) For utterance theo_2_3_3_0089, best cost 188.796 + 12255.1 = 12443.9 over 94 frames.
theo_2_3_3_0089 eight three 
LOG (lattice-best-path[5.4.167~1-28e4e]:main():lattice-best-path.cc:99) For utterance theo_2_3_5_0088, best cost 235.007 + 11429.7 = 11664.7 over 106 frames.
theo_2_3_5_0088 two three five 
LOG (lattice-best-path[5.4.167~1-28e4e]:main():lattice-best-path.cc:99) For utterance theo_2_4_9_0025, best cost 256.577 + 16312 = 16568.6 over 138 frames.
theo_2_4_9_0025 two four seven 
LOG (lattice-best-path[5.4.167~1-28e4e]:main():lattice-best-path.cc:99) For utterance theo_2_6_2_0002, best cost 242.375 + 16482.4 = 16724.7 over 150 frames.
theo_2_6_2_0002 two eight two 
LOG (lattice-best-path[5.4.167~1-28e4e]:main():lattice-best-path.cc:99) For utterance theo_2_7_0_0007, best cost 191.25 + 11116.2 = 11307.5 over 100 frames.
theo_2_7_0_0007 seven zero 
LOG (lattice-best-path[5.4.167~1-28e4e]:main():lattice-best-path.cc:99) For utterance theo_2_8_0_0096, best cost 223.533 + 10101.3 = 10324.9 over 89 frames.
theo_2_8_0_0096 two eight zero 
LOG (lattice-best-path[5.4.167~1-28e4e]:main():lattice-best-path.cc:99) For utterance theo_2_9_5_0008, best cost 250.76 + 12926.6 = 13177.4 over 131 frames.
theo_2_9_5_0008 two five five 
LOG (lattice-best-path[5.4.167~1-28e4e]:main():lattice-best-path.cc:99) For utterance theo_3_1_3_0052, best cost 220.701 + 14655.3 = 14876 over 123 frames.
theo_3_1_3_0052 three five 
LOG (lattice-best-path[5.4.167~1-28e4e]:main():lattice-best-path.cc:99) For utterance theo_3_1_5_0037, best cost 251.068 + 13905.7 = 14156.8 over 128 frames.
theo_3_1_5_0037 three five five 
LOG (lattice-best-path[5.4.167~1-28e4e]:main():lattice-best-path.cc:99) For utterance theo_3_2_5_0076, best cost 232.392 + 10478.4 = 10710.8 over 94 frames.
theo_3_2_5_0076 eight one five 
LOG (lattice-best-path[5.4.167~1-28e4e]:main():lattice-best-path.cc:99) For utterance theo_3_2_8_0009, best cost 217.78 + 12200.9 = 12418.7 over 96 frames.
theo_3_2_8_0009 eight eight 
LOG (lattice-best-path[5.4.167~1-28e4e]:main():lattice-best-path.cc:99) For utterance theo_3_3_2_0001, best cost 222.338 + 9514.3 = 9736.64 over 80 frames.
theo_3_3_2_0001 eight eight two 
LOG (lattice-best-path[5.4.167~1-28e4e]:main():lattice-best-path.cc:99) For utterance theo_3_3_9_0011, best cost 314.703 + 18635.8 = 18950.5 over 141 frames.
theo_3_3_9_0011 eight three five one 
LOG (lattice-best-path[5.4.167~1-28e4e]:main():lattice-best-path.cc:99) For utterance theo_3_5_5_0061, best cost 232.284 + 13588.9 = 13821.2 over 117 frames.
theo_3_5_5_0061 three five five 
LOG (lattice-best-path[5.4.167~1-28e4e]:main():lattice-best-path.cc:99) For utterance theo_3_7_6_0075, best cost 223.046 + 11406.6 = 11629.6 over 94 frames.
theo_3_7_6_0075 three seven eight 
LOG (lattice-best-path[5.4.167~1-28e4e]:main():lattice-best-path.cc:99) For utterance theo_3_7_7_0032, best cost 180.599 + 10663.1 = 10843.7 over 90 frames.
theo_3_7_7_0032 seven seven 
LOG (lattice-best-path[5.4.167~1-28e4e]:main():lattice-best-path.cc:99) For utterance theo_3_8_3_0082, best cost 244.895 + 16074.1 = 16319 over 130 frames.
theo_3_8_3_0082 three eight eight 
LOG (lattice-best-path[5.4.167~1-28e4e]:main():lattice-best-path.cc:99) For utterance theo_3_9_0_0095, best cost 241.692 + 13123.8 = 13365.5 over 121 frames.
theo_3_9_0_0095 three five zero 
LOG (lattice-best-path[5.4.167~1-28e4e]:main():lattice-best-path.cc:99) For utterance theo_3_9_7_0023, best cost 240.743 + 13216.9 = 13457.6 over 111 frames.
theo_3_9_7_0023 three five seven 
LOG (lattice-best-path[5.4.167~1-28e4e]:main():lattice-best-path.cc:99) For utterance theo_4_0_1_0051, best cost 235.478 + 15450.3 = 15685.8 over 129 frames.
theo_4_0_1_0051 four zero one 
LOG (lattice-best-path[5.4.167~1-28e4e]:main():lattice-best-path.cc:99) For utterance theo_4_1_5_0079, best cost 252.696 + 14906.9 = 15159.6 over 132 frames.
theo_4_1_5_0079 four one five 
LOG (lattice-best-path[5.4.167~1-28e4e]:main():lattice-best-path.cc:99) For utterance theo_4_1_7_0014, best cost 220.607 + 11156.7 = 11377.3 over 103 frames.
theo_4_1_7_0014 four one seven 
LOG (lattice-best-path[5.4.167~1-28e4e]:main():lattice-best-path.cc:99) For utterance theo_4_3_0_0015, best cost 249.471 + 14114.3 = 14363.8 over 106 frames.
theo_4_3_0_0015 four eight zero 
LOG (lattice-best-path[5.4.167~1-28e4e]:main():lattice-best-path.cc:99) For utterance theo_4_5_6_0043, best cost 247.013 + 13294.8 = 13541.8 over 120 frames.
theo_4_5_6_0043 four five eight 
LOG (lattice-best-path[5.4.167~1-28e4e]:main():lattice-best-path.cc:99) For utterance theo_4_6_2_0013, best cost 226.228 + 12536 = 12762.2 over 110 frames.
theo_4_6_2_0013 four eight two 
LOG (lattice-best-path[5.4.167~1-28e4e]:main():lattice-best-path.cc:99) For utterance theo_4_6_5_0049, best cost 247.401 + 13218.6 = 13466 over 121 frames.
theo_4_6_5_0049 four eight five 
LOG (lattice-best-path[5.4.167~1-28e4e]:main():lattice-best-path.cc:99) For utterance theo_5_0_4_0086, best cost 237.063 + 15295.1 = 15532.1 over 142 frames.
theo_5_0_4_0086 five zero four 
LOG (lattice-best-path[5.4.167~1-28e4e]:main():lattice-best-path.cc:99) For utterance theo_5_0_5_0091, best cost 178.77 + 9825.56 = 10004.3 over 92 frames.
theo_5_0_5_0091 five five 
LOG (lattice-best-path[5.4.167~1-28e4e]:main():lattice-best-path.cc:99) For utterance theo_5_1_2_0087, best cost 216.158 + 8493.1 = 8709.26 over 82 frames.
theo_5_1_2_0087 five one two 
LOG (lattice-best-path[5.4.167~1-28e4e]:main():lattice-best-path.cc:99) For utterance theo_5_1_3_0065, best cost 227.78 + 9775.5 = 10003.3 over 91 frames.
theo_5_1_3_0065 five one three 
LOG (lattice-best-path[5.4.167~1-28e4e]:main():lattice-best-path.cc:99) For utterance theo_5_1_4_0026, best cost 271.083 + 17910.7 = 18181.8 over 158 frames.
theo_5_1_4_0026 five one four 
LOG (lattice-best-path[5.4.167~1-28e4e]:main():lattice-best-path.cc:99) For utterance theo_5_1_4_0092, best cost 237.178 + 13219.5 = 13456.7 over 109 frames.
theo_5_1_4_0092 five one four 
LOG (lattice-best-path[5.4.167~1-28e4e]:main():lattice-best-path.cc:99) For utterance theo_5_2_3_0006, best cost 190.104 + 9805.27 = 9995.38 over 82 frames.
theo_5_2_3_0006 five three 
LOG (lattice-best-path[5.4.167~1-28e4e]:main():lattice-best-path.cc:99) For utterance theo_5_2_6_0058, best cost 253.173 + 13130.5 = 13383.7 over 112 frames.
theo_5_2_6_0058 five one eight 
LOG (lattice-best-path[5.4.167~1-28e4e]:main():lattice-best-path.cc:99) For utterance theo_5_2_9_0060, best cost 252.677 + 12866.1 = 13118.8 over 126 frames.
theo_5_2_9_0060 five one five 
LOG (lattice-best-path[5.4.167~1-28e4e]:main():lattice-best-path.cc:99) For utterance theo_5_3_3_0035, best cost 250.001 + 14827.5 = 15077.5 over 119 frames.
theo_5_3_3_0035 five three eight 
LOG (lattice-best-path[5.4.167~1-28e4e]:main():lattice-best-path.cc:99) For utterance theo_5_5_2_0018, best cost 228.736 + 11641.5 = 11870.3 over 101 frames.
theo_5_5_2_0018 five five two 
LOG (lattice-best-path[5.4.167~1-28e4e]:main():lattice-best-path.cc:99) For utterance theo_5_5_3_0064, best cost 195.655 + 10661 = 10856.7 over 97 frames.
theo_5_5_3_0064 five five 
LOG (lattice-best-path[5.4.167~1-28e4e]:main():lattice-best-path.cc:99) For utterance theo_5_6_3_0057, best cost 231.397 + 13140.7 = 13372.1 over 119 frames.
theo_5_6_3_0057 five eight three 
LOG (lattice-best-path[5.4.167~1-28e4e]:main():lattice-best-path.cc:99) For utterance theo_5_6_7_0038, best cost 241.177 + 14332.6 = 14573.8 over 132 frames.
theo_5_6_7_0038 five eight seven 
LOG (lattice-best-path[5.4.167~1-28e4e]:main():lattice-best-path.cc:99) For utterance theo_5_7_3_0097, best cost 224.092 + 9404.4 = 9628.49 over 86 frames.
theo_5_7_3_0097 five seven eight 
LOG (lattice-best-path[5.4.167~1-28e4e]:main():lattice-best-path.cc:99) For utterance theo_6_0_1_0094, best cost 255.803 + 14272.1 = 14527.9 over 130 frames.
theo_6_0_1_0094 eight zero one 
LOG (lattice-best-path[5.4.167~1-28e4e]:main():lattice-best-path.cc:99) For utterance theo_6_0_2_0039, best cost 222.928 + 14916.3 = 15139.3 over 137 frames.
theo_6_0_2_0039 eight zero 
LOG (lattice-best-path[5.4.167~1-28e4e]:main():lattice-best-path.cc:99) For utterance theo_6_1_1_0047, best cost 259.713 + 14803.8 = 15063.6 over 130 frames.
theo_6_1_1_0047 eight one one 
LOG (lattice-best-path[5.4.167~1-28e4e]:main():lattice-best-path.cc:99) For utterance theo_6_1_9_0072, best cost 232.307 + 12484.8 = 12717.1 over 106 frames.
theo_6_1_9_0072 six one five 
LOG (lattice-best-path[5.4.167~1-28e4e]:main():lattice-best-path.cc:99) For utterance theo_6_2_2_0040, best cost 205.068 + 11029.3 = 11234.3 over 92 frames.
theo_6_2_2_0040 eight two 
LOG (lattice-best-path[5.4.167~1-28e4e]:main():lattice-best-path.cc:99) For utterance theo_6_3_3_0067, best cost 216.401 + 12243 = 12459.5 over 107 frames.
theo_6_3_3_0067 eight eight 
LOG (lattice-best-path[5.4.167~1-28e4e]:main():lattice-best-path.cc:99) For utterance theo_6_3_9_0029, best cost 231.93 + 11648.1 = 11880 over 104 frames.
theo_6_3_9_0029 eight three nine 
LOG (lattice-best-path[5.4.167~1-28e4e]:main():lattice-best-path.cc:99) For utterance theo_6_4_4_0054, best cost 198.296 + 12694 = 12892.3 over 112 frames.
theo_6_4_4_0054 four four 
LOG (lattice-best-path[5.4.167~1-28e4e]:main():lattice-best-path.cc:99) For utterance theo_6_4_5_0090, best cost 189.852 + 11242.4 = 11432.3 over 103 frames.
theo_6_4_5_0090 four five 
LOG (lattice-best-path[5.4.167~1-28e4e]:main():lattice-best-path.cc:99) For utterance theo_6_4_9_0036, best cost 202.985 + 13434.8 = 13637.7 over 115 frames.
theo_6_4_9_0036 four five 
LOG (lattice-best-path[5.4.167~1-28e4e]:main():lattice-best-path.cc:99) For utterance theo_6_6_0_0074, best cost 251.592 + 15212.9 = 15464.5 over 137 frames.
theo_6_6_0_0074 eight eight zero 
LOG (lattice-best-path[5.4.167~1-28e4e]:main():lattice-best-path.cc:99) For utterance theo_6_6_9_0048, best cost 246.325 + 12974.1 = 13220.4 over 115 frames.
theo_6_6_9_0048 eight eight five 
LOG (lattice-best-path[5.4.167~1-28e4e]:main():lattice-best-path.cc:99) For utterance theo_6_7_2_0000, best cost 230.659 + 13033 = 13263.7 over 109 frames.
theo_6_7_2_0000 eight seven two 
LOG (lattice-best-path[5.4.167~1-28e4e]:main():lattice-best-path.cc:99) For utterance theo_6_7_2_0081, best cost 264.055 + 15074.8 = 15338.9 over 132 frames.
theo_6_7_2_0081 eight seven two 
LOG (lattice-best-path[5.4.167~1-28e4e]:main():lattice-best-path.cc:99) For utterance theo_6_7_7_0017, best cost 228.142 + 13396.7 = 13624.9 over 118 frames.
theo_6_7_7_0017 eight seven seven 
LOG (lattice-best-path[5.4.167~1-28e4e]:main():lattice-best-path.cc:99) For utterance theo_6_9_3_0024, best cost 186.003 + 16758.6 = 16944.6 over 140 frames.
theo_6_9_3_0024 five 
LOG (lattice-best-path[5.4.167~1-28e4e]:main():lattice-best-path.cc:99) For utterance theo_7_1_0_0027, best cost 182.5 + 10119.7 = 10302.2 over 85 frames.
theo_7_1_0_0027 one zero 
LOG (lattice-best-path[5.4.167~1-28e4e]:main():lattice-best-path.cc:99) For utterance theo_7_1_1_0063, best cost 220.883 + 10834.7 = 11055.5 over 89 frames.
theo_7_1_1_0063 five one one 
LOG (lattice-best-path[5.4.167~1-28e4e]:main():lattice-best-path.cc:99) For utterance theo_7_1_3_0045, best cost 218.194 + 9943.64 = 10161.8 over 90 frames.
theo_7_1_3_0045 seven one three 
LOG (lattice-best-path[5.4.167~1-28e4e]:main():lattice-best-path.cc:99) For utterance theo_7_1_6_0099, best cost 248.705 + 14532.9 = 14781.6 over 134 frames.
theo_7_1_6_0099 seven one eight 
LOG (lattice-best-path[5.4.167~1-28e4e]:main():lattice-best-path.cc:99) For utterance theo_7_3_5_0041, best cost 224.322 + 12456.3 = 12680.6 over 113 frames.
theo_7_3_5_0041 seven three five 
LOG (lattice-best-path[5.4.167~1-28e4e]:main():lattice-best-path.cc:99) For utterance theo_7_4_5_0028, best cost 248.21 + 12919.9 = 13168.2 over 118 frames.
theo_7_4_5_0028 five four five 
LOG (lattice-best-path[5.4.167~1-28e4e]:main():lattice-best-path.cc:99) For utterance theo_7_5_3_0069, best cost 222.784 + 11900 = 12122.8 over 112 frames.
theo_7_5_3_0069 seven five three 
LOG (lattice-best-path[5.4.167~1-28e4e]:main():lattice-best-path.cc:99) For utterance theo_7_6_9_0068, best cost 250.977 + 13395.2 = 13646.2 over 120 frames.
theo_7_6_9_0068 five eight five 
LOG (lattice-best-path[5.4.167~1-28e4e]:main():lattice-best-path.cc:99) For utterance theo_7_7_8_0033, best cost 227.496 + 12205.3 = 12432.8 over 109 frames.
theo_7_7_8_0033 seven seven eight 
LOG (lattice-best-path[5.4.167~1-28e4e]:main():lattice-best-path.cc:99) For utterance theo_7_9_9_0034, best cost 250.458 + 14475.8 = 14726.3 over 123 frames.
theo_7_9_9_0034 seven five five 
LOG (lattice-best-path[5.4.167~1-28e4e]:main():lattice-best-path.cc:99) For utterance theo_8_2_3_0022, best cost 235.089 + 11421.2 = 11656.3 over 104 frames.
theo_8_2_3_0022 eight one three 
LOG (lattice-best-path[5.4.167~1-28e4e]:main():lattice-best-path.cc:99) For utterance theo_8_2_5_0046, best cost 202.979 + 10773.1 = 10976.1 over 99 frames.
theo_8_2_5_0046 eight five 
LOG (lattice-best-path[5.4.167~1-28e4e]:main():lattice-best-path.cc:99) For utterance theo_8_2_5_0085, best cost 216.708 + 9337.09 = 9553.8 over 90 frames.
theo_8_2_5_0085 eight two five 
LOG (lattice-best-path[5.4.167~1-28e4e]:main():lattice-best-path.cc:99) For utterance theo_8_2_9_0019, best cost 215.227 + 11049.1 = 11264.3 over 106 frames.
theo_8_2_9_0019 eight two five 
LOG (lattice-best-path[5.4.167~1-28e4e]:main():lattice-best-path.cc:99) For utterance theo_8_4_6_0083, best cost 241.013 + 11962.7 = 12203.7 over 106 frames.
theo_8_4_6_0083 eight four eight 
LOG (lattice-best-path[5.4.167~1-28e4e]:main():lattice-best-path.cc:99) For utterance theo_8_5_2_0084, best cost 209.873 + 13426.4 = 13636.2 over 114 frames.
theo_8_5_2_0084 eight five 
LOG (lattice-best-path[5.4.167~1-28e4e]:main():lattice-best-path.cc:99) For utterance theo_8_5_7_0030, best cost 251.675 + 13782.3 = 14034 over 129 frames.
theo_8_5_7_0030 eight five seven 
LOG (lattice-best-path[5.4.167~1-28e4e]:main():lattice-best-path.cc:99) For utterance theo_8_6_9_0012, best cost 242.945 + 11958.1 = 12201.1 over 108 frames.
theo_8_6_9_0012 eight eight nine 
LOG (lattice-best-path[5.4.167~1-28e4e]:main():lattice-best-path.cc:99) For utterance theo_8_9_1_0077, best cost 274.507 + 13330.4 = 13604.9 over 108 frames.
theo_8_9_1_0077 eight five one one 
LOG (lattice-best-path[5.4.167~1-28e4e]:main():lattice-best-path.cc:99) For utterance theo_9_1_1_0020, best cost 233.451 + 9569.49 = 9802.94 over 92 frames.
theo_9_1_1_0020 five one one 
LOG (lattice-best-path[5.4.167~1-28e4e]:main():lattice-best-path.cc:99) For utterance theo_9_1_8_0003, best cost 238.508 + 12766.2 = 13004.7 over 122 frames.
theo_9_1_8_0003 five one eight 
LOG (lattice-best-path[5.4.167~1-28e4e]:main():lattice-best-path.cc:99) For utterance theo_9_4_6_0080, best cost 265.709 + 15470.6 = 15736.3 over 142 frames.
theo_9_4_6_0080 five four eight 
LOG (lattice-best-path[5.4.167~1-28e4e]:main():lattice-best-path.cc:99) For utterance theo_9_7_4_0059, best cost 315.225 + 28942.3 = 29257.5 over 293 frames.
theo_9_7_4_0059 five seven four 
LOG (lattice-best-path[5.4.167~1-28e4e]:main():lattice-best-path.cc:99) For utterance theo_9_7_9_0098, best cost 279.856 + 17352.2 = 17632.1 over 162 frames.
theo_9_7_9_0098 five seven five 
LOG (lattice-best-path[5.4.167~1-28e4e]:main():lattice-best-path.cc:99) For utterance theo_9_9_0_0010, best cost 241.675 + 12226.4 = 12468.1 over 113 frames.
theo_9_9_0_0010 five five zero 
LOG (lattice-best-path[5.4.167~1-28e4e]:main():lattice-best-path.cc:124) Overall cost per frame is 114.599 = 2.01751 [graph] + 112.581 [acoustic] over 11486 frames.
LOG (lattice-best-path[5.4.167~1-28e4e]:main():lattice-best-path.cc:128) Done 100 lattices, failed for 0
# Accounting: time=0 threads=1
# Ended (code 0) at Thu Jun 21 12:54:43 CEST 2018, elapsed time 0 seconds
