# lattice-best-path --lm-scale=17 --word-symbol-table=exp/tri1/graph/words.txt "ark:gunzip -c exp/tri1/decode/lat.*.gz|" ark,t:exp/tri1/decode/scoring/17.tra 
# Started at Tue Sep  4 16:04:36 CEST 2018
#
lattice-best-path --lm-scale=17 --word-symbol-table=exp/tri1/graph/words.txt 'ark:gunzip -c exp/tri1/decode/lat.*.gz|' ark,t:exp/tri1/decode/scoring/17.tra 
LOG (lattice-best-path[5.4.167~1-28e4e]:main():lattice-best-path.cc:99) For utterance theo_0_0_1_0042, best cost 243.154 + 10686.2 = 10929.3 over 97 frames.
theo_0_0_1_0042 zero zero 
LOG (lattice-best-path[5.4.167~1-28e4e]:main():lattice-best-path.cc:99) For utterance theo_0_0_5_0016, best cost 321.647 + 12071 = 12392.7 over 118 frames.
theo_0_0_5_0016 zero zero five 
LOG (lattice-best-path[5.4.167~1-28e4e]:main():lattice-best-path.cc:99) For utterance theo_0_2_1_0004, best cost 311.046 + 13050.9 = 13361.9 over 122 frames.
theo_0_2_1_0004 zero two one 
LOG (lattice-best-path[5.4.167~1-28e4e]:main():lattice-best-path.cc:99) For utterance theo_0_3_0_0078, best cost 277.377 + 14561.2 = 14838.6 over 132 frames.
theo_0_3_0_0078 zero zero 
LOG (lattice-best-path[5.4.167~1-28e4e]:main():lattice-best-path.cc:99) For utterance theo_0_3_2_0062, best cost 284.13 + 10724.6 = 11008.7 over 96 frames.
theo_0_3_2_0062 zero three two 
LOG (lattice-best-path[5.4.167~1-28e4e]:main():lattice-best-path.cc:99) For utterance theo_0_4_5_0055, best cost 342.693 + 13246.1 = 13588.7 over 122 frames.
theo_0_4_5_0055 zero four five 
LOG (lattice-best-path[5.4.167~1-28e4e]:main():lattice-best-path.cc:99) For utterance theo_0_5_3_0050, best cost 270.038 + 11840 = 12110.1 over 111 frames.
theo_0_5_3_0050 zero five 
LOG (lattice-best-path[5.4.167~1-28e4e]:main():lattice-best-path.cc:99) For utterance theo_0_5_5_0071, best cost 331.851 + 12840.8 = 13172.6 over 117 frames.
theo_0_5_5_0071 zero five five 
LOG (lattice-best-path[5.4.167~1-28e4e]:main():lattice-best-path.cc:99) For utterance theo_0_5_9_0021, best cost 436.871 + 18561.2 = 18998 over 180 frames.
theo_0_5_9_0021 zero five six nine 
LOG (lattice-best-path[5.4.167~1-28e4e]:main():lattice-best-path.cc:99) For utterance theo_0_7_4_0070, best cost 307.283 + 9224.93 = 9532.21 over 84 frames.
theo_0_7_4_0070 zero seven four 
LOG (lattice-best-path[5.4.167~1-28e4e]:main():lattice-best-path.cc:99) For utterance theo_0_7_8_0031, best cost 332.353 + 11378.1 = 11710.5 over 104 frames.
theo_0_7_8_0031 zero seven eight 
LOG (lattice-best-path[5.4.167~1-28e4e]:main():lattice-best-path.cc:99) For utterance theo_1_1_1_0044, best cost 249.069 + 8040 = 8289.07 over 71 frames.
theo_1_1_1_0044 one one 
LOG (lattice-best-path[5.4.167~1-28e4e]:main():lattice-best-path.cc:99) For utterance theo_1_1_5_0073, best cost 297.082 + 13265.6 = 13562.7 over 118 frames.
theo_1_1_5_0073 one five 
LOG (lattice-best-path[5.4.167~1-28e4e]:main():lattice-best-path.cc:99) For utterance theo_1_4_2_0005, best cost 301.766 + 9698.86 = 10000.6 over 88 frames.
theo_1_4_2_0005 one four two 
LOG (lattice-best-path[5.4.167~1-28e4e]:main():lattice-best-path.cc:99) For utterance theo_1_9_4_0056, best cost 340.301 + 10502.2 = 10842.5 over 94 frames.
theo_1_9_4_0056 one five four 
LOG (lattice-best-path[5.4.167~1-28e4e]:main():lattice-best-path.cc:99) For utterance theo_1_9_4_0093, best cost 342.191 + 11078.4 = 11420.6 over 105 frames.
theo_1_9_4_0093 one five four 
LOG (lattice-best-path[5.4.167~1-28e4e]:main():lattice-best-path.cc:99) For utterance theo_1_9_8_0053, best cost 341.939 + 10829.3 = 11171.2 over 101 frames.
theo_1_9_8_0053 one five eight 
LOG (lattice-best-path[5.4.167~1-28e4e]:main():lattice-best-path.cc:99) For utterance theo_2_2_6_0066, best cost 229.975 + 17268.2 = 17498.2 over 156 frames.
theo_2_2_6_0066 zero 
LOG (lattice-best-path[5.4.167~1-28e4e]:main():lattice-best-path.cc:99) For utterance theo_2_3_3_0089, best cost 239.934 + 11074.3 = 11314.3 over 94 frames.
theo_2_3_3_0089 eight three 
LOG (lattice-best-path[5.4.167~1-28e4e]:main():lattice-best-path.cc:99) For utterance theo_2_3_5_0088, best cost 319.239 + 11193 = 11512.3 over 106 frames.
theo_2_3_5_0088 eight three five 
LOG (lattice-best-path[5.4.167~1-28e4e]:main():lattice-best-path.cc:99) For utterance theo_2_4_9_0025, best cost 350.642 + 15589 = 15939.7 over 138 frames.
theo_2_4_9_0025 two four five 
LOG (lattice-best-path[5.4.167~1-28e4e]:main():lattice-best-path.cc:99) For utterance theo_2_6_2_0002, best cost 259.807 + 16238 = 16497.8 over 150 frames.
theo_2_6_2_0002 two two 
LOG (lattice-best-path[5.4.167~1-28e4e]:main():lattice-best-path.cc:99) For utterance theo_2_7_0_0007, best cost 251.642 + 10739.7 = 10991.3 over 100 frames.
theo_2_7_0_0007 seven zero 
LOG (lattice-best-path[5.4.167~1-28e4e]:main():lattice-best-path.cc:99) For utterance theo_2_8_0_0096, best cost 243.033 + 9661.46 = 9904.49 over 89 frames.
theo_2_8_0_0096 eight zero 
LOG (lattice-best-path[5.4.167~1-28e4e]:main():lattice-best-path.cc:99) For utterance theo_2_9_5_0008, best cost 322.842 + 12983.1 = 13306 over 131 frames.
theo_2_9_5_0008 two five five 
LOG (lattice-best-path[5.4.167~1-28e4e]:main():lattice-best-path.cc:99) For utterance theo_3_1_3_0052, best cost 289.054 + 14210.3 = 14499.4 over 123 frames.
theo_3_1_3_0052 three five 
LOG (lattice-best-path[5.4.167~1-28e4e]:main():lattice-best-path.cc:99) For utterance theo_3_1_5_0037, best cost 343.64 + 13799.1 = 14142.8 over 128 frames.
theo_3_1_5_0037 three five five 
LOG (lattice-best-path[5.4.167~1-28e4e]:main():lattice-best-path.cc:99) For utterance theo_3_2_5_0076, best cost 248.748 + 10095.1 = 10343.8 over 94 frames.
theo_3_2_5_0076 zero five 
LOG (lattice-best-path[5.4.167~1-28e4e]:main():lattice-best-path.cc:99) For utterance theo_3_2_8_0009, best cost 192.905 + 11699.7 = 11892.6 over 96 frames.
theo_3_2_8_0009 two 
LOG (lattice-best-path[5.4.167~1-28e4e]:main():lattice-best-path.cc:99) For utterance theo_3_3_2_0001, best cost 254.266 + 9367.92 = 9622.18 over 80 frames.
theo_3_3_2_0001 eight two 
LOG (lattice-best-path[5.4.167~1-28e4e]:main():lattice-best-path.cc:99) For utterance theo_3_3_9_0011, best cost 223.707 + 16626.2 = 16849.9 over 141 frames.
theo_3_3_9_0011 three 
LOG (lattice-best-path[5.4.167~1-28e4e]:main():lattice-best-path.cc:99) For utterance theo_3_5_5_0061, best cost 334.797 + 13256.9 = 13591.7 over 117 frames.
theo_3_5_5_0061 three eight five 
LOG (lattice-best-path[5.4.167~1-28e4e]:main():lattice-best-path.cc:99) For utterance theo_3_7_6_0075, best cost 311.273 + 10872.2 = 11183.5 over 94 frames.
theo_3_7_6_0075 three seven eight 
LOG (lattice-best-path[5.4.167~1-28e4e]:main():lattice-best-path.cc:99) For utterance theo_3_7_7_0032, best cost 299.706 + 10120.8 = 10420.5 over 90 frames.
theo_3_7_7_0032 three seven seven 
LOG (lattice-best-path[5.4.167~1-28e4e]:main():lattice-best-path.cc:99) For utterance theo_3_8_3_0082, best cost 277.395 + 13996.1 = 14273.5 over 130 frames.
theo_3_8_3_0082 three eight 
LOG (lattice-best-path[5.4.167~1-28e4e]:main():lattice-best-path.cc:99) For utterance theo_3_9_0_0095, best cost 272.444 + 12811.4 = 13083.9 over 121 frames.
theo_3_9_0_0095 five zero 
LOG (lattice-best-path[5.4.167~1-28e4e]:main():lattice-best-path.cc:99) For utterance theo_3_9_7_0023, best cost 270.442 + 12640.2 = 12910.7 over 111 frames.
theo_3_9_7_0023 three seven 
LOG (lattice-best-path[5.4.167~1-28e4e]:main():lattice-best-path.cc:99) For utterance theo_4_0_1_0051, best cost 360.728 + 14781.8 = 15142.6 over 129 frames.
theo_4_0_1_0051 four zero one 
LOG (lattice-best-path[5.4.167~1-28e4e]:main():lattice-best-path.cc:99) For utterance theo_4_1_5_0079, best cost 346.459 + 14284.3 = 14630.7 over 132 frames.
theo_4_1_5_0079 four one five 
LOG (lattice-best-path[5.4.167~1-28e4e]:main():lattice-best-path.cc:99) For utterance theo_4_1_7_0014, best cost 324.91 + 10787.9 = 11112.8 over 103 frames.
theo_4_1_7_0014 four one seven 
LOG (lattice-best-path[5.4.167~1-28e4e]:main():lattice-best-path.cc:99) For utterance theo_4_3_0_0015, best cost 258.19 + 12888.3 = 13146.5 over 106 frames.
theo_4_3_0_0015 four three 
LOG (lattice-best-path[5.4.167~1-28e4e]:main():lattice-best-path.cc:99) For utterance theo_4_5_6_0043, best cost 341.853 + 13007.1 = 13349 over 120 frames.
theo_4_5_6_0043 four five six 
LOG (lattice-best-path[5.4.167~1-28e4e]:main():lattice-best-path.cc:99) For utterance theo_4_6_2_0013, best cost 183.461 + 12345.1 = 12528.6 over 110 frames.
theo_4_6_2_0013 four 
LOG (lattice-best-path[5.4.167~1-28e4e]:main():lattice-best-path.cc:99) For utterance theo_4_6_5_0049, best cost 261.868 + 12953.8 = 13215.7 over 121 frames.
theo_4_6_5_0049 four five 
LOG (lattice-best-path[5.4.167~1-28e4e]:main():lattice-best-path.cc:99) For utterance theo_5_0_4_0086, best cost 349.326 + 14755 = 15104.3 over 142 frames.
theo_5_0_4_0086 five zero four 
LOG (lattice-best-path[5.4.167~1-28e4e]:main():lattice-best-path.cc:99) For utterance theo_5_0_5_0091, best cost 314.337 + 9742.65 = 10057 over 92 frames.
theo_5_0_5_0091 five zero five 
LOG (lattice-best-path[5.4.167~1-28e4e]:main():lattice-best-path.cc:99) For utterance theo_5_1_2_0087, best cost 293.689 + 8398.31 = 8692 over 82 frames.
theo_5_1_2_0087 five one two 
LOG (lattice-best-path[5.4.167~1-28e4e]:main():lattice-best-path.cc:99) For utterance theo_5_1_3_0065, best cost 254.295 + 9658.26 = 9912.56 over 91 frames.
theo_5_1_3_0065 five one 
LOG (lattice-best-path[5.4.167~1-28e4e]:main():lattice-best-path.cc:99) For utterance theo_5_1_4_0026, best cost 367.369 + 17549.2 = 17916.6 over 158 frames.
theo_5_1_4_0026 five one four 
LOG (lattice-best-path[5.4.167~1-28e4e]:main():lattice-best-path.cc:99) For utterance theo_5_1_4_0092, best cost 272.093 + 12802.5 = 13074.5 over 109 frames.
theo_5_1_4_0092 eight four 
LOG (lattice-best-path[5.4.167~1-28e4e]:main():lattice-best-path.cc:99) For utterance theo_5_2_3_0006, best cost 233.384 + 9377.52 = 9610.9 over 82 frames.
theo_5_2_3_0006 five three 
LOG (lattice-best-path[5.4.167~1-28e4e]:main():lattice-best-path.cc:99) For utterance theo_5_2_6_0058, best cost 281.514 + 12550.6 = 12832.1 over 112 frames.
theo_5_2_6_0058 five six 
LOG (lattice-best-path[5.4.167~1-28e4e]:main():lattice-best-path.cc:99) For utterance theo_5_2_9_0060, best cost 343.54 + 12508.5 = 12852.1 over 126 frames.
theo_5_2_9_0060 five zero five 
LOG (lattice-best-path[5.4.167~1-28e4e]:main():lattice-best-path.cc:99) For utterance theo_5_3_3_0035, best cost 269.205 + 12911.7 = 13180.9 over 119 frames.
theo_5_3_3_0035 five three 
LOG (lattice-best-path[5.4.167~1-28e4e]:main():lattice-best-path.cc:99) For utterance theo_5_5_2_0018, best cost 295.873 + 11495.6 = 11791.4 over 101 frames.
theo_5_5_2_0018 five five two 
LOG (lattice-best-path[5.4.167~1-28e4e]:main():lattice-best-path.cc:99) For utterance theo_5_5_3_0064, best cost 248.574 + 10431.8 = 10680.4 over 97 frames.
theo_5_5_3_0064 five five 
LOG (lattice-best-path[5.4.167~1-28e4e]:main():lattice-best-path.cc:99) For utterance theo_5_6_3_0057, best cost 328.179 + 12885.2 = 13213.3 over 119 frames.
theo_5_6_3_0057 five eight three 
LOG (lattice-best-path[5.4.167~1-28e4e]:main():lattice-best-path.cc:99) For utterance theo_5_6_7_0038, best cost 333.614 + 13947.1 = 14280.8 over 132 frames.
theo_5_6_7_0038 five two seven 
LOG (lattice-best-path[5.4.167~1-28e4e]:main():lattice-best-path.cc:99) For utterance theo_5_7_3_0097, best cost 241.897 + 9175.04 = 9416.93 over 86 frames.
theo_5_7_3_0097 five seven 
LOG (lattice-best-path[5.4.167~1-28e4e]:main():lattice-best-path.cc:99) For utterance theo_6_0_1_0094, best cost 280.205 + 14165.5 = 14445.7 over 130 frames.
theo_6_0_1_0094 zero one 
LOG (lattice-best-path[5.4.167~1-28e4e]:main():lattice-best-path.cc:99) For utterance theo_6_0_2_0039, best cost 388.085 + 14551 = 14939.1 over 137 frames.
theo_6_0_2_0039 eight zero 
LOG (lattice-best-path[5.4.167~1-28e4e]:main():lattice-best-path.cc:99) For utterance theo_6_1_1_0047, best cost 289.225 + 14580.6 = 14869.8 over 130 frames.
theo_6_1_1_0047 one one 
LOG (lattice-best-path[5.4.167~1-28e4e]:main():lattice-best-path.cc:99) For utterance theo_6_1_9_0072, best cost 204.874 + 12177.2 = 12382 over 106 frames.
theo_6_1_9_0072 one 
LOG (lattice-best-path[5.4.167~1-28e4e]:main():lattice-best-path.cc:99) For utterance theo_6_2_2_0040, best cost 174.429 + 10842 = 11016.4 over 92 frames.
theo_6_2_2_0040 two 
LOG (lattice-best-path[5.4.167~1-28e4e]:main():lattice-best-path.cc:99) For utterance theo_6_3_3_0067, best cost 246.734 + 11916.9 = 12163.6 over 107 frames.
theo_6_3_3_0067 eight three 
LOG (lattice-best-path[5.4.167~1-28e4e]:main():lattice-best-path.cc:99) For utterance theo_6_3_9_0029, best cost 325.655 + 11378.6 = 11704.3 over 104 frames.
theo_6_3_9_0029 eight three nine 
LOG (lattice-best-path[5.4.167~1-28e4e]:main():lattice-best-path.cc:99) For utterance theo_6_4_4_0054, best cost 273.079 + 12436.6 = 12709.7 over 112 frames.
theo_6_4_4_0054 four four 
LOG (lattice-best-path[5.4.167~1-28e4e]:main():lattice-best-path.cc:99) For utterance theo_6_4_5_0090, best cost 265.872 + 11210.5 = 11476.4 over 103 frames.
theo_6_4_5_0090 four five 
LOG (lattice-best-path[5.4.167~1-28e4e]:main():lattice-best-path.cc:99) For utterance theo_6_4_9_0036, best cost 213.777 + 13133.7 = 13347.4 over 115 frames.
theo_6_4_9_0036 four 
LOG (lattice-best-path[5.4.167~1-28e4e]:main():lattice-best-path.cc:99) For utterance theo_6_6_0_0074, best cost 330.711 + 14997.7 = 15328.4 over 137 frames.
theo_6_6_0_0074 six six zero 
LOG (lattice-best-path[5.4.167~1-28e4e]:main():lattice-best-path.cc:99) For utterance theo_6_6_9_0048, best cost 266.745 + 12816.7 = 13083.4 over 115 frames.
theo_6_6_9_0048 six five 
LOG (lattice-best-path[5.4.167~1-28e4e]:main():lattice-best-path.cc:99) For utterance theo_6_7_2_0000, best cost 214.299 + 12569.8 = 12784 over 109 frames.
theo_6_7_2_0000 seven 
LOG (lattice-best-path[5.4.167~1-28e4e]:main():lattice-best-path.cc:99) For utterance theo_6_7_2_0081, best cost 348.032 + 14646 = 14994 over 132 frames.
theo_6_7_2_0081 six seven two 
LOG (lattice-best-path[5.4.167~1-28e4e]:main():lattice-best-path.cc:99) For utterance theo_6_7_7_0017, best cost 319.733 + 13061.4 = 13381.1 over 118 frames.
theo_6_7_7_0017 six seven seven 
LOG (lattice-best-path[5.4.167~1-28e4e]:main():lattice-best-path.cc:99) For utterance theo_6_9_3_0024, best cost 228.44 + 15815.3 = 16043.7 over 140 frames.
theo_6_9_3_0024 five 
LOG (lattice-best-path[5.4.167~1-28e4e]:main():lattice-best-path.cc:99) For utterance theo_7_1_0_0027, best cost 234.529 + 9689.82 = 9924.35 over 85 frames.
theo_7_1_0_0027 one zero 
LOG (lattice-best-path[5.4.167~1-28e4e]:main():lattice-best-path.cc:99) For utterance theo_7_1_1_0063, best cost 260.896 + 10350.1 = 10611 over 89 frames.
theo_7_1_1_0063 one one 
LOG (lattice-best-path[5.4.167~1-28e4e]:main():lattice-best-path.cc:99) For utterance theo_7_1_3_0045, best cost 245.613 + 9601.09 = 9846.7 over 90 frames.
theo_7_1_3_0045 seven three 
LOG (lattice-best-path[5.4.167~1-28e4e]:main():lattice-best-path.cc:99) For utterance theo_7_1_6_0099, best cost 275.89 + 14434.5 = 14710.4 over 134 frames.
theo_7_1_6_0099 one six 
LOG (lattice-best-path[5.4.167~1-28e4e]:main():lattice-best-path.cc:99) For utterance theo_7_3_5_0041, best cost 279.584 + 12043.2 = 12322.8 over 113 frames.
theo_7_3_5_0041 seven five 
LOG (lattice-best-path[5.4.167~1-28e4e]:main():lattice-best-path.cc:99) For utterance theo_7_4_5_0028, best cost 352.264 + 12665.3 = 13017.5 over 118 frames.
theo_7_4_5_0028 seven four five 
LOG (lattice-best-path[5.4.167~1-28e4e]:main():lattice-best-path.cc:99) For utterance theo_7_5_3_0069, best cost 303.916 + 11510.9 = 11814.8 over 112 frames.
theo_7_5_3_0069 seven five three 
LOG (lattice-best-path[5.4.167~1-28e4e]:main():lattice-best-path.cc:99) For utterance theo_7_6_9_0068, best cost 273.171 + 13082.8 = 13356 over 120 frames.
theo_7_6_9_0068 seven five 
LOG (lattice-best-path[5.4.167~1-28e4e]:main():lattice-best-path.cc:99) For utterance theo_7_7_8_0033, best cost 333.638 + 11826.2 = 12159.8 over 109 frames.
theo_7_7_8_0033 seven seven eight 
LOG (lattice-best-path[5.4.167~1-28e4e]:main():lattice-best-path.cc:99) For utterance theo_7_9_9_0034, best cost 286.889 + 14002.4 = 14289.2 over 123 frames.
theo_7_9_9_0034 seven five 
LOG (lattice-best-path[5.4.167~1-28e4e]:main():lattice-best-path.cc:99) For utterance theo_8_2_3_0022, best cost 312.829 + 10985.4 = 11298.2 over 104 frames.
theo_8_2_3_0022 eight zero three 
LOG (lattice-best-path[5.4.167~1-28e4e]:main():lattice-best-path.cc:99) For utterance theo_8_2_5_0046, best cost 253.85 + 10781.2 = 11035 over 99 frames.
theo_8_2_5_0046 eight five 
LOG (lattice-best-path[5.4.167~1-28e4e]:main():lattice-best-path.cc:99) For utterance theo_8_2_5_0085, best cost 289.983 + 9206.31 = 9496.29 over 90 frames.
theo_8_2_5_0085 eight two five 
LOG (lattice-best-path[5.4.167~1-28e4e]:main():lattice-best-path.cc:99) For utterance theo_8_2_9_0019, best cost 303.398 + 11025.3 = 11328.7 over 106 frames.
theo_8_2_9_0019 eight two nine 
LOG (lattice-best-path[5.4.167~1-28e4e]:main():lattice-best-path.cc:99) For utterance theo_8_4_6_0083, best cost 277.423 + 11664.5 = 11941.9 over 106 frames.
theo_8_4_6_0083 eight four 
LOG (lattice-best-path[5.4.167~1-28e4e]:main():lattice-best-path.cc:99) For utterance theo_8_5_2_0084, best cost 330.598 + 12957.1 = 13287.7 over 114 frames.
theo_8_5_2_0084 eight eight two 
LOG (lattice-best-path[5.4.167~1-28e4e]:main():lattice-best-path.cc:99) For utterance theo_8_5_7_0030, best cost 316.031 + 13283.1 = 13599.2 over 129 frames.
theo_8_5_7_0030 eight five seven 
LOG (lattice-best-path[5.4.167~1-28e4e]:main():lattice-best-path.cc:99) For utterance theo_8_6_9_0012, best cost 252.827 + 11737.8 = 11990.7 over 108 frames.
theo_8_6_9_0012 eight five 
LOG (lattice-best-path[5.4.167~1-28e4e]:main():lattice-best-path.cc:99) For utterance theo_8_9_1_0077, best cost 262.766 + 12665.1 = 12927.9 over 108 frames.
theo_8_9_1_0077 eight nine 
LOG (lattice-best-path[5.4.167~1-28e4e]:main():lattice-best-path.cc:99) For utterance theo_9_1_1_0020, best cost 324.172 + 9477.04 = 9801.21 over 92 frames.
theo_9_1_1_0020 nine one one 
LOG (lattice-best-path[5.4.167~1-28e4e]:main():lattice-best-path.cc:99) For utterance theo_9_1_8_0003, best cost 340.224 + 12663.6 = 13003.8 over 122 frames.
theo_9_1_8_0003 five one eight 
LOG (lattice-best-path[5.4.167~1-28e4e]:main():lattice-best-path.cc:99) For utterance theo_9_4_6_0080, best cost 436.267 + 15232.7 = 15669 over 142 frames.
theo_9_4_6_0080 five six four two 
LOG (lattice-best-path[5.4.167~1-28e4e]:main():lattice-best-path.cc:99) For utterance theo_9_7_4_0059, best cost 457.135 + 28356.5 = 28813.6 over 293 frames.
theo_9_7_4_0059 five six seven four 
LOG (lattice-best-path[5.4.167~1-28e4e]:main():lattice-best-path.cc:99) For utterance theo_9_7_9_0098, best cost 368.329 + 17357.3 = 17725.6 over 162 frames.
theo_9_7_9_0098 seven seven five 
LOG (lattice-best-path[5.4.167~1-28e4e]:main():lattice-best-path.cc:99) For utterance theo_9_9_0_0010, best cost 319.504 + 11902.6 = 12222.1 over 113 frames.
theo_9_9_0_0010 five five zero 
LOG (lattice-best-path[5.4.167~1-28e4e]:main():lattice-best-path.cc:124) Overall cost per frame is 111.728 = 2.56245 [graph] + 109.166 [acoustic] over 11486 frames.
LOG (lattice-best-path[5.4.167~1-28e4e]:main():lattice-best-path.cc:128) Done 100 lattices, failed for 0
# Accounting: time=0 threads=1
# Ended (code 0) at Tue Sep  4 16:04:36 CEST 2018, elapsed time 0 seconds
