# lattice-best-path --lm-scale=15 --word-symbol-table=exp/tri1/graph/words.txt "ark:gunzip -c exp/tri1/decode/lat.*.gz|" ark,t:exp/tri1/decode/scoring/15.tra 
# Started at Tue Sep  4 16:04:36 CEST 2018
#
lattice-best-path --lm-scale=15 --word-symbol-table=exp/tri1/graph/words.txt 'ark:gunzip -c exp/tri1/decode/lat.*.gz|' ark,t:exp/tri1/decode/scoring/15.tra 
LOG (lattice-best-path[5.4.167~1-28e4e]:main():lattice-best-path.cc:99) For utterance theo_0_0_1_0042, best cost 214.548 + 10686.2 = 10900.7 over 97 frames.
theo_0_0_1_0042 zero zero 
LOG (lattice-best-path[5.4.167~1-28e4e]:main():lattice-best-path.cc:99) For utterance theo_0_0_5_0016, best cost 283.806 + 12071 = 12354.8 over 118 frames.
theo_0_0_5_0016 zero zero five 
LOG (lattice-best-path[5.4.167~1-28e4e]:main():lattice-best-path.cc:99) For utterance theo_0_2_1_0004, best cost 274.453 + 13050.9 = 13325.3 over 122 frames.
theo_0_2_1_0004 zero two one 
LOG (lattice-best-path[5.4.167~1-28e4e]:main():lattice-best-path.cc:99) For utterance theo_0_3_0_0078, best cost 244.745 + 14561.2 = 14805.9 over 132 frames.
theo_0_3_0_0078 zero zero 
LOG (lattice-best-path[5.4.167~1-28e4e]:main():lattice-best-path.cc:99) For utterance theo_0_3_2_0062, best cost 250.703 + 10724.6 = 10975.3 over 96 frames.
theo_0_3_2_0062 zero three two 
LOG (lattice-best-path[5.4.167~1-28e4e]:main():lattice-best-path.cc:99) For utterance theo_0_4_5_0055, best cost 302.376 + 13246.1 = 13548.4 over 122 frames.
theo_0_4_5_0055 zero four five 
LOG (lattice-best-path[5.4.167~1-28e4e]:main():lattice-best-path.cc:99) For utterance theo_0_5_3_0050, best cost 238.268 + 11840 = 12078.3 over 111 frames.
theo_0_5_3_0050 zero five 
LOG (lattice-best-path[5.4.167~1-28e4e]:main():lattice-best-path.cc:99) For utterance theo_0_5_5_0071, best cost 292.81 + 12840.8 = 13133.6 over 117 frames.
theo_0_5_5_0071 zero five five 
LOG (lattice-best-path[5.4.167~1-28e4e]:main():lattice-best-path.cc:99) For utterance theo_0_5_9_0021, best cost 385.474 + 18561.2 = 18946.6 over 180 frames.
theo_0_5_9_0021 zero five six nine 
LOG (lattice-best-path[5.4.167~1-28e4e]:main():lattice-best-path.cc:99) For utterance theo_0_7_4_0070, best cost 271.132 + 9224.93 = 9496.06 over 84 frames.
theo_0_7_4_0070 zero seven four 
LOG (lattice-best-path[5.4.167~1-28e4e]:main():lattice-best-path.cc:99) For utterance theo_0_7_8_0031, best cost 293.253 + 11378.1 = 11671.4 over 104 frames.
theo_0_7_8_0031 zero seven eight 
LOG (lattice-best-path[5.4.167~1-28e4e]:main():lattice-best-path.cc:99) For utterance theo_1_1_1_0044, best cost 284.645 + 7973.76 = 8258.4 over 71 frames.
theo_1_1_1_0044 one one one 
LOG (lattice-best-path[5.4.167~1-28e4e]:main():lattice-best-path.cc:99) For utterance theo_1_1_5_0073, best cost 262.131 + 13265.6 = 13527.7 over 118 frames.
theo_1_1_5_0073 one five 
LOG (lattice-best-path[5.4.167~1-28e4e]:main():lattice-best-path.cc:99) For utterance theo_1_4_2_0005, best cost 266.264 + 9698.86 = 9965.13 over 88 frames.
theo_1_4_2_0005 one four two 
LOG (lattice-best-path[5.4.167~1-28e4e]:main():lattice-best-path.cc:99) For utterance theo_1_9_4_0056, best cost 300.266 + 10502.2 = 10802.5 over 94 frames.
theo_1_9_4_0056 one five four 
LOG (lattice-best-path[5.4.167~1-28e4e]:main():lattice-best-path.cc:99) For utterance theo_1_9_4_0093, best cost 301.933 + 11078.4 = 11380.4 over 105 frames.
theo_1_9_4_0093 one five four 
LOG (lattice-best-path[5.4.167~1-28e4e]:main():lattice-best-path.cc:99) For utterance theo_1_9_8_0053, best cost 301.711 + 10829.3 = 11131 over 101 frames.
theo_1_9_8_0053 one five eight 
LOG (lattice-best-path[5.4.167~1-28e4e]:main():lattice-best-path.cc:99) For utterance theo_2_2_6_0066, best cost 251.358 + 17215.8 = 17467.2 over 156 frames.
theo_2_2_6_0066 two zero 
LOG (lattice-best-path[5.4.167~1-28e4e]:main():lattice-best-path.cc:99) For utterance theo_2_3_3_0089, best cost 211.707 + 11074.3 = 11286 over 94 frames.
theo_2_3_3_0089 eight three 
LOG (lattice-best-path[5.4.167~1-28e4e]:main():lattice-best-path.cc:99) For utterance theo_2_3_5_0088, best cost 281.682 + 11193 = 11474.7 over 106 frames.
theo_2_3_5_0088 eight three five 
LOG (lattice-best-path[5.4.167~1-28e4e]:main():lattice-best-path.cc:99) For utterance theo_2_4_9_0025, best cost 309.39 + 15589 = 15898.4 over 138 frames.
theo_2_4_9_0025 two four five 
LOG (lattice-best-path[5.4.167~1-28e4e]:main():lattice-best-path.cc:99) For utterance theo_2_6_2_0002, best cost 229.242 + 16238 = 16467.3 over 150 frames.
theo_2_6_2_0002 two two 
LOG (lattice-best-path[5.4.167~1-28e4e]:main():lattice-best-path.cc:99) For utterance theo_2_7_0_0007, best cost 279.161 + 10676.6 = 10955.8 over 100 frames.
theo_2_7_0_0007 eight seven zero 
LOG (lattice-best-path[5.4.167~1-28e4e]:main():lattice-best-path.cc:99) For utterance theo_2_8_0_0096, best cost 214.441 + 9661.46 = 9875.9 over 89 frames.
theo_2_8_0_0096 eight zero 
LOG (lattice-best-path[5.4.167~1-28e4e]:main():lattice-best-path.cc:99) For utterance theo_2_9_5_0008, best cost 284.861 + 12983.1 = 13268 over 131 frames.
theo_2_9_5_0008 two five five 
LOG (lattice-best-path[5.4.167~1-28e4e]:main():lattice-best-path.cc:99) For utterance theo_3_1_3_0052, best cost 255.047 + 14210.3 = 14465.4 over 123 frames.
theo_3_1_3_0052 three five 
LOG (lattice-best-path[5.4.167~1-28e4e]:main():lattice-best-path.cc:99) For utterance theo_3_1_5_0037, best cost 303.212 + 13799.1 = 14102.3 over 128 frames.
theo_3_1_5_0037 three five five 
LOG (lattice-best-path[5.4.167~1-28e4e]:main():lattice-best-path.cc:99) For utterance theo_3_2_5_0076, best cost 219.484 + 10095.1 = 10314.6 over 94 frames.
theo_3_2_5_0076 zero five 
LOG (lattice-best-path[5.4.167~1-28e4e]:main():lattice-best-path.cc:99) For utterance theo_3_2_8_0009, best cost 170.21 + 11699.7 = 11869.9 over 96 frames.
theo_3_2_8_0009 two 
LOG (lattice-best-path[5.4.167~1-28e4e]:main():lattice-best-path.cc:99) For utterance theo_3_3_2_0001, best cost 273.954 + 9314.36 = 9588.32 over 80 frames.
theo_3_3_2_0001 eight eight zero 
LOG (lattice-best-path[5.4.167~1-28e4e]:main():lattice-best-path.cc:99) For utterance theo_3_3_9_0011, best cost 197.388 + 16626.2 = 16823.5 over 141 frames.
theo_3_3_9_0011 three 
LOG (lattice-best-path[5.4.167~1-28e4e]:main():lattice-best-path.cc:99) For utterance theo_3_5_5_0061, best cost 295.409 + 13256.9 = 13552.4 over 117 frames.
theo_3_5_5_0061 three eight five 
LOG (lattice-best-path[5.4.167~1-28e4e]:main():lattice-best-path.cc:99) For utterance theo_3_7_6_0075, best cost 274.653 + 10872.2 = 11146.9 over 94 frames.
theo_3_7_6_0075 three seven eight 
LOG (lattice-best-path[5.4.167~1-28e4e]:main():lattice-best-path.cc:99) For utterance theo_3_7_7_0032, best cost 264.447 + 10120.8 = 10385.3 over 90 frames.
theo_3_7_7_0032 three seven seven 
LOG (lattice-best-path[5.4.167~1-28e4e]:main():lattice-best-path.cc:99) For utterance theo_3_8_3_0082, best cost 244.761 + 13996.1 = 14240.8 over 130 frames.
theo_3_8_3_0082 three eight 
LOG (lattice-best-path[5.4.167~1-28e4e]:main():lattice-best-path.cc:99) For utterance theo_3_9_0_0095, best cost 240.392 + 12811.4 = 13051.8 over 121 frames.
theo_3_9_0_0095 five zero 
LOG (lattice-best-path[5.4.167~1-28e4e]:main():lattice-best-path.cc:99) For utterance theo_3_9_7_0023, best cost 238.625 + 12640.2 = 12878.8 over 111 frames.
theo_3_9_7_0023 three seven 
LOG (lattice-best-path[5.4.167~1-28e4e]:main():lattice-best-path.cc:99) For utterance theo_4_0_1_0051, best cost 318.29 + 14781.8 = 15100.1 over 129 frames.
theo_4_0_1_0051 four zero one 
LOG (lattice-best-path[5.4.167~1-28e4e]:main():lattice-best-path.cc:99) For utterance theo_4_1_5_0079, best cost 305.699 + 14284.3 = 14590 over 132 frames.
theo_4_1_5_0079 four one five 
LOG (lattice-best-path[5.4.167~1-28e4e]:main():lattice-best-path.cc:99) For utterance theo_4_1_7_0014, best cost 286.686 + 10787.9 = 11074.5 over 103 frames.
theo_4_1_7_0014 four one seven 
LOG (lattice-best-path[5.4.167~1-28e4e]:main():lattice-best-path.cc:99) For utterance theo_4_3_0_0015, best cost 227.815 + 12888.3 = 13116.1 over 106 frames.
theo_4_3_0_0015 four three 
LOG (lattice-best-path[5.4.167~1-28e4e]:main():lattice-best-path.cc:99) For utterance theo_4_5_6_0043, best cost 301.635 + 13007.1 = 13308.8 over 120 frames.
theo_4_5_6_0043 four five six 
LOG (lattice-best-path[5.4.167~1-28e4e]:main():lattice-best-path.cc:99) For utterance theo_4_6_2_0013, best cost 223.509 + 12279.6 = 12503.1 over 110 frames.
theo_4_6_2_0013 four two 
LOG (lattice-best-path[5.4.167~1-28e4e]:main():lattice-best-path.cc:99) For utterance theo_4_6_5_0049, best cost 231.06 + 12953.8 = 13184.9 over 121 frames.
theo_4_6_5_0049 four five 
LOG (lattice-best-path[5.4.167~1-28e4e]:main():lattice-best-path.cc:99) For utterance theo_5_0_4_0086, best cost 308.229 + 14755 = 15063.2 over 142 frames.
theo_5_0_4_0086 five zero four 
LOG (lattice-best-path[5.4.167~1-28e4e]:main():lattice-best-path.cc:99) For utterance theo_5_0_5_0091, best cost 277.357 + 9742.65 = 10020 over 92 frames.
theo_5_0_5_0091 five zero five 
LOG (lattice-best-path[5.4.167~1-28e4e]:main():lattice-best-path.cc:99) For utterance theo_5_1_2_0087, best cost 259.137 + 8398.31 = 8657.45 over 82 frames.
theo_5_1_2_0087 five one two 
LOG (lattice-best-path[5.4.167~1-28e4e]:main():lattice-best-path.cc:99) For utterance theo_5_1_3_0065, best cost 224.378 + 9658.26 = 9882.64 over 91 frames.
theo_5_1_3_0065 five one 
LOG (lattice-best-path[5.4.167~1-28e4e]:main():lattice-best-path.cc:99) For utterance theo_5_1_4_0026, best cost 324.149 + 17549.2 = 17873.3 over 158 frames.
theo_5_1_4_0026 five one four 
LOG (lattice-best-path[5.4.167~1-28e4e]:main():lattice-best-path.cc:99) For utterance theo_5_1_4_0092, best cost 240.082 + 12802.5 = 13042.5 over 109 frames.
theo_5_1_4_0092 eight four 
LOG (lattice-best-path[5.4.167~1-28e4e]:main():lattice-best-path.cc:99) For utterance theo_5_2_3_0006, best cost 205.927 + 9377.52 = 9583.45 over 82 frames.
theo_5_2_3_0006 five three 
LOG (lattice-best-path[5.4.167~1-28e4e]:main():lattice-best-path.cc:99) For utterance theo_5_2_6_0058, best cost 248.395 + 12550.6 = 12799 over 112 frames.
theo_5_2_6_0058 five six 
LOG (lattice-best-path[5.4.167~1-28e4e]:main():lattice-best-path.cc:99) For utterance theo_5_2_9_0060, best cost 303.123 + 12508.5 = 12811.7 over 126 frames.
theo_5_2_9_0060 five zero five 
LOG (lattice-best-path[5.4.167~1-28e4e]:main():lattice-best-path.cc:99) For utterance theo_5_3_3_0035, best cost 237.534 + 12911.7 = 13149.2 over 119 frames.
theo_5_3_3_0035 five three 
LOG (lattice-best-path[5.4.167~1-28e4e]:main():lattice-best-path.cc:99) For utterance theo_5_5_2_0018, best cost 261.064 + 11495.6 = 11756.6 over 101 frames.
theo_5_5_2_0018 five five two 
LOG (lattice-best-path[5.4.167~1-28e4e]:main():lattice-best-path.cc:99) For utterance theo_5_5_3_0064, best cost 219.33 + 10431.8 = 10651.1 over 97 frames.
theo_5_5_3_0064 five five 
LOG (lattice-best-path[5.4.167~1-28e4e]:main():lattice-best-path.cc:99) For utterance theo_5_6_3_0057, best cost 289.57 + 12885.2 = 13174.7 over 119 frames.
theo_5_6_3_0057 five eight three 
LOG (lattice-best-path[5.4.167~1-28e4e]:main():lattice-best-path.cc:99) For utterance theo_5_6_7_0038, best cost 294.365 + 13947.1 = 14241.5 over 132 frames.
theo_5_6_7_0038 five two seven 
LOG (lattice-best-path[5.4.167~1-28e4e]:main():lattice-best-path.cc:99) For utterance theo_5_7_3_0097, best cost 213.438 + 9175.04 = 9388.48 over 86 frames.
theo_5_7_3_0097 five seven 
LOG (lattice-best-path[5.4.167~1-28e4e]:main():lattice-best-path.cc:99) For utterance theo_6_0_1_0094, best cost 247.24 + 14165.5 = 14412.7 over 130 frames.
theo_6_0_1_0094 zero one 
LOG (lattice-best-path[5.4.167~1-28e4e]:main():lattice-best-path.cc:99) For utterance theo_6_0_2_0039, best cost 342.428 + 14551 = 14893.5 over 137 frames.
theo_6_0_2_0039 eight zero 
LOG (lattice-best-path[5.4.167~1-28e4e]:main():lattice-best-path.cc:99) For utterance theo_6_1_1_0047, best cost 255.198 + 14580.6 = 14835.8 over 130 frames.
theo_6_1_1_0047 one one 
LOG (lattice-best-path[5.4.167~1-28e4e]:main():lattice-best-path.cc:99) For utterance theo_6_1_9_0072, best cost 180.771 + 12177.2 = 12357.9 over 106 frames.
theo_6_1_9_0072 one 
LOG (lattice-best-path[5.4.167~1-28e4e]:main():lattice-best-path.cc:99) For utterance theo_6_2_2_0040, best cost 153.908 + 10842 = 10995.9 over 92 frames.
theo_6_2_2_0040 two 
LOG (lattice-best-path[5.4.167~1-28e4e]:main():lattice-best-path.cc:99) For utterance theo_6_3_3_0067, best cost 217.706 + 11916.9 = 12134.6 over 107 frames.
theo_6_3_3_0067 eight three 
LOG (lattice-best-path[5.4.167~1-28e4e]:main():lattice-best-path.cc:99) For utterance theo_6_3_9_0029, best cost 287.343 + 11378.6 = 11666 over 104 frames.
theo_6_3_9_0029 eight three nine 
LOG (lattice-best-path[5.4.167~1-28e4e]:main():lattice-best-path.cc:99) For utterance theo_6_4_4_0054, best cost 240.952 + 12436.6 = 12677.6 over 112 frames.
theo_6_4_4_0054 four four 
LOG (lattice-best-path[5.4.167~1-28e4e]:main():lattice-best-path.cc:99) For utterance theo_6_4_5_0090, best cost 234.593 + 11210.5 = 11445.1 over 103 frames.
theo_6_4_5_0090 four five 
LOG (lattice-best-path[5.4.167~1-28e4e]:main():lattice-best-path.cc:99) For utterance theo_6_4_9_0036, best cost 188.626 + 13133.7 = 13322.3 over 115 frames.
theo_6_4_9_0036 four 
LOG (lattice-best-path[5.4.167~1-28e4e]:main():lattice-best-path.cc:99) For utterance theo_6_6_0_0074, best cost 291.804 + 14997.7 = 15289.5 over 137 frames.
theo_6_6_0_0074 six six zero 
LOG (lattice-best-path[5.4.167~1-28e4e]:main():lattice-best-path.cc:99) For utterance theo_6_6_9_0048, best cost 235.364 + 12816.7 = 13052.1 over 115 frames.
theo_6_6_9_0048 six five 
LOG (lattice-best-path[5.4.167~1-28e4e]:main():lattice-best-path.cc:99) For utterance theo_6_7_2_0000, best cost 189.088 + 12569.8 = 12758.8 over 109 frames.
theo_6_7_2_0000 seven 
LOG (lattice-best-path[5.4.167~1-28e4e]:main():lattice-best-path.cc:99) For utterance theo_6_7_2_0081, best cost 307.087 + 14646 = 14953.1 over 132 frames.
theo_6_7_2_0081 six seven two 
LOG (lattice-best-path[5.4.167~1-28e4e]:main():lattice-best-path.cc:99) For utterance theo_6_7_7_0017, best cost 282.118 + 13061.4 = 13343.5 over 118 frames.
theo_6_7_7_0017 six seven seven 
LOG (lattice-best-path[5.4.167~1-28e4e]:main():lattice-best-path.cc:99) For utterance theo_6_9_3_0024, best cost 201.564 + 15815.3 = 16016.8 over 140 frames.
theo_6_9_3_0024 five 
LOG (lattice-best-path[5.4.167~1-28e4e]:main():lattice-best-path.cc:99) For utterance theo_7_1_0_0027, best cost 206.938 + 9689.82 = 9896.76 over 85 frames.
theo_7_1_0_0027 one zero 
LOG (lattice-best-path[5.4.167~1-28e4e]:main():lattice-best-path.cc:99) For utterance theo_7_1_1_0063, best cost 230.202 + 10350.1 = 10580.3 over 89 frames.
theo_7_1_1_0063 one one 
LOG (lattice-best-path[5.4.167~1-28e4e]:main():lattice-best-path.cc:99) For utterance theo_7_1_3_0045, best cost 216.717 + 9601.09 = 9817.81 over 90 frames.
theo_7_1_3_0045 seven three 
LOG (lattice-best-path[5.4.167~1-28e4e]:main():lattice-best-path.cc:99) For utterance theo_7_1_6_0099, best cost 369.113 + 14308.3 = 14677.4 over 134 frames.
theo_7_1_6_0099 six seven one six 
LOG (lattice-best-path[5.4.167~1-28e4e]:main():lattice-best-path.cc:99) For utterance theo_7_3_5_0041, best cost 246.692 + 12043.2 = 12289.9 over 113 frames.
theo_7_3_5_0041 seven five 
LOG (lattice-best-path[5.4.167~1-28e4e]:main():lattice-best-path.cc:99) For utterance theo_7_4_5_0028, best cost 310.821 + 12665.3 = 12976.1 over 118 frames.
theo_7_4_5_0028 seven four five 
LOG (lattice-best-path[5.4.167~1-28e4e]:main():lattice-best-path.cc:99) For utterance theo_7_5_3_0069, best cost 268.161 + 11510.9 = 11779 over 112 frames.
theo_7_5_3_0069 seven five three 
LOG (lattice-best-path[5.4.167~1-28e4e]:main():lattice-best-path.cc:99) For utterance theo_7_6_9_0068, best cost 241.033 + 13082.8 = 13323.9 over 120 frames.
theo_7_6_9_0068 seven five 
LOG (lattice-best-path[5.4.167~1-28e4e]:main():lattice-best-path.cc:99) For utterance theo_7_7_8_0033, best cost 294.386 + 11826.2 = 12120.6 over 109 frames.
theo_7_7_8_0033 seven seven eight 
LOG (lattice-best-path[5.4.167~1-28e4e]:main():lattice-best-path.cc:99) For utterance theo_7_9_9_0034, best cost 253.137 + 14002.4 = 14255.5 over 123 frames.
theo_7_9_9_0034 seven five 
LOG (lattice-best-path[5.4.167~1-28e4e]:main():lattice-best-path.cc:99) For utterance theo_8_2_3_0022, best cost 276.026 + 10985.4 = 11261.4 over 104 frames.
theo_8_2_3_0022 eight zero three 
LOG (lattice-best-path[5.4.167~1-28e4e]:main():lattice-best-path.cc:99) For utterance theo_8_2_5_0046, best cost 223.986 + 10781.2 = 11005.2 over 99 frames.
theo_8_2_5_0046 eight five 
LOG (lattice-best-path[5.4.167~1-28e4e]:main():lattice-best-path.cc:99) For utterance theo_8_2_5_0085, best cost 255.868 + 9206.31 = 9462.17 over 90 frames.
theo_8_2_5_0085 eight two five 
LOG (lattice-best-path[5.4.167~1-28e4e]:main():lattice-best-path.cc:99) For utterance theo_8_2_9_0019, best cost 267.704 + 11025.3 = 11293 over 106 frames.
theo_8_2_9_0019 eight two nine 
LOG (lattice-best-path[5.4.167~1-28e4e]:main():lattice-best-path.cc:99) For utterance theo_8_4_6_0083, best cost 244.785 + 11664.5 = 11909.2 over 106 frames.
theo_8_4_6_0083 eight four 
LOG (lattice-best-path[5.4.167~1-28e4e]:main():lattice-best-path.cc:99) For utterance theo_8_5_2_0084, best cost 375.276 + 12871 = 13246.3 over 114 frames.
theo_8_5_2_0084 eight eight six two 
LOG (lattice-best-path[5.4.167~1-28e4e]:main():lattice-best-path.cc:99) For utterance theo_8_5_7_0030, best cost 278.851 + 13283.1 = 13562 over 129 frames.
theo_8_5_7_0030 eight five seven 
LOG (lattice-best-path[5.4.167~1-28e4e]:main():lattice-best-path.cc:99) For utterance theo_8_6_9_0012, best cost 223.083 + 11737.8 = 11960.9 over 108 frames.
theo_8_6_9_0012 eight five 
LOG (lattice-best-path[5.4.167~1-28e4e]:main():lattice-best-path.cc:99) For utterance theo_8_9_1_0077, best cost 231.853 + 12665.1 = 12897 over 108 frames.
theo_8_9_1_0077 eight nine 
LOG (lattice-best-path[5.4.167~1-28e4e]:main():lattice-best-path.cc:99) For utterance theo_9_1_1_0020, best cost 286.034 + 9477.04 = 9763.07 over 92 frames.
theo_9_1_1_0020 nine one one 
LOG (lattice-best-path[5.4.167~1-28e4e]:main():lattice-best-path.cc:99) For utterance theo_9_1_8_0003, best cost 300.197 + 12663.6 = 12963.8 over 122 frames.
theo_9_1_8_0003 five one eight 
LOG (lattice-best-path[5.4.167~1-28e4e]:main():lattice-best-path.cc:99) For utterance theo_9_4_6_0080, best cost 384.942 + 15232.7 = 15617.6 over 142 frames.
theo_9_4_6_0080 five six four two 
LOG (lattice-best-path[5.4.167~1-28e4e]:main():lattice-best-path.cc:99) For utterance theo_9_7_4_0059, best cost 403.355 + 28356.5 = 28759.8 over 293 frames.
theo_9_7_4_0059 five six seven four 
LOG (lattice-best-path[5.4.167~1-28e4e]:main():lattice-best-path.cc:99) For utterance theo_9_7_9_0098, best cost 324.996 + 17357.3 = 17682.3 over 162 frames.
theo_9_7_9_0098 seven seven five 
LOG (lattice-best-path[5.4.167~1-28e4e]:main():lattice-best-path.cc:99) For utterance theo_9_9_0_0010, best cost 281.916 + 11902.6 = 12184.5 over 113 frames.
theo_9_9_0_0010 five five zero 
LOG (lattice-best-path[5.4.167~1-28e4e]:main():lattice-best-path.cc:124) Overall cost per frame is 111.425 = 2.30372 [graph] + 109.121 [acoustic] over 11486 frames.
LOG (lattice-best-path[5.4.167~1-28e4e]:main():lattice-best-path.cc:128) Done 100 lattices, failed for 0
# Accounting: time=0 threads=1
# Ended (code 0) at Tue Sep  4 16:04:36 CEST 2018, elapsed time 0 seconds
