# gunzip -c exp/tri1/decode/depth_stats_tmp.*.gz | steps/diagnostic/analyze_lattice_depth_stats.py exp/tri1/graph 
# Started at Tue Sep  4 16:04:36 CEST 2018
#
The total amount of data analyzed assuming 100 frames per second is 0.0 hours
Overall, lattice depth (10,50,90-percentile)=(1,2,6) and mean=2.9
Nonsilence phones as a group account for 76.2% of frames, with lattice depth (10,50,90-percentile)=(1,2,6) and mean=2.8
Phone sil accounts for 23.8% of frames, with lattice depth (10,50,90-percentile)=(1,3,6) and mean=3.1
Phone f_B accounts for 10.1% of frames, with lattice depth (10,50,90-percentile)=(1,2,5) and mean=2.3
Phone ay_I accounts for 7.6% of frames, with lattice depth (10,50,90-percentile)=(1,2,6) and mean=2.8
Phone v_E accounts for 6.0% of frames, with lattice depth (10,50,90-percentile)=(1,2,5) and mean=2.5
Phone s_B accounts for 4.6% of frames, with lattice depth (10,50,90-percentile)=(1,3,9) and mean=4.2
Phone t_E accounts for 4.5% of frames, with lattice depth (10,50,90-percentile)=(1,2,5) and mean=2.7
Phone z_B accounts for 3.5% of frames, with lattice depth (10,50,90-percentile)=(1,2,6) and mean=2.4
Phone ey_B accounts for 3.2% of frames, with lattice depth (10,50,90-percentile)=(1,2,5) and mean=2.5
Phone n_E accounts for 3.0% of frames, with lattice depth (10,50,90-percentile)=(1,2,5) and mean=2.6
Phone t_B accounts for 2.9% of frames, with lattice depth (10,50,90-percentile)=(1,3,6) and mean=3.9
Phone ow_E accounts for 2.8% of frames, with lattice depth (10,50,90-percentile)=(1,2,5) and mean=2.5
Phone th_B accounts for 2.8% of frames, with lattice depth (10,50,90-percentile)=(1,2,4) and mean=2.5
Phone ao_I accounts for 2.7% of frames, with lattice depth (10,50,90-percentile)=(1,2,3) and mean=2.1
Phone k_I accounts for 2.6% of frames, with lattice depth (10,50,90-percentile)=(1,3,7) and mean=4.2
Phone hh_B accounts for 2.1% of frames, with lattice depth (10,50,90-percentile)=(1,2,3) and mean=1.9
Phone uw_E accounts for 2.1% of frames, with lattice depth (10,50,90-percentile)=(1,3,6) and mean=3.6
Phone ah_I accounts for 2.0% of frames, with lattice depth (10,50,90-percentile)=(1,2,6) and mean=2.5
Phone v_I accounts for 2.0% of frames, with lattice depth (10,50,90-percentile)=(1,1,4) and mean=2.3
Phone eh_I accounts for 2.0% of frames, with lattice depth (10,50,90-percentile)=(1,2,4) and mean=2.2
Phone r_I accounts for 1.9% of frames, with lattice depth (10,50,90-percentile)=(1,2,4) and mean=2.4
Phone iy_E accounts for 1.7% of frames, with lattice depth (10,50,90-percentile)=(1,2,6) and mean=2.6
Phone ih_I accounts for 1.6% of frames, with lattice depth (10,50,90-percentile)=(1,6,16) and mean=7.6
Phone iy_I accounts for 1.4% of frames, with lattice depth (10,50,90-percentile)=(1,2,4) and mean=2.0
Phone r_E accounts for 1.1% of frames, with lattice depth (10,50,90-percentile)=(1,1,4) and mean=2.0
Phone w_I accounts for 1.1% of frames, with lattice depth (10,50,90-percentile)=(1,2,3) and mean=2.0
Phone s_E accounts for 0.6% of frames, with lattice depth (10,50,90-percentile)=(1,7,19) and mean=6.9
# Accounting: time=0 threads=1
# Ended (code 0) at Tue Sep  4 16:04:36 CEST 2018, elapsed time 0 seconds
