# lattice-best-path --lm-scale=16 --word-symbol-table=exp/mono/graph/words.txt "ark:gunzip -c exp/mono/decode/lat.*.gz|" ark,t:exp/mono/decode/scoring/16.tra 
# Started at Tue Sep  4 16:04:19 CEST 2018
#
lattice-best-path --lm-scale=16 --word-symbol-table=exp/mono/graph/words.txt 'ark:gunzip -c exp/mono/decode/lat.*.gz|' ark,t:exp/mono/decode/scoring/16.tra 
LOG (lattice-best-path[5.4.167~1-28e4e]:main():lattice-best-path.cc:99) For utterance theo_0_0_1_0042, best cost 172.756 + 10485.2 = 10658 over 97 frames.
theo_0_0_1_0042 
LOG (lattice-best-path[5.4.167~1-28e4e]:main():lattice-best-path.cc:99) For utterance theo_0_0_5_0016, best cost 255.376 + 11798.7 = 12054.1 over 118 frames.
theo_0_0_5_0016 five 
LOG (lattice-best-path[5.4.167~1-28e4e]:main():lattice-best-path.cc:99) For utterance theo_0_2_1_0004, best cost 327.494 + 12920.1 = 13247.6 over 122 frames.
theo_0_2_1_0004 two 
LOG (lattice-best-path[5.4.167~1-28e4e]:main():lattice-best-path.cc:99) For utterance theo_0_3_0_0078, best cost 193.343 + 14059.1 = 14252.5 over 132 frames.
theo_0_3_0_0078 
LOG (lattice-best-path[5.4.167~1-28e4e]:main():lattice-best-path.cc:99) For utterance theo_0_3_2_0062, best cost 172.168 + 10525.6 = 10697.8 over 96 frames.
theo_0_3_2_0062 
LOG (lattice-best-path[5.4.167~1-28e4e]:main():lattice-best-path.cc:99) For utterance theo_0_4_5_0055, best cost 187.461 + 13028.6 = 13216.1 over 122 frames.
theo_0_4_5_0055 
LOG (lattice-best-path[5.4.167~1-28e4e]:main():lattice-best-path.cc:99) For utterance theo_0_5_3_0050, best cost 180.991 + 11875 = 12056 over 111 frames.
theo_0_5_3_0050 
LOG (lattice-best-path[5.4.167~1-28e4e]:main():lattice-best-path.cc:99) For utterance theo_0_5_5_0071, best cost 184.591 + 12469.5 = 12654.1 over 117 frames.
theo_0_5_5_0071 
LOG (lattice-best-path[5.4.167~1-28e4e]:main():lattice-best-path.cc:99) For utterance theo_0_5_9_0021, best cost 380.898 + 18101.8 = 18482.7 over 180 frames.
theo_0_5_9_0021 six 
LOG (lattice-best-path[5.4.167~1-28e4e]:main():lattice-best-path.cc:99) For utterance theo_0_7_4_0070, best cost 165.11 + 9208.27 = 9373.38 over 84 frames.
theo_0_7_4_0070 
LOG (lattice-best-path[5.4.167~1-28e4e]:main():lattice-best-path.cc:99) For utterance theo_0_7_8_0031, best cost 176.874 + 11235.2 = 11412.1 over 104 frames.
theo_0_7_8_0031 
LOG (lattice-best-path[5.4.167~1-28e4e]:main():lattice-best-path.cc:99) For utterance theo_1_1_1_0044, best cost 157.463 + 7934.8 = 8092.26 over 71 frames.
theo_1_1_1_0044 
LOG (lattice-best-path[5.4.167~1-28e4e]:main():lattice-best-path.cc:99) For utterance theo_1_1_5_0073, best cost 185.108 + 12746.3 = 12931.5 over 118 frames.
theo_1_1_5_0073 
LOG (lattice-best-path[5.4.167~1-28e4e]:main():lattice-best-path.cc:99) For utterance theo_1_4_2_0005, best cost 288.103 + 9659.21 = 9947.32 over 88 frames.
theo_1_4_2_0005 one four two 
LOG (lattice-best-path[5.4.167~1-28e4e]:main():lattice-best-path.cc:99) For utterance theo_1_9_4_0056, best cost 235.462 + 10164.1 = 10399.6 over 94 frames.
theo_1_9_4_0056 one 
LOG (lattice-best-path[5.4.167~1-28e4e]:main():lattice-best-path.cc:99) For utterance theo_1_9_4_0093, best cost 177.462 + 11153.5 = 11330.9 over 105 frames.
theo_1_9_4_0093 
LOG (lattice-best-path[5.4.167~1-28e4e]:main():lattice-best-path.cc:99) For utterance theo_1_9_8_0053, best cost 187.706 + 10705.3 = 10893 over 101 frames.
theo_1_9_8_0053 
LOG (lattice-best-path[5.4.167~1-28e4e]:main():lattice-best-path.cc:99) For utterance theo_2_2_6_0066, best cost 345.653 + 16574.6 = 16920.2 over 156 frames.
theo_2_2_6_0066 two 
LOG (lattice-best-path[5.4.167~1-28e4e]:main():lattice-best-path.cc:99) For utterance theo_2_3_3_0089, best cost 172.983 + 10940.8 = 11113.7 over 94 frames.
theo_2_3_3_0089 
LOG (lattice-best-path[5.4.167~1-28e4e]:main():lattice-best-path.cc:99) For utterance theo_2_3_5_0088, best cost 243.471 + 11123.6 = 11367.1 over 106 frames.
theo_2_3_5_0088 five 
LOG (lattice-best-path[5.4.167~1-28e4e]:main():lattice-best-path.cc:99) For utterance theo_2_4_9_0025, best cost 196.872 + 15241.4 = 15438.2 over 138 frames.
theo_2_4_9_0025 
LOG (lattice-best-path[5.4.167~1-28e4e]:main():lattice-best-path.cc:99) For utterance theo_2_6_2_0002, best cost 343.964 + 15765.8 = 16109.7 over 150 frames.
theo_2_6_2_0002 two 
LOG (lattice-best-path[5.4.167~1-28e4e]:main():lattice-best-path.cc:99) For utterance theo_2_7_0_0007, best cost 174.521 + 10501.8 = 10676.4 over 100 frames.
theo_2_7_0_0007 
LOG (lattice-best-path[5.4.167~1-28e4e]:main():lattice-best-path.cc:99) For utterance theo_2_8_0_0096, best cost 168.051 + 9507.27 = 9675.32 over 89 frames.
theo_2_8_0_0096 
LOG (lattice-best-path[5.4.167~1-28e4e]:main():lattice-best-path.cc:99) For utterance theo_2_9_5_0008, best cost 326.692 + 12855.4 = 13182.1 over 131 frames.
theo_2_9_5_0008 five five 
LOG (lattice-best-path[5.4.167~1-28e4e]:main():lattice-best-path.cc:99) For utterance theo_3_1_3_0052, best cost 188.263 + 13643.6 = 13831.8 over 123 frames.
theo_3_1_3_0052 
LOG (lattice-best-path[5.4.167~1-28e4e]:main():lattice-best-path.cc:99) For utterance theo_3_1_5_0037, best cost 341.507 + 13484.2 = 13825.7 over 128 frames.
theo_3_1_5_0037 five 
LOG (lattice-best-path[5.4.167~1-28e4e]:main():lattice-best-path.cc:99) For utterance theo_3_2_5_0076, best cost 236.772 + 9929.35 = 10166.1 over 94 frames.
theo_3_2_5_0076 five 
LOG (lattice-best-path[5.4.167~1-28e4e]:main():lattice-best-path.cc:99) For utterance theo_3_2_8_0009, best cost 251.547 + 11188.9 = 11440.5 over 96 frames.
theo_3_2_8_0009 
LOG (lattice-best-path[5.4.167~1-28e4e]:main():lattice-best-path.cc:99) For utterance theo_3_3_2_0001, best cost 163.468 + 9185.16 = 9348.63 over 80 frames.
theo_3_3_2_0001 
LOG (lattice-best-path[5.4.167~1-28e4e]:main():lattice-best-path.cc:99) For utterance theo_3_3_9_0011, best cost 361.468 + 16253.2 = 16614.7 over 141 frames.
theo_3_3_9_0011 three 
LOG (lattice-best-path[5.4.167~1-28e4e]:main():lattice-best-path.cc:99) For utterance theo_3_5_5_0061, best cost 250.583 + 12792.7 = 13043.3 over 117 frames.
theo_3_5_5_0061 three 
LOG (lattice-best-path[5.4.167~1-28e4e]:main():lattice-best-path.cc:99) For utterance theo_3_7_6_0075, best cost 171.205 + 10567.1 = 10738.3 over 94 frames.
theo_3_7_6_0075 
LOG (lattice-best-path[5.4.167~1-28e4e]:main():lattice-best-path.cc:99) For utterance theo_3_7_7_0032, best cost 169.35 + 9888.84 = 10058.2 over 90 frames.
theo_3_7_7_0032 
LOG (lattice-best-path[5.4.167~1-28e4e]:main():lattice-best-path.cc:99) For utterance theo_3_8_3_0082, best cost 395.585 + 13752.6 = 14148.2 over 130 frames.
theo_3_8_3_0082 three eight eight 
LOG (lattice-best-path[5.4.167~1-28e4e]:main():lattice-best-path.cc:99) For utterance theo_3_9_0_0095, best cost 322.466 + 12459.9 = 12782.3 over 121 frames.
theo_3_9_0_0095 five 
LOG (lattice-best-path[5.4.167~1-28e4e]:main():lattice-best-path.cc:99) For utterance theo_3_9_7_0023, best cost 390.203 + 12243 = 12633.2 over 111 frames.
theo_3_9_7_0023 three eight 
LOG (lattice-best-path[5.4.167~1-28e4e]:main():lattice-best-path.cc:99) For utterance theo_4_0_1_0051, best cost 191.65 + 14337.5 = 14529.1 over 129 frames.
theo_4_0_1_0051 
LOG (lattice-best-path[5.4.167~1-28e4e]:main():lattice-best-path.cc:99) For utterance theo_4_1_5_0079, best cost 270.813 + 14120.3 = 14391.1 over 132 frames.
theo_4_1_5_0079 five 
LOG (lattice-best-path[5.4.167~1-28e4e]:main():lattice-best-path.cc:99) For utterance theo_4_1_7_0014, best cost 308.667 + 10763.3 = 11072 over 103 frames.
theo_4_1_7_0014 one seven 
LOG (lattice-best-path[5.4.167~1-28e4e]:main():lattice-best-path.cc:99) For utterance theo_4_3_0_0015, best cost 178.05 + 12422.1 = 12600.2 over 106 frames.
theo_4_3_0_0015 
LOG (lattice-best-path[5.4.167~1-28e4e]:main():lattice-best-path.cc:99) For utterance theo_4_5_6_0043, best cost 186.498 + 12843.4 = 13029.9 over 120 frames.
theo_4_5_6_0043 
LOG (lattice-best-path[5.4.167~1-28e4e]:main():lattice-best-path.cc:99) For utterance theo_4_6_2_0013, best cost 180.403 + 11965.9 = 12146.3 over 110 frames.
theo_4_6_2_0013 
LOG (lattice-best-path[5.4.167~1-28e4e]:main():lattice-best-path.cc:99) For utterance theo_4_6_5_0049, best cost 186.873 + 12780.8 = 12967.6 over 121 frames.
theo_4_6_5_0049 
LOG (lattice-best-path[5.4.167~1-28e4e]:main():lattice-best-path.cc:99) For utterance theo_5_0_4_0086, best cost 285.766 + 14616.6 = 14902.4 over 142 frames.
theo_5_0_4_0086 five 
LOG (lattice-best-path[5.4.167~1-28e4e]:main():lattice-best-path.cc:99) For utterance theo_5_0_5_0091, best cost 169.815 + 9823.02 = 9992.83 over 92 frames.
theo_5_0_5_0091 
LOG (lattice-best-path[5.4.167~1-28e4e]:main():lattice-best-path.cc:99) For utterance theo_5_1_2_0087, best cost 240.432 + 8509.94 = 8750.37 over 82 frames.
theo_5_1_2_0087 five 
LOG (lattice-best-path[5.4.167~1-28e4e]:main():lattice-best-path.cc:99) For utterance theo_5_1_3_0065, best cost 231.978 + 9546.06 = 9778.04 over 91 frames.
theo_5_1_3_0065 five 
LOG (lattice-best-path[5.4.167~1-28e4e]:main():lattice-best-path.cc:99) For utterance theo_5_1_4_0026, best cost 357.013 + 17150.3 = 17507.3 over 158 frames.
theo_5_1_4_0026 one 
LOG (lattice-best-path[5.4.167~1-28e4e]:main():lattice-best-path.cc:99) For utterance theo_5_1_4_0092, best cost 179.815 + 12005.8 = 12185.6 over 109 frames.
theo_5_1_4_0092 
LOG (lattice-best-path[5.4.167~1-28e4e]:main():lattice-best-path.cc:99) For utterance theo_5_2_3_0006, best cost 293.225 + 9207.39 = 9500.62 over 82 frames.
theo_5_2_3_0006 five three 
LOG (lattice-best-path[5.4.167~1-28e4e]:main():lattice-best-path.cc:99) For utterance theo_5_2_6_0058, best cost 257.632 + 12303.8 = 12561.4 over 112 frames.
theo_5_2_6_0058 five 
LOG (lattice-best-path[5.4.167~1-28e4e]:main():lattice-best-path.cc:99) For utterance theo_5_2_9_0060, best cost 259.37 + 12397.1 = 12656.5 over 126 frames.
theo_5_2_9_0060 five 
LOG (lattice-best-path[5.4.167~1-28e4e]:main():lattice-best-path.cc:99) For utterance theo_5_3_3_0035, best cost 334.351 + 12693 = 13027.3 over 119 frames.
theo_5_3_3_0035 three 
LOG (lattice-best-path[5.4.167~1-28e4e]:main():lattice-best-path.cc:99) For utterance theo_5_5_2_0018, best cost 175.251 + 11217.6 = 11392.9 over 101 frames.
theo_5_5_2_0018 
LOG (lattice-best-path[5.4.167~1-28e4e]:main():lattice-best-path.cc:99) For utterance theo_5_5_3_0064, best cost 172.756 + 10574.8 = 10747.5 over 97 frames.
theo_5_5_3_0064 
LOG (lattice-best-path[5.4.167~1-28e4e]:main():lattice-best-path.cc:99) For utterance theo_5_6_3_0057, best cost 185.768 + 12660.7 = 12846.5 over 119 frames.
theo_5_6_3_0057 
LOG (lattice-best-path[5.4.167~1-28e4e]:main():lattice-best-path.cc:99) For utterance theo_5_6_7_0038, best cost 193.343 + 13840 = 14033.4 over 132 frames.
theo_5_6_7_0038 
LOG (lattice-best-path[5.4.167~1-28e4e]:main():lattice-best-path.cc:99) For utterance theo_5_7_3_0097, best cost 231.854 + 9106.71 = 9338.56 over 86 frames.
theo_5_7_3_0097 five 
LOG (lattice-best-path[5.4.167~1-28e4e]:main():lattice-best-path.cc:99) For utterance theo_6_0_1_0094, best cost 192.167 + 13796.5 = 13988.6 over 130 frames.
theo_6_0_1_0094 
LOG (lattice-best-path[5.4.167~1-28e4e]:main():lattice-best-path.cc:99) For utterance theo_6_0_2_0039, best cost 197.778 + 14228.9 = 14426.7 over 137 frames.
theo_6_0_2_0039 
LOG (lattice-best-path[5.4.167~1-28e4e]:main():lattice-best-path.cc:99) For utterance theo_6_1_1_0047, best cost 192.167 + 14227.4 = 14419.5 over 130 frames.
theo_6_1_1_0047 
LOG (lattice-best-path[5.4.167~1-28e4e]:main():lattice-best-path.cc:99) For utterance theo_6_1_9_0072, best cost 323.336 + 11668.1 = 11991.5 over 106 frames.
theo_6_1_9_0072 one 
LOG (lattice-best-path[5.4.167~1-28e4e]:main():lattice-best-path.cc:99) For utterance theo_6_2_2_0040, best cost 169.815 + 10388.8 = 10558.6 over 92 frames.
theo_6_2_2_0040 
LOG (lattice-best-path[5.4.167~1-28e4e]:main():lattice-best-path.cc:99) For utterance theo_6_3_3_0067, best cost 178.638 + 11514.7 = 11693.4 over 107 frames.
theo_6_3_3_0067 
LOG (lattice-best-path[5.4.167~1-28e4e]:main():lattice-best-path.cc:99) For utterance theo_6_3_9_0029, best cost 176.874 + 11138.9 = 11315.8 over 104 frames.
theo_6_3_9_0029 
LOG (lattice-best-path[5.4.167~1-28e4e]:main():lattice-best-path.cc:99) For utterance theo_6_4_4_0054, best cost 248.13 + 12238.9 = 12487 over 112 frames.
theo_6_4_4_0054 four 
LOG (lattice-best-path[5.4.167~1-28e4e]:main():lattice-best-path.cc:99) For utterance theo_6_4_5_0090, best cost 176.285 + 10933 = 11109.3 over 103 frames.
theo_6_4_5_0090 
LOG (lattice-best-path[5.4.167~1-28e4e]:main():lattice-best-path.cc:99) For utterance theo_6_4_9_0036, best cost 337.609 + 12586.2 = 12923.9 over 115 frames.
theo_6_4_9_0036 four 
LOG (lattice-best-path[5.4.167~1-28e4e]:main():lattice-best-path.cc:99) For utterance theo_6_6_0_0074, best cost 196.284 + 14461.5 = 14657.7 over 137 frames.
theo_6_6_0_0074 
LOG (lattice-best-path[5.4.167~1-28e4e]:main():lattice-best-path.cc:99) For utterance theo_6_6_9_0048, best cost 183.557 + 12292.5 = 12476.1 over 115 frames.
theo_6_6_9_0048 
LOG (lattice-best-path[5.4.167~1-28e4e]:main():lattice-best-path.cc:99) For utterance theo_6_7_2_0000, best cost 179.815 + 12047.8 = 12227.7 over 109 frames.
theo_6_7_2_0000 
LOG (lattice-best-path[5.4.167~1-28e4e]:main():lattice-best-path.cc:99) For utterance theo_6_7_2_0081, best cost 193.343 + 14171 = 14364.3 over 132 frames.
theo_6_7_2_0081 
LOG (lattice-best-path[5.4.167~1-28e4e]:main():lattice-best-path.cc:99) For utterance theo_6_7_7_0017, best cost 185.677 + 12814.6 = 13000.3 over 118 frames.
theo_6_7_7_0017 
LOG (lattice-best-path[5.4.167~1-28e4e]:main():lattice-best-path.cc:99) For utterance theo_6_9_3_0024, best cost 199.187 + 15154.5 = 15353.7 over 140 frames.
theo_6_9_3_0024 
LOG (lattice-best-path[5.4.167~1-28e4e]:main():lattice-best-path.cc:99) For utterance theo_7_1_0_0027, best cost 165.698 + 9503.26 = 9668.96 over 85 frames.
theo_7_1_0_0027 
LOG (lattice-best-path[5.4.167~1-28e4e]:main():lattice-best-path.cc:99) For utterance theo_7_1_1_0063, best cost 168.335 + 9939.23 = 10107.6 over 89 frames.
theo_7_1_1_0063 
LOG (lattice-best-path[5.4.167~1-28e4e]:main():lattice-best-path.cc:99) For utterance theo_7_1_3_0045, best cost 314.412 + 9395.68 = 9710.09 over 90 frames.
theo_7_1_3_0045 seven three 
LOG (lattice-best-path[5.4.167~1-28e4e]:main():lattice-best-path.cc:99) For utterance theo_7_1_6_0099, best cost 194.519 + 14023.9 = 14218.4 over 134 frames.
theo_7_1_6_0099 
LOG (lattice-best-path[5.4.167~1-28e4e]:main():lattice-best-path.cc:99) For utterance theo_7_3_5_0041, best cost 259.995 + 11943.1 = 12203.1 over 113 frames.
theo_7_3_5_0041 five 
LOG (lattice-best-path[5.4.167~1-28e4e]:main():lattice-best-path.cc:99) For utterance theo_7_4_5_0028, best cost 185.179 + 12627.4 = 12812.5 over 118 frames.
theo_7_4_5_0028 
LOG (lattice-best-path[5.4.167~1-28e4e]:main():lattice-best-path.cc:99) For utterance theo_7_5_3_0069, best cost 352.376 + 11406.6 = 11759 over 112 frames.
theo_7_5_3_0069 seven five 
LOG (lattice-best-path[5.4.167~1-28e4e]:main():lattice-best-path.cc:99) For utterance theo_7_6_9_0068, best cost 186.285 + 12751.6 = 12937.9 over 120 frames.
theo_7_6_9_0068 
LOG (lattice-best-path[5.4.167~1-28e4e]:main():lattice-best-path.cc:99) For utterance theo_7_7_8_0033, best cost 179.886 + 11847.2 = 12027.1 over 109 frames.
theo_7_7_8_0033 
LOG (lattice-best-path[5.4.167~1-28e4e]:main():lattice-best-path.cc:99) For utterance theo_7_9_9_0034, best cost 188.049 + 13549.4 = 13737.4 over 123 frames.
theo_7_9_9_0034 
LOG (lattice-best-path[5.4.167~1-28e4e]:main():lattice-best-path.cc:99) For utterance theo_8_2_3_0022, best cost 176.874 + 10929.9 = 11106.8 over 104 frames.
theo_8_2_3_0022 
LOG (lattice-best-path[5.4.167~1-28e4e]:main():lattice-best-path.cc:99) For utterance theo_8_2_5_0046, best cost 249.135 + 10614.5 = 10863.6 over 99 frames.
theo_8_2_5_0046 eight 
LOG (lattice-best-path[5.4.167~1-28e4e]:main():lattice-best-path.cc:99) For utterance theo_8_2_5_0085, best cost 283.095 + 9207.2 = 9490.29 over 90 frames.
theo_8_2_5_0085 eight two five 
LOG (lattice-best-path[5.4.167~1-28e4e]:main():lattice-best-path.cc:99) For utterance theo_8_2_9_0019, best cost 317.967 + 10841.3 = 11159.2 over 106 frames.
theo_8_2_9_0019 two 
LOG (lattice-best-path[5.4.167~1-28e4e]:main():lattice-best-path.cc:99) For utterance theo_8_4_6_0083, best cost 178.05 + 11478 = 11656.1 over 106 frames.
theo_8_4_6_0083 
LOG (lattice-best-path[5.4.167~1-28e4e]:main():lattice-best-path.cc:99) For utterance theo_8_5_2_0084, best cost 268.62 + 12210.1 = 12478.7 over 114 frames.
theo_8_5_2_0084 eight 
LOG (lattice-best-path[5.4.167~1-28e4e]:main():lattice-best-path.cc:99) For utterance theo_8_5_7_0030, best cost 350.25 + 13149.6 = 13499.8 over 129 frames.
theo_8_5_7_0030 five 
LOG (lattice-best-path[5.4.167~1-28e4e]:main():lattice-best-path.cc:99) For utterance theo_8_6_9_0012, best cost 179.226 + 11500.1 = 11679.3 over 108 frames.
theo_8_6_9_0012 
LOG (lattice-best-path[5.4.167~1-28e4e]:main():lattice-best-path.cc:99) For utterance theo_8_9_1_0077, best cost 244.739 + 12144.5 = 12389.2 over 108 frames.
theo_8_9_1_0077 eight 
LOG (lattice-best-path[5.4.167~1-28e4e]:main():lattice-best-path.cc:99) For utterance theo_9_1_1_0020, best cost 169.815 + 9500.51 = 9670.32 over 92 frames.
theo_9_1_1_0020 
LOG (lattice-best-path[5.4.167~1-28e4e]:main():lattice-best-path.cc:99) For utterance theo_9_1_8_0003, best cost 187.461 + 12598.7 = 12786.1 over 122 frames.
theo_9_1_8_0003 
LOG (lattice-best-path[5.4.167~1-28e4e]:main():lattice-best-path.cc:99) For utterance theo_9_4_6_0080, best cost 345.663 + 14912 = 15257.7 over 142 frames.
theo_9_4_6_0080 four 
LOG (lattice-best-path[5.4.167~1-28e4e]:main():lattice-best-path.cc:99) For utterance theo_9_7_4_0059, best cost 460.736 + 28365.7 = 28826.4 over 293 frames.
theo_9_7_4_0059 six 
LOG (lattice-best-path[5.4.167~1-28e4e]:main():lattice-best-path.cc:99) For utterance theo_9_7_9_0098, best cost 211.416 + 17131.7 = 17343.1 over 162 frames.
theo_9_7_9_0098 
LOG (lattice-best-path[5.4.167~1-28e4e]:main():lattice-best-path.cc:99) For utterance theo_9_9_0_0010, best cost 239.167 + 11840.3 = 12079.4 over 113 frames.
theo_9_9_0_0010 nine 
LOG (lattice-best-path[5.4.167~1-28e4e]:main():lattice-best-path.cc:124) Overall cost per frame is 108.935 = 2.02872 [graph] + 106.907 [acoustic] over 11486 frames.
LOG (lattice-best-path[5.4.167~1-28e4e]:main():lattice-best-path.cc:128) Done 100 lattices, failed for 0
# Accounting: time=0 threads=1
# Ended (code 0) at Tue Sep  4 16:04:19 CEST 2018, elapsed time 0 seconds
