# lattice-best-path --lm-scale=13 --word-symbol-table=exp/mono/graph/words.txt "ark:gunzip -c exp/mono/decode/lat.*.gz|" ark,t:exp/mono/decode/scoring/13.tra 
# Started at Tue Sep  4 16:04:19 CEST 2018
#
lattice-best-path --lm-scale=13 --word-symbol-table=exp/mono/graph/words.txt 'ark:gunzip -c exp/mono/decode/lat.*.gz|' ark,t:exp/mono/decode/scoring/13.tra 
LOG (lattice-best-path[5.4.167~1-28e4e]:main():lattice-best-path.cc:99) For utterance theo_0_0_1_0042, best cost 140.364 + 10485.2 = 10625.6 over 97 frames.
theo_0_0_1_0042 
LOG (lattice-best-path[5.4.167~1-28e4e]:main():lattice-best-path.cc:99) For utterance theo_0_0_5_0016, best cost 207.493 + 11798.7 = 12006.2 over 118 frames.
theo_0_0_5_0016 five 
LOG (lattice-best-path[5.4.167~1-28e4e]:main():lattice-best-path.cc:99) For utterance theo_0_2_1_0004, best cost 266.089 + 12920.1 = 13186.2 over 122 frames.
theo_0_2_1_0004 two 
LOG (lattice-best-path[5.4.167~1-28e4e]:main():lattice-best-path.cc:99) For utterance theo_0_3_0_0078, best cost 157.091 + 14059.1 = 14216.2 over 132 frames.
theo_0_3_0_0078 
LOG (lattice-best-path[5.4.167~1-28e4e]:main():lattice-best-path.cc:99) For utterance theo_0_3_2_0062, best cost 259.166 + 10398 = 10657.1 over 96 frames.
theo_0_3_2_0062 three 
LOG (lattice-best-path[5.4.167~1-28e4e]:main():lattice-best-path.cc:99) For utterance theo_0_4_5_0055, best cost 152.312 + 13028.6 = 13180.9 over 122 frames.
theo_0_4_5_0055 
LOG (lattice-best-path[5.4.167~1-28e4e]:main():lattice-best-path.cc:99) For utterance theo_0_5_3_0050, best cost 258.934 + 11758 = 12017 over 111 frames.
theo_0_5_3_0050 zero five 
LOG (lattice-best-path[5.4.167~1-28e4e]:main():lattice-best-path.cc:99) For utterance theo_0_5_5_0071, best cost 149.98 + 12469.5 = 12619.5 over 117 frames.
theo_0_5_5_0071 
LOG (lattice-best-path[5.4.167~1-28e4e]:main():lattice-best-path.cc:99) For utterance theo_0_5_9_0021, best cost 309.479 + 18101.8 = 18411.3 over 180 frames.
theo_0_5_9_0021 six 
LOG (lattice-best-path[5.4.167~1-28e4e]:main():lattice-best-path.cc:99) For utterance theo_0_7_4_0070, best cost 134.152 + 9208.27 = 9342.42 over 84 frames.
theo_0_7_4_0070 
LOG (lattice-best-path[5.4.167~1-28e4e]:main():lattice-best-path.cc:99) For utterance theo_0_7_8_0031, best cost 143.71 + 11235.2 = 11378.9 over 104 frames.
theo_0_7_8_0031 
LOG (lattice-best-path[5.4.167~1-28e4e]:main():lattice-best-path.cc:99) For utterance theo_1_1_1_0044, best cost 179.576 + 7876.96 = 8056.54 over 71 frames.
theo_1_1_1_0044 one 
LOG (lattice-best-path[5.4.167~1-28e4e]:main():lattice-best-path.cc:99) For utterance theo_1_1_5_0073, best cost 150.4 + 12746.3 = 12896.8 over 118 frames.
theo_1_1_5_0073 
LOG (lattice-best-path[5.4.167~1-28e4e]:main():lattice-best-path.cc:99) For utterance theo_1_4_2_0005, best cost 234.084 + 9659.21 = 9893.3 over 88 frames.
theo_1_4_2_0005 one four two 
LOG (lattice-best-path[5.4.167~1-28e4e]:main():lattice-best-path.cc:99) For utterance theo_1_9_4_0056, best cost 191.312 + 10164.1 = 10355.4 over 94 frames.
theo_1_9_4_0056 one 
LOG (lattice-best-path[5.4.167~1-28e4e]:main():lattice-best-path.cc:99) For utterance theo_1_9_4_0093, best cost 144.188 + 11153.5 = 11297.7 over 105 frames.
theo_1_9_4_0093 
LOG (lattice-best-path[5.4.167~1-28e4e]:main():lattice-best-path.cc:99) For utterance theo_1_9_8_0053, best cost 152.511 + 10705.3 = 10857.8 over 101 frames.
theo_1_9_8_0053 
LOG (lattice-best-path[5.4.167~1-28e4e]:main():lattice-best-path.cc:99) For utterance theo_2_2_6_0066, best cost 280.843 + 16574.6 = 16855.4 over 156 frames.
theo_2_2_6_0066 two 
LOG (lattice-best-path[5.4.167~1-28e4e]:main():lattice-best-path.cc:99) For utterance theo_2_3_3_0089, best cost 140.549 + 10940.8 = 11081.3 over 94 frames.
theo_2_3_3_0089 
LOG (lattice-best-path[5.4.167~1-28e4e]:main():lattice-best-path.cc:99) For utterance theo_2_3_5_0088, best cost 197.82 + 11123.6 = 11321.4 over 106 frames.
theo_2_3_5_0088 five 
LOG (lattice-best-path[5.4.167~1-28e4e]:main():lattice-best-path.cc:99) For utterance theo_2_4_9_0025, best cost 159.959 + 15241.4 = 15401.3 over 138 frames.
theo_2_4_9_0025 
LOG (lattice-best-path[5.4.167~1-28e4e]:main():lattice-best-path.cc:99) For utterance theo_2_6_2_0002, best cost 279.471 + 15765.8 = 16045.2 over 150 frames.
theo_2_6_2_0002 two 
LOG (lattice-best-path[5.4.167~1-28e4e]:main():lattice-best-path.cc:99) For utterance theo_2_7_0_0007, best cost 141.798 + 10501.8 = 10643.6 over 100 frames.
theo_2_7_0_0007 
LOG (lattice-best-path[5.4.167~1-28e4e]:main():lattice-best-path.cc:99) For utterance theo_2_8_0_0096, best cost 136.541 + 9507.27 = 9643.81 over 89 frames.
theo_2_8_0_0096 
LOG (lattice-best-path[5.4.167~1-28e4e]:main():lattice-best-path.cc:99) For utterance theo_2_9_5_0008, best cost 265.437 + 12855.4 = 13120.9 over 131 frames.
theo_2_9_5_0008 five five 
LOG (lattice-best-path[5.4.167~1-28e4e]:main():lattice-best-path.cc:99) For utterance theo_3_1_3_0052, best cost 152.963 + 13643.6 = 13796.5 over 123 frames.
theo_3_1_3_0052 
LOG (lattice-best-path[5.4.167~1-28e4e]:main():lattice-best-path.cc:99) For utterance theo_3_1_5_0037, best cost 277.474 + 13484.2 = 13761.7 over 128 frames.
theo_3_1_5_0037 five 
LOG (lattice-best-path[5.4.167~1-28e4e]:main():lattice-best-path.cc:99) For utterance theo_3_2_5_0076, best cost 192.377 + 9929.35 = 10121.7 over 94 frames.
theo_3_2_5_0076 five 
LOG (lattice-best-path[5.4.167~1-28e4e]:main():lattice-best-path.cc:99) For utterance theo_3_2_8_0009, best cost 204.382 + 11188.9 = 11393.3 over 96 frames.
theo_3_2_8_0009 
LOG (lattice-best-path[5.4.167~1-28e4e]:main():lattice-best-path.cc:99) For utterance theo_3_3_2_0001, best cost 132.818 + 9185.16 = 9317.98 over 80 frames.
theo_3_3_2_0001 
LOG (lattice-best-path[5.4.167~1-28e4e]:main():lattice-best-path.cc:99) For utterance theo_3_3_9_0011, best cost 293.693 + 16253.2 = 16546.9 over 141 frames.
theo_3_3_9_0011 three 
LOG (lattice-best-path[5.4.167~1-28e4e]:main():lattice-best-path.cc:99) For utterance theo_3_5_5_0061, best cost 276.712 + 12711.1 = 12987.9 over 117 frames.
theo_3_5_5_0061 three five 
LOG (lattice-best-path[5.4.167~1-28e4e]:main():lattice-best-path.cc:99) For utterance theo_3_7_6_0075, best cost 139.104 + 10567.1 = 10706.2 over 94 frames.
theo_3_7_6_0075 
LOG (lattice-best-path[5.4.167~1-28e4e]:main():lattice-best-path.cc:99) For utterance theo_3_7_7_0032, best cost 137.597 + 9888.84 = 10026.4 over 90 frames.
theo_3_7_7_0032 
LOG (lattice-best-path[5.4.167~1-28e4e]:main():lattice-best-path.cc:99) For utterance theo_3_8_3_0082, best cost 321.413 + 13752.6 = 14074 over 130 frames.
theo_3_8_3_0082 three eight eight 
LOG (lattice-best-path[5.4.167~1-28e4e]:main():lattice-best-path.cc:99) For utterance theo_3_9_0_0095, best cost 262.003 + 12459.9 = 12721.9 over 121 frames.
theo_3_9_0_0095 five 
LOG (lattice-best-path[5.4.167~1-28e4e]:main():lattice-best-path.cc:99) For utterance theo_3_9_7_0023, best cost 317.04 + 12243 = 12560.1 over 111 frames.
theo_3_9_7_0023 three eight 
LOG (lattice-best-path[5.4.167~1-28e4e]:main():lattice-best-path.cc:99) For utterance theo_4_0_1_0051, best cost 155.715 + 14337.5 = 14493.2 over 129 frames.
theo_4_0_1_0051 
LOG (lattice-best-path[5.4.167~1-28e4e]:main():lattice-best-path.cc:99) For utterance theo_4_1_5_0079, best cost 220.035 + 14120.3 = 14340.4 over 132 frames.
theo_4_1_5_0079 five 
LOG (lattice-best-path[5.4.167~1-28e4e]:main():lattice-best-path.cc:99) For utterance theo_4_1_7_0014, best cost 250.792 + 10763.3 = 11014.1 over 103 frames.
theo_4_1_7_0014 one seven 
LOG (lattice-best-path[5.4.167~1-28e4e]:main():lattice-best-path.cc:99) For utterance theo_4_3_0_0015, best cost 144.666 + 12422.1 = 12566.8 over 106 frames.
theo_4_3_0_0015 
LOG (lattice-best-path[5.4.167~1-28e4e]:main():lattice-best-path.cc:99) For utterance theo_4_5_6_0043, best cost 151.53 + 12843.4 = 12994.9 over 120 frames.
theo_4_5_6_0043 
LOG (lattice-best-path[5.4.167~1-28e4e]:main():lattice-best-path.cc:99) For utterance theo_4_6_2_0013, best cost 146.577 + 11965.9 = 12112.5 over 110 frames.
theo_4_6_2_0013 
LOG (lattice-best-path[5.4.167~1-28e4e]:main():lattice-best-path.cc:99) For utterance theo_4_6_5_0049, best cost 151.834 + 12780.8 = 12932.6 over 121 frames.
theo_4_6_5_0049 
LOG (lattice-best-path[5.4.167~1-28e4e]:main():lattice-best-path.cc:99) For utterance theo_5_0_4_0086, best cost 232.184 + 14616.6 = 14848.8 over 142 frames.
theo_5_0_4_0086 five 
LOG (lattice-best-path[5.4.167~1-28e4e]:main():lattice-best-path.cc:99) For utterance theo_5_0_5_0091, best cost 203.014 + 9755.17 = 9958.18 over 92 frames.
theo_5_0_5_0091 five 
LOG (lattice-best-path[5.4.167~1-28e4e]:main():lattice-best-path.cc:99) For utterance theo_5_1_2_0087, best cost 250.167 + 8442.73 = 8692.9 over 82 frames.
theo_5_1_2_0087 five one 
LOG (lattice-best-path[5.4.167~1-28e4e]:main():lattice-best-path.cc:99) For utterance theo_5_1_3_0065, best cost 188.482 + 9546.06 = 9734.54 over 91 frames.
theo_5_1_3_0065 five 
LOG (lattice-best-path[5.4.167~1-28e4e]:main():lattice-best-path.cc:99) For utterance theo_5_1_4_0026, best cost 290.073 + 17150.3 = 17440.4 over 158 frames.
theo_5_1_4_0026 one 
LOG (lattice-best-path[5.4.167~1-28e4e]:main():lattice-best-path.cc:99) For utterance theo_5_1_4_0092, best cost 146.099 + 12005.8 = 12151.9 over 109 frames.
theo_5_1_4_0092 
LOG (lattice-best-path[5.4.167~1-28e4e]:main():lattice-best-path.cc:99) For utterance theo_5_2_3_0006, best cost 238.245 + 9207.39 = 9445.64 over 82 frames.
theo_5_2_3_0006 five three 
LOG (lattice-best-path[5.4.167~1-28e4e]:main():lattice-best-path.cc:99) For utterance theo_5_2_6_0058, best cost 209.326 + 12303.8 = 12513.1 over 112 frames.
theo_5_2_6_0058 five 
LOG (lattice-best-path[5.4.167~1-28e4e]:main():lattice-best-path.cc:99) For utterance theo_5_2_9_0060, best cost 210.738 + 12397.1 = 12607.8 over 126 frames.
theo_5_2_9_0060 five 
LOG (lattice-best-path[5.4.167~1-28e4e]:main():lattice-best-path.cc:99) For utterance theo_5_3_3_0035, best cost 271.66 + 12693 = 12964.6 over 119 frames.
theo_5_3_3_0035 three 
LOG (lattice-best-path[5.4.167~1-28e4e]:main():lattice-best-path.cc:99) For utterance theo_5_5_2_0018, best cost 142.392 + 11217.6 = 11360 over 101 frames.
theo_5_5_2_0018 
LOG (lattice-best-path[5.4.167~1-28e4e]:main():lattice-best-path.cc:99) For utterance theo_5_5_3_0064, best cost 140.364 + 10574.8 = 10715.1 over 97 frames.
theo_5_5_3_0064 
LOG (lattice-best-path[5.4.167~1-28e4e]:main():lattice-best-path.cc:99) For utterance theo_5_6_3_0057, best cost 150.936 + 12660.7 = 12811.7 over 119 frames.
theo_5_6_3_0057 
LOG (lattice-best-path[5.4.167~1-28e4e]:main():lattice-best-path.cc:99) For utterance theo_5_6_7_0038, best cost 157.091 + 13840 = 13997.1 over 132 frames.
theo_5_6_7_0038 
LOG (lattice-best-path[5.4.167~1-28e4e]:main():lattice-best-path.cc:99) For utterance theo_5_7_3_0097, best cost 188.381 + 9106.71 = 9295.09 over 86 frames.
theo_5_7_3_0097 five 
LOG (lattice-best-path[5.4.167~1-28e4e]:main():lattice-best-path.cc:99) For utterance theo_6_0_1_0094, best cost 209.371 + 13731.4 = 13940.8 over 130 frames.
theo_6_0_1_0094 one 
LOG (lattice-best-path[5.4.167~1-28e4e]:main():lattice-best-path.cc:99) For utterance theo_6_0_2_0039, best cost 276.279 + 14092.8 = 14369.1 over 137 frames.
theo_6_0_2_0039 zero 
LOG (lattice-best-path[5.4.167~1-28e4e]:main():lattice-best-path.cc:99) For utterance theo_6_1_1_0047, best cost 156.135 + 14227.4 = 14383.5 over 130 frames.
theo_6_1_1_0047 
LOG (lattice-best-path[5.4.167~1-28e4e]:main():lattice-best-path.cc:99) For utterance theo_6_1_9_0072, best cost 262.71 + 11668.1 = 11930.8 over 106 frames.
theo_6_1_9_0072 one 
LOG (lattice-best-path[5.4.167~1-28e4e]:main():lattice-best-path.cc:99) For utterance theo_6_2_2_0040, best cost 137.975 + 10388.8 = 10526.8 over 92 frames.
theo_6_2_2_0040 
LOG (lattice-best-path[5.4.167~1-28e4e]:main():lattice-best-path.cc:99) For utterance theo_6_3_3_0067, best cost 145.143 + 11514.7 = 11659.9 over 107 frames.
theo_6_3_3_0067 
LOG (lattice-best-path[5.4.167~1-28e4e]:main():lattice-best-path.cc:99) For utterance theo_6_3_9_0029, best cost 143.71 + 11138.9 = 11282.7 over 104 frames.
theo_6_3_9_0029 
LOG (lattice-best-path[5.4.167~1-28e4e]:main():lattice-best-path.cc:99) For utterance theo_6_4_4_0054, best cost 201.606 + 12238.9 = 12440.5 over 112 frames.
theo_6_4_4_0054 four 
LOG (lattice-best-path[5.4.167~1-28e4e]:main():lattice-best-path.cc:99) For utterance theo_6_4_5_0090, best cost 143.232 + 10933 = 11076.2 over 103 frames.
theo_6_4_5_0090 
LOG (lattice-best-path[5.4.167~1-28e4e]:main():lattice-best-path.cc:99) For utterance theo_6_4_9_0036, best cost 274.307 + 12586.2 = 12860.5 over 115 frames.
theo_6_4_9_0036 four 
LOG (lattice-best-path[5.4.167~1-28e4e]:main():lattice-best-path.cc:99) For utterance theo_6_6_0_0074, best cost 159.481 + 14461.5 = 14620.9 over 137 frames.
theo_6_6_0_0074 
LOG (lattice-best-path[5.4.167~1-28e4e]:main():lattice-best-path.cc:99) For utterance theo_6_6_9_0048, best cost 149.14 + 12292.5 = 12441.6 over 115 frames.
theo_6_6_9_0048 
LOG (lattice-best-path[5.4.167~1-28e4e]:main():lattice-best-path.cc:99) For utterance theo_6_7_2_0000, best cost 146.099 + 12047.8 = 12193.9 over 109 frames.
theo_6_7_2_0000 
LOG (lattice-best-path[5.4.167~1-28e4e]:main():lattice-best-path.cc:99) For utterance theo_6_7_2_0081, best cost 157.091 + 14171 = 14328 over 132 frames.
theo_6_7_2_0081 
LOG (lattice-best-path[5.4.167~1-28e4e]:main():lattice-best-path.cc:99) For utterance theo_6_7_7_0017, best cost 150.863 + 12814.6 = 12965.5 over 118 frames.
theo_6_7_7_0017 
LOG (lattice-best-path[5.4.167~1-28e4e]:main():lattice-best-path.cc:99) For utterance theo_6_9_3_0024, best cost 161.839 + 15154.5 = 15316.4 over 140 frames.
theo_6_9_3_0024 
LOG (lattice-best-path[5.4.167~1-28e4e]:main():lattice-best-path.cc:99) For utterance theo_7_1_0_0027, best cost 134.629 + 9503.26 = 9637.89 over 85 frames.
theo_7_1_0_0027 
LOG (lattice-best-path[5.4.167~1-28e4e]:main():lattice-best-path.cc:99) For utterance theo_7_1_1_0063, best cost 136.772 + 9939.23 = 10076 over 89 frames.
theo_7_1_1_0063 
LOG (lattice-best-path[5.4.167~1-28e4e]:main():lattice-best-path.cc:99) For utterance theo_7_1_3_0045, best cost 255.46 + 9395.68 = 9651.14 over 90 frames.
theo_7_1_3_0045 seven three 
LOG (lattice-best-path[5.4.167~1-28e4e]:main():lattice-best-path.cc:99) For utterance theo_7_1_6_0099, best cost 158.047 + 14023.9 = 14182 over 134 frames.
theo_7_1_6_0099 
LOG (lattice-best-path[5.4.167~1-28e4e]:main():lattice-best-path.cc:99) For utterance theo_7_3_5_0041, best cost 211.246 + 11943.1 = 12154.3 over 113 frames.
theo_7_3_5_0041 five 
LOG (lattice-best-path[5.4.167~1-28e4e]:main():lattice-best-path.cc:99) For utterance theo_7_4_5_0028, best cost 150.458 + 12627.4 = 12777.8 over 118 frames.
theo_7_4_5_0028 
LOG (lattice-best-path[5.4.167~1-28e4e]:main():lattice-best-path.cc:99) For utterance theo_7_5_3_0069, best cost 286.306 + 11406.6 = 11692.9 over 112 frames.
theo_7_5_3_0069 seven five 
LOG (lattice-best-path[5.4.167~1-28e4e]:main():lattice-best-path.cc:99) For utterance theo_7_6_9_0068, best cost 151.356 + 12751.6 = 12902.9 over 120 frames.
theo_7_6_9_0068 
LOG (lattice-best-path[5.4.167~1-28e4e]:main():lattice-best-path.cc:99) For utterance theo_7_7_8_0033, best cost 146.157 + 11847.2 = 11993.4 over 109 frames.
theo_7_7_8_0033 
LOG (lattice-best-path[5.4.167~1-28e4e]:main():lattice-best-path.cc:99) For utterance theo_7_9_9_0034, best cost 152.79 + 13549.4 = 13702.2 over 123 frames.
theo_7_9_9_0034 
LOG (lattice-best-path[5.4.167~1-28e4e]:main():lattice-best-path.cc:99) For utterance theo_8_2_3_0022, best cost 192.863 + 10879.6 = 11072.5 over 104 frames.
theo_8_2_3_0022 eight 
LOG (lattice-best-path[5.4.167~1-28e4e]:main():lattice-best-path.cc:99) For utterance theo_8_2_5_0046, best cost 202.422 + 10614.5 = 10816.9 over 99 frames.
theo_8_2_5_0046 eight 
LOG (lattice-best-path[5.4.167~1-28e4e]:main():lattice-best-path.cc:99) For utterance theo_8_2_5_0085, best cost 230.015 + 9207.2 = 9437.21 over 90 frames.
theo_8_2_5_0085 eight two five 
LOG (lattice-best-path[5.4.167~1-28e4e]:main():lattice-best-path.cc:99) For utterance theo_8_2_9_0019, best cost 258.348 + 10841.3 = 11099.6 over 106 frames.
theo_8_2_9_0019 two 
LOG (lattice-best-path[5.4.167~1-28e4e]:main():lattice-best-path.cc:99) For utterance theo_8_4_6_0083, best cost 144.666 + 11478 = 11622.7 over 106 frames.
theo_8_4_6_0083 
LOG (lattice-best-path[5.4.167~1-28e4e]:main():lattice-best-path.cc:99) For utterance theo_8_5_2_0084, best cost 218.254 + 12210.1 = 12428.3 over 114 frames.
theo_8_5_2_0084 eight 
LOG (lattice-best-path[5.4.167~1-28e4e]:main():lattice-best-path.cc:99) For utterance theo_8_5_7_0030, best cost 284.578 + 13149.6 = 13434.2 over 129 frames.
theo_8_5_7_0030 five 
LOG (lattice-best-path[5.4.167~1-28e4e]:main():lattice-best-path.cc:99) For utterance theo_8_6_9_0012, best cost 145.621 + 11500.1 = 11645.7 over 108 frames.
theo_8_6_9_0012 
LOG (lattice-best-path[5.4.167~1-28e4e]:main():lattice-best-path.cc:99) For utterance theo_8_9_1_0077, best cost 198.85 + 12144.5 = 12343.3 over 108 frames.
theo_8_9_1_0077 eight 
LOG (lattice-best-path[5.4.167~1-28e4e]:main():lattice-best-path.cc:99) For utterance theo_9_1_1_0020, best cost 137.975 + 9500.51 = 9638.48 over 92 frames.
theo_9_1_1_0020 
LOG (lattice-best-path[5.4.167~1-28e4e]:main():lattice-best-path.cc:99) For utterance theo_9_1_8_0003, best cost 152.312 + 12598.7 = 12751 over 122 frames.
theo_9_1_8_0003 
LOG (lattice-best-path[5.4.167~1-28e4e]:main():lattice-best-path.cc:99) For utterance theo_9_4_6_0080, best cost 280.851 + 14912 = 15192.9 over 142 frames.
theo_9_4_6_0080 four 
LOG (lattice-best-path[5.4.167~1-28e4e]:main():lattice-best-path.cc:99) For utterance theo_9_7_4_0059, best cost 374.348 + 28365.7 = 28740 over 293 frames.
theo_9_7_4_0059 six 
LOG (lattice-best-path[5.4.167~1-28e4e]:main():lattice-best-path.cc:99) For utterance theo_9_7_9_0098, best cost 171.775 + 17131.7 = 17303.5 over 162 frames.
theo_9_7_9_0098 
LOG (lattice-best-path[5.4.167~1-28e4e]:main():lattice-best-path.cc:99) For utterance theo_9_9_0_0010, best cost 194.323 + 11840.3 = 12034.6 over 113 frames.
theo_9_9_0_0010 nine 
LOG (lattice-best-path[5.4.167~1-28e4e]:main():lattice-best-path.cc:124) Overall cost per frame is 108.548 = 1.70874 [graph] + 106.84 [acoustic] over 11486 frames.
LOG (lattice-best-path[5.4.167~1-28e4e]:main():lattice-best-path.cc:128) Done 100 lattices, failed for 0
# Accounting: time=0 threads=1
# Ended (code 0) at Tue Sep  4 16:04:19 CEST 2018, elapsed time 0 seconds
