# lattice-best-path --lm-scale=9 --word-symbol-table=exp/mono/graph/words.txt "ark:gunzip -c exp/mono/decode/lat.*.gz|" ark,t:exp/mono/decode/scoring/9.tra 
# Started at Tue Sep  4 16:04:19 CEST 2018
#
lattice-best-path --lm-scale=9 --word-symbol-table=exp/mono/graph/words.txt 'ark:gunzip -c exp/mono/decode/lat.*.gz|' ark,t:exp/mono/decode/scoring/9.tra 
LOG (lattice-best-path[5.4.167~1-28e4e]:main():lattice-best-path.cc:99) For utterance theo_0_0_1_0042, best cost 97.1753 + 10485.2 = 10582.4 over 97 frames.
theo_0_0_1_0042 
LOG (lattice-best-path[5.4.167~1-28e4e]:main():lattice-best-path.cc:99) For utterance theo_0_0_5_0016, best cost 143.649 + 11798.7 = 11942.4 over 118 frames.
theo_0_0_5_0016 five 
LOG (lattice-best-path[5.4.167~1-28e4e]:main():lattice-best-path.cc:99) For utterance theo_0_2_1_0004, best cost 184.215 + 12920.1 = 13104.3 over 122 frames.
theo_0_2_1_0004 two 
LOG (lattice-best-path[5.4.167~1-28e4e]:main():lattice-best-path.cc:99) For utterance theo_0_3_0_0078, best cost 151.901 + 13999.9 = 14151.8 over 132 frames.
theo_0_3_0_0078 zero 
LOG (lattice-best-path[5.4.167~1-28e4e]:main():lattice-best-path.cc:99) For utterance theo_0_3_2_0062, best cost 179.423 + 10398 = 10577.4 over 96 frames.
theo_0_3_2_0062 three 
LOG (lattice-best-path[5.4.167~1-28e4e]:main():lattice-best-path.cc:99) For utterance theo_0_4_5_0055, best cost 105.447 + 13028.6 = 13134.1 over 122 frames.
theo_0_4_5_0055 
LOG (lattice-best-path[5.4.167~1-28e4e]:main():lattice-best-path.cc:99) For utterance theo_0_5_3_0050, best cost 179.262 + 11758 = 11937.3 over 111 frames.
theo_0_5_3_0050 zero five 
LOG (lattice-best-path[5.4.167~1-28e4e]:main():lattice-best-path.cc:99) For utterance theo_0_5_5_0071, best cost 103.833 + 12469.5 = 12573.4 over 117 frames.
theo_0_5_5_0071 
LOG (lattice-best-path[5.4.167~1-28e4e]:main():lattice-best-path.cc:99) For utterance theo_0_5_9_0021, best cost 214.255 + 18101.8 = 18316.1 over 180 frames.
theo_0_5_9_0021 six 
LOG (lattice-best-path[5.4.167~1-28e4e]:main():lattice-best-path.cc:99) For utterance theo_0_7_4_0070, best cost 92.8742 + 9208.27 = 9301.15 over 84 frames.
theo_0_7_4_0070 
LOG (lattice-best-path[5.4.167~1-28e4e]:main():lattice-best-path.cc:99) For utterance theo_0_7_8_0031, best cost 133.772 + 11193.8 = 11327.5 over 104 frames.
theo_0_7_8_0031 eight 
LOG (lattice-best-path[5.4.167~1-28e4e]:main():lattice-best-path.cc:99) For utterance theo_1_1_1_0044, best cost 124.322 + 7876.96 = 8001.28 over 71 frames.
theo_1_1_1_0044 one 
LOG (lattice-best-path[5.4.167~1-28e4e]:main():lattice-best-path.cc:99) For utterance theo_1_1_5_0073, best cost 104.123 + 12746.3 = 12850.5 over 118 frames.
theo_1_1_5_0073 
LOG (lattice-best-path[5.4.167~1-28e4e]:main():lattice-best-path.cc:99) For utterance theo_1_4_2_0005, best cost 162.058 + 9659.21 = 9821.27 over 88 frames.
theo_1_4_2_0005 one four two 
LOG (lattice-best-path[5.4.167~1-28e4e]:main():lattice-best-path.cc:99) For utterance theo_1_9_4_0056, best cost 132.447 + 10164.1 = 10296.6 over 94 frames.
theo_1_9_4_0056 one 
LOG (lattice-best-path[5.4.167~1-28e4e]:main():lattice-best-path.cc:99) For utterance theo_1_9_4_0093, best cost 99.8222 + 11153.5 = 11253.3 over 105 frames.
theo_1_9_4_0093 
LOG (lattice-best-path[5.4.167~1-28e4e]:main():lattice-best-path.cc:99) For utterance theo_1_9_8_0053, best cost 134.265 + 10673.4 = 10807.7 over 101 frames.
theo_1_9_8_0053 one 
LOG (lattice-best-path[5.4.167~1-28e4e]:main():lattice-best-path.cc:99) For utterance theo_2_2_6_0066, best cost 194.43 + 16574.6 = 16769 over 156 frames.
theo_2_2_6_0066 two 
LOG (lattice-best-path[5.4.167~1-28e4e]:main():lattice-best-path.cc:99) For utterance theo_2_3_3_0089, best cost 97.3029 + 10940.8 = 11038.1 over 94 frames.
theo_2_3_3_0089 
LOG (lattice-best-path[5.4.167~1-28e4e]:main():lattice-best-path.cc:99) For utterance theo_2_3_5_0088, best cost 218.078 + 11026.2 = 11244.3 over 106 frames.
theo_2_3_5_0088 three five 
LOG (lattice-best-path[5.4.167~1-28e4e]:main():lattice-best-path.cc:99) For utterance theo_2_4_9_0025, best cost 110.741 + 15241.4 = 15352.1 over 138 frames.
theo_2_4_9_0025 
LOG (lattice-best-path[5.4.167~1-28e4e]:main():lattice-best-path.cc:99) For utterance theo_2_6_2_0002, best cost 193.48 + 15765.8 = 15959.2 over 150 frames.
theo_2_6_2_0002 two 
LOG (lattice-best-path[5.4.167~1-28e4e]:main():lattice-best-path.cc:99) For utterance theo_2_7_0_0007, best cost 98.1679 + 10501.8 = 10600 over 100 frames.
theo_2_7_0_0007 
LOG (lattice-best-path[5.4.167~1-28e4e]:main():lattice-best-path.cc:99) For utterance theo_2_8_0_0096, best cost 94.5285 + 9507.27 = 9601.8 over 89 frames.
theo_2_8_0_0096 
LOG (lattice-best-path[5.4.167~1-28e4e]:main():lattice-best-path.cc:99) For utterance theo_2_9_5_0008, best cost 183.764 + 12855.4 = 13039.2 over 131 frames.
theo_2_9_5_0008 five five 
LOG (lattice-best-path[5.4.167~1-28e4e]:main():lattice-best-path.cc:99) For utterance theo_3_1_3_0052, best cost 187.46 + 13555.8 = 13743.2 over 123 frames.
theo_3_1_3_0052 five 
LOG (lattice-best-path[5.4.167~1-28e4e]:main():lattice-best-path.cc:99) For utterance theo_3_1_5_0037, best cost 228.14 + 13441.6 = 13669.7 over 128 frames.
theo_3_1_5_0037 three five 
LOG (lattice-best-path[5.4.167~1-28e4e]:main():lattice-best-path.cc:99) For utterance theo_3_2_5_0076, best cost 133.184 + 9929.35 = 10062.5 over 94 frames.
theo_3_2_5_0076 five 
LOG (lattice-best-path[5.4.167~1-28e4e]:main():lattice-best-path.cc:99) For utterance theo_3_2_8_0009, best cost 141.495 + 11188.9 = 11330.4 over 96 frames.
theo_3_2_8_0009 
LOG (lattice-best-path[5.4.167~1-28e4e]:main():lattice-best-path.cc:99) For utterance theo_3_3_2_0001, best cost 173.651 + 9078.23 = 9251.88 over 80 frames.
theo_3_3_2_0001 eight 
LOG (lattice-best-path[5.4.167~1-28e4e]:main():lattice-best-path.cc:99) For utterance theo_3_3_9_0011, best cost 203.326 + 16253.2 = 16456.5 over 141 frames.
theo_3_3_9_0011 three 
LOG (lattice-best-path[5.4.167~1-28e4e]:main():lattice-best-path.cc:99) For utterance theo_3_5_5_0061, best cost 191.57 + 12711.1 = 12902.7 over 117 frames.
theo_3_5_5_0061 three five 
LOG (lattice-best-path[5.4.167~1-28e4e]:main():lattice-best-path.cc:99) For utterance theo_3_7_6_0075, best cost 96.3028 + 10567.1 = 10663.4 over 94 frames.
theo_3_7_6_0075 
LOG (lattice-best-path[5.4.167~1-28e4e]:main():lattice-best-path.cc:99) For utterance theo_3_7_7_0032, best cost 130.729 + 9850.55 = 9981.28 over 90 frames.
theo_3_7_7_0032 three 
LOG (lattice-best-path[5.4.167~1-28e4e]:main():lattice-best-path.cc:99) For utterance theo_3_8_3_0082, best cost 222.516 + 13752.6 = 13975.1 over 130 frames.
theo_3_8_3_0082 three eight eight 
LOG (lattice-best-path[5.4.167~1-28e4e]:main():lattice-best-path.cc:99) For utterance theo_3_9_0_0095, best cost 181.387 + 12459.9 = 12641.3 over 121 frames.
theo_3_9_0_0095 five 
LOG (lattice-best-path[5.4.167~1-28e4e]:main():lattice-best-path.cc:99) For utterance theo_3_9_7_0023, best cost 219.489 + 12243 = 12462.5 over 111 frames.
theo_3_9_7_0023 three eight 
LOG (lattice-best-path[5.4.167~1-28e4e]:main():lattice-best-path.cc:99) For utterance theo_4_0_1_0051, best cost 107.803 + 14337.5 = 14445.3 over 129 frames.
theo_4_0_1_0051 
LOG (lattice-best-path[5.4.167~1-28e4e]:main():lattice-best-path.cc:99) For utterance theo_4_1_5_0079, best cost 152.332 + 14120.3 = 14272.7 over 132 frames.
theo_4_1_5_0079 five 
LOG (lattice-best-path[5.4.167~1-28e4e]:main():lattice-best-path.cc:99) For utterance theo_4_1_7_0014, best cost 173.625 + 10763.3 = 10937 over 103 frames.
theo_4_1_7_0014 one seven 
LOG (lattice-best-path[5.4.167~1-28e4e]:main():lattice-best-path.cc:99) For utterance theo_4_3_0_0015, best cost 136.936 + 12384.6 = 12521.5 over 106 frames.
theo_4_3_0_0015 four 
LOG (lattice-best-path[5.4.167~1-28e4e]:main():lattice-best-path.cc:99) For utterance theo_4_5_6_0043, best cost 104.905 + 12843.4 = 12948.3 over 120 frames.
theo_4_5_6_0043 
LOG (lattice-best-path[5.4.167~1-28e4e]:main():lattice-best-path.cc:99) For utterance theo_4_6_2_0013, best cost 101.477 + 11965.9 = 12067.4 over 110 frames.
theo_4_6_2_0013 
LOG (lattice-best-path[5.4.167~1-28e4e]:main():lattice-best-path.cc:99) For utterance theo_4_6_5_0049, best cost 105.116 + 12780.8 = 12885.9 over 121 frames.
theo_4_6_5_0049 
LOG (lattice-best-path[5.4.167~1-28e4e]:main():lattice-best-path.cc:99) For utterance theo_5_0_4_0086, best cost 160.743 + 14616.6 = 14777.4 over 142 frames.
theo_5_0_4_0086 five 
LOG (lattice-best-path[5.4.167~1-28e4e]:main():lattice-best-path.cc:99) For utterance theo_5_0_5_0091, best cost 176.806 + 9716.78 = 9893.58 over 92 frames.
theo_5_0_5_0091 five three five 
LOG (lattice-best-path[5.4.167~1-28e4e]:main():lattice-best-path.cc:99) For utterance theo_5_1_2_0087, best cost 173.192 + 8442.73 = 8615.92 over 82 frames.
theo_5_1_2_0087 five one 
LOG (lattice-best-path[5.4.167~1-28e4e]:main():lattice-best-path.cc:99) For utterance theo_5_1_3_0065, best cost 130.487 + 9546.06 = 9676.55 over 91 frames.
theo_5_1_3_0065 five 
LOG (lattice-best-path[5.4.167~1-28e4e]:main():lattice-best-path.cc:99) For utterance theo_5_1_4_0026, best cost 200.82 + 17150.3 = 17351.1 over 158 frames.
theo_5_1_4_0026 one 
LOG (lattice-best-path[5.4.167~1-28e4e]:main():lattice-best-path.cc:99) For utterance theo_5_1_4_0092, best cost 101.146 + 12005.8 = 12106.9 over 109 frames.
theo_5_1_4_0092 
LOG (lattice-best-path[5.4.167~1-28e4e]:main():lattice-best-path.cc:99) For utterance theo_5_2_3_0006, best cost 164.939 + 9207.39 = 9372.33 over 82 frames.
theo_5_2_3_0006 five three 
LOG (lattice-best-path[5.4.167~1-28e4e]:main():lattice-best-path.cc:99) For utterance theo_5_2_6_0058, best cost 144.918 + 12303.8 = 12448.7 over 112 frames.
theo_5_2_6_0058 five 
LOG (lattice-best-path[5.4.167~1-28e4e]:main():lattice-best-path.cc:99) For utterance theo_5_2_9_0060, best cost 145.896 + 12397.1 = 12543 over 126 frames.
theo_5_2_9_0060 five 
LOG (lattice-best-path[5.4.167~1-28e4e]:main():lattice-best-path.cc:99) For utterance theo_5_3_3_0035, best cost 188.072 + 12693 = 12881 over 119 frames.
theo_5_3_3_0035 three 
LOG (lattice-best-path[5.4.167~1-28e4e]:main():lattice-best-path.cc:99) For utterance theo_5_5_2_0018, best cost 132.847 + 11181.4 = 11314.3 over 101 frames.
theo_5_5_2_0018 two 
LOG (lattice-best-path[5.4.167~1-28e4e]:main():lattice-best-path.cc:99) For utterance theo_5_5_3_0064, best cost 97.1753 + 10574.8 = 10671.9 over 97 frames.
theo_5_5_3_0064 
LOG (lattice-best-path[5.4.167~1-28e4e]:main():lattice-best-path.cc:99) For utterance theo_5_6_3_0057, best cost 185.889 + 12551.9 = 12737.8 over 119 frames.
theo_5_6_3_0057 three 
LOG (lattice-best-path[5.4.167~1-28e4e]:main():lattice-best-path.cc:99) For utterance theo_5_6_7_0038, best cost 108.755 + 13840 = 13948.8 over 132 frames.
theo_5_6_7_0038 
LOG (lattice-best-path[5.4.167~1-28e4e]:main():lattice-best-path.cc:99) For utterance theo_5_7_3_0097, best cost 130.418 + 9106.71 = 9237.13 over 86 frames.
theo_5_7_3_0097 five 
LOG (lattice-best-path[5.4.167~1-28e4e]:main():lattice-best-path.cc:99) For utterance theo_6_0_1_0094, best cost 144.949 + 13731.4 = 13876.3 over 130 frames.
theo_6_0_1_0094 one 
LOG (lattice-best-path[5.4.167~1-28e4e]:main():lattice-best-path.cc:99) For utterance theo_6_0_2_0039, best cost 191.27 + 14092.8 = 14284.1 over 137 frames.
theo_6_0_2_0039 zero 
LOG (lattice-best-path[5.4.167~1-28e4e]:main():lattice-best-path.cc:99) For utterance theo_6_1_1_0047, best cost 108.094 + 14227.4 = 14335.5 over 130 frames.
theo_6_1_1_0047 
LOG (lattice-best-path[5.4.167~1-28e4e]:main():lattice-best-path.cc:99) For utterance theo_6_1_9_0072, best cost 181.876 + 11668.1 = 11850 over 106 frames.
theo_6_1_9_0072 one 
LOG (lattice-best-path[5.4.167~1-28e4e]:main():lattice-best-path.cc:99) For utterance theo_6_2_2_0040, best cost 95.521 + 10388.8 = 10484.3 over 92 frames.
theo_6_2_2_0040 
LOG (lattice-best-path[5.4.167~1-28e4e]:main():lattice-best-path.cc:99) For utterance theo_6_3_3_0067, best cost 100.484 + 11514.7 = 11615.2 over 107 frames.
theo_6_3_3_0067 
LOG (lattice-best-path[5.4.167~1-28e4e]:main():lattice-best-path.cc:99) For utterance theo_6_3_9_0029, best cost 99.4914 + 11138.9 = 11238.4 over 104 frames.
theo_6_3_9_0029 
LOG (lattice-best-path[5.4.167~1-28e4e]:main():lattice-best-path.cc:99) For utterance theo_6_4_4_0054, best cost 139.573 + 12238.9 = 12378.5 over 112 frames.
theo_6_4_4_0054 four 
LOG (lattice-best-path[5.4.167~1-28e4e]:main():lattice-best-path.cc:99) For utterance theo_6_4_5_0090, best cost 99.1605 + 10933 = 11032.2 over 103 frames.
theo_6_4_5_0090 
LOG (lattice-best-path[5.4.167~1-28e4e]:main():lattice-best-path.cc:99) For utterance theo_6_4_9_0036, best cost 189.905 + 12586.2 = 12776.1 over 115 frames.
theo_6_4_9_0036 four 
LOG (lattice-best-path[5.4.167~1-28e4e]:main():lattice-best-path.cc:99) For utterance theo_6_6_0_0074, best cost 110.41 + 14461.5 = 14571.9 over 137 frames.
theo_6_6_0_0074 
LOG (lattice-best-path[5.4.167~1-28e4e]:main():lattice-best-path.cc:99) For utterance theo_6_6_9_0048, best cost 103.251 + 12292.5 = 12395.8 over 115 frames.
theo_6_6_9_0048 
LOG (lattice-best-path[5.4.167~1-28e4e]:main():lattice-best-path.cc:99) For utterance theo_6_7_2_0000, best cost 101.146 + 12047.8 = 12149 over 109 frames.
theo_6_7_2_0000 
LOG (lattice-best-path[5.4.167~1-28e4e]:main():lattice-best-path.cc:99) For utterance theo_6_7_2_0081, best cost 108.755 + 14171 = 14279.7 over 132 frames.
theo_6_7_2_0081 
LOG (lattice-best-path[5.4.167~1-28e4e]:main():lattice-best-path.cc:99) For utterance theo_6_7_7_0017, best cost 104.443 + 12814.6 = 12919 over 118 frames.
theo_6_7_7_0017 
LOG (lattice-best-path[5.4.167~1-28e4e]:main():lattice-best-path.cc:99) For utterance theo_6_9_3_0024, best cost 112.042 + 15154.5 = 15266.6 over 140 frames.
theo_6_9_3_0024 
LOG (lattice-best-path[5.4.167~1-28e4e]:main():lattice-best-path.cc:99) For utterance theo_7_1_0_0027, best cost 93.205 + 9503.26 = 9596.46 over 85 frames.
theo_7_1_0_0027 
LOG (lattice-best-path[5.4.167~1-28e4e]:main():lattice-best-path.cc:99) For utterance theo_7_1_1_0063, best cost 94.6885 + 9939.23 = 10033.9 over 89 frames.
theo_7_1_1_0063 
LOG (lattice-best-path[5.4.167~1-28e4e]:main():lattice-best-path.cc:99) For utterance theo_7_1_3_0045, best cost 176.857 + 9395.68 = 9572.53 over 90 frames.
theo_7_1_3_0045 seven three 
LOG (lattice-best-path[5.4.167~1-28e4e]:main():lattice-best-path.cc:99) For utterance theo_7_1_6_0099, best cost 166.788 + 13944.6 = 14111.4 over 134 frames.
theo_7_1_6_0099 six 
LOG (lattice-best-path[5.4.167~1-28e4e]:main():lattice-best-path.cc:99) For utterance theo_7_3_5_0041, best cost 146.247 + 11943.1 = 12089.3 over 113 frames.
theo_7_3_5_0041 five 
LOG (lattice-best-path[5.4.167~1-28e4e]:main():lattice-best-path.cc:99) For utterance theo_7_4_5_0028, best cost 190.164 + 12540.2 = 12730.4 over 118 frames.
theo_7_4_5_0028 five 
LOG (lattice-best-path[5.4.167~1-28e4e]:main():lattice-best-path.cc:99) For utterance theo_7_5_3_0069, best cost 198.212 + 11406.6 = 11604.8 over 112 frames.
theo_7_5_3_0069 seven five 
LOG (lattice-best-path[5.4.167~1-28e4e]:main():lattice-best-path.cc:99) For utterance theo_7_6_9_0068, best cost 104.785 + 12751.6 = 12856.4 over 120 frames.
theo_7_6_9_0068 
LOG (lattice-best-path[5.4.167~1-28e4e]:main():lattice-best-path.cc:99) For utterance theo_7_7_8_0033, best cost 134.209 + 11801.3 = 11935.5 over 109 frames.
theo_7_7_8_0033 eight 
LOG (lattice-best-path[5.4.167~1-28e4e]:main():lattice-best-path.cc:99) For utterance theo_7_9_9_0034, best cost 189.611 + 13438.4 = 13628 over 123 frames.
theo_7_9_9_0034 five 
LOG (lattice-best-path[5.4.167~1-28e4e]:main():lattice-best-path.cc:99) For utterance theo_8_2_3_0022, best cost 174.178 + 10826.2 = 11000.3 over 104 frames.
theo_8_2_3_0022 eight three 
LOG (lattice-best-path[5.4.167~1-28e4e]:main():lattice-best-path.cc:99) For utterance theo_8_2_5_0046, best cost 140.139 + 10614.5 = 10754.6 over 99 frames.
theo_8_2_5_0046 eight 
LOG (lattice-best-path[5.4.167~1-28e4e]:main():lattice-best-path.cc:99) For utterance theo_8_2_5_0085, best cost 159.241 + 9207.2 = 9366.44 over 90 frames.
theo_8_2_5_0085 eight two five 
LOG (lattice-best-path[5.4.167~1-28e4e]:main():lattice-best-path.cc:99) For utterance theo_8_2_9_0019, best cost 178.856 + 10841.3 = 11020.1 over 106 frames.
theo_8_2_9_0019 two 
LOG (lattice-best-path[5.4.167~1-28e4e]:main():lattice-best-path.cc:99) For utterance theo_8_4_6_0083, best cost 100.153 + 11478 = 11578.2 over 106 frames.
theo_8_4_6_0083 
LOG (lattice-best-path[5.4.167~1-28e4e]:main():lattice-best-path.cc:99) For utterance theo_8_5_2_0084, best cost 151.099 + 12210.1 = 12361.2 over 114 frames.
theo_8_5_2_0084 eight 
LOG (lattice-best-path[5.4.167~1-28e4e]:main():lattice-best-path.cc:99) For utterance theo_8_5_7_0030, best cost 232.39 + 13112.3 = 13344.7 over 129 frames.
theo_8_5_7_0030 eight five 
LOG (lattice-best-path[5.4.167~1-28e4e]:main():lattice-best-path.cc:99) For utterance theo_8_6_9_0012, best cost 134.844 + 11452.6 = 11587.4 over 108 frames.
theo_8_6_9_0012 eight 
LOG (lattice-best-path[5.4.167~1-28e4e]:main():lattice-best-path.cc:99) For utterance theo_8_9_1_0077, best cost 137.666 + 12144.5 = 12282.2 over 108 frames.
theo_8_9_1_0077 eight 
LOG (lattice-best-path[5.4.167~1-28e4e]:main():lattice-best-path.cc:99) For utterance theo_9_1_1_0020, best cost 141.512 + 9441.74 = 9583.25 over 92 frames.
theo_9_1_1_0020 five 
LOG (lattice-best-path[5.4.167~1-28e4e]:main():lattice-best-path.cc:99) For utterance theo_9_1_8_0003, best cost 236.718 + 12453.6 = 12690.3 over 122 frames.
theo_9_1_8_0003 five one 
LOG (lattice-best-path[5.4.167~1-28e4e]:main():lattice-best-path.cc:99) For utterance theo_9_4_6_0080, best cost 194.435 + 14912 = 15106.5 over 142 frames.
theo_9_4_6_0080 four 
LOG (lattice-best-path[5.4.167~1-28e4e]:main():lattice-best-path.cc:99) For utterance theo_9_7_4_0059, best cost 259.164 + 28365.7 = 28624.8 over 293 frames.
theo_9_7_4_0059 six 
LOG (lattice-best-path[5.4.167~1-28e4e]:main():lattice-best-path.cc:99) For utterance theo_9_7_9_0098, best cost 153.398 + 17090.3 = 17243.7 over 162 frames.
theo_9_7_9_0098 five 
LOG (lattice-best-path[5.4.167~1-28e4e]:main():lattice-best-path.cc:99) For utterance theo_9_9_0_0010, best cost 134.532 + 11840.3 = 11974.8 over 113 frames.
theo_9_9_0_0010 nine 
LOG (lattice-best-path[5.4.167~1-28e4e]:main():lattice-best-path.cc:124) Overall cost per frame is 108.002 = 1.28681 [graph] + 106.715 [acoustic] over 11486 frames.
LOG (lattice-best-path[5.4.167~1-28e4e]:main():lattice-best-path.cc:128) Done 100 lattices, failed for 0
# Accounting: time=0 threads=1
# Ended (code 0) at Tue Sep  4 16:04:19 CEST 2018, elapsed time 0 seconds
