# gmm-acc-stats-ali exp/mono/20.mdl "ark,s,cs:apply-cmvn  --utt2spk=ark:data/train/split1/1/utt2spk scp:data/train/split1/1/cmvn.scp scp:data/train/split1/1/feats.scp ark:- | add-deltas  ark:- ark:- |" "ark:gunzip -c exp/mono/ali.1.gz|" exp/mono/20.1.acc 
# Started at Tue Sep  4 16:04:07 CEST 2018
#
gmm-acc-stats-ali exp/mono/20.mdl 'ark,s,cs:apply-cmvn  --utt2spk=ark:data/train/split1/1/utt2spk scp:data/train/split1/1/cmvn.scp scp:data/train/split1/1/feats.scp ark:- | add-deltas  ark:- ark:- |' 'ark:gunzip -c exp/mono/ali.1.gz|' exp/mono/20.1.acc 
apply-cmvn --utt2spk=ark:data/train/split1/1/utt2spk scp:data/train/split1/1/cmvn.scp scp:data/train/split1/1/feats.scp ark:- 
add-deltas ark:- ark:- 
WARNING (gmm-acc-stats-ali[5.4.167~1-28e4e]:main():gmm-acc-stats-ali.cc:79) No alignment for utterance jackson_0_9_0_0029
WARNING (gmm-acc-stats-ali[5.4.167~1-28e4e]:main():gmm-acc-stats-ali.cc:79) No alignment for utterance jackson_0_9_7_0050
WARNING (gmm-acc-stats-ali[5.4.167~1-28e4e]:main():gmm-acc-stats-ali.cc:79) No alignment for utterance jackson_1_6_0_0055
WARNING (gmm-acc-stats-ali[5.4.167~1-28e4e]:main():gmm-acc-stats-ali.cc:79) No alignment for utterance jackson_2_7_8_0028
LOG (gmm-acc-stats-ali[5.4.167~1-28e4e]:main():gmm-acc-stats-ali.cc:105) Processed 50 utterances; for utterance jackson_4_8_2_0087 avg. like is -81.3488 over 143 frames.
WARNING (gmm-acc-stats-ali[5.4.167~1-28e4e]:main():gmm-acc-stats-ali.cc:79) No alignment for utterance jackson_7_2_7_0078
WARNING (gmm-acc-stats-ali[5.4.167~1-28e4e]:main():gmm-acc-stats-ali.cc:79) No alignment for utterance jackson_8_4_2_0035
LOG (apply-cmvn[5.4.167~1-28e4e]:main():apply-cmvn.cc:162) Applied cepstral mean normalization to 100 utterances, errors on 0
WARNING (gmm-acc-stats-ali[5.4.167~1-28e4e]:main():gmm-acc-stats-ali.cc:79) No alignment for utterance jackson_9_0_2_0015
WARNING (gmm-acc-stats-ali[5.4.167~1-28e4e]:main():gmm-acc-stats-ali.cc:79) No alignment for utterance jackson_9_4_2_0024
LOG (gmm-acc-stats-ali[5.4.167~1-28e4e]:main():gmm-acc-stats-ali.cc:112) Done 92 files, 8 with errors.
LOG (gmm-acc-stats-ali[5.4.167~1-28e4e]:main():gmm-acc-stats-ali.cc:115) Overall avg like per frame (Gaussian only) = -84.2532 over 14274 frames.
LOG (gmm-acc-stats-ali[5.4.167~1-28e4e]:main():gmm-acc-stats-ali.cc:123) Written accs.
# Accounting: time=1 threads=1
# Ended (code 0) at Tue Sep  4 16:04:08 CEST 2018, elapsed time 1 seconds
