# align-equal-compiled "ark:gunzip -c exp/mono/fsts.1.gz|" "ark,s,cs:apply-cmvn  --utt2spk=ark:data/train/split1/1/utt2spk scp:data/train/split1/1/cmvn.scp scp:data/train/split1/1/feats.scp ark:- | add-deltas  ark:- ark:- |" ark,t:- | gmm-acc-stats-ali --binary=true exp/mono/0.mdl "ark,s,cs:apply-cmvn  --utt2spk=ark:data/train/split1/1/utt2spk scp:data/train/split1/1/cmvn.scp scp:data/train/split1/1/feats.scp ark:- | add-deltas  ark:- ark:- |" ark:- exp/mono/0.1.acc 
# Started at Tue Sep  4 16:03:55 CEST 2018
#
align-equal-compiled 'ark:gunzip -c exp/mono/fsts.1.gz|' 'ark,s,cs:apply-cmvn  --utt2spk=ark:data/train/split1/1/utt2spk scp:data/train/split1/1/cmvn.scp scp:data/train/split1/1/feats.scp ark:- | add-deltas  ark:- ark:- |' ark,t:- 
gmm-acc-stats-ali --binary=true exp/mono/0.mdl 'ark,s,cs:apply-cmvn  --utt2spk=ark:data/train/split1/1/utt2spk scp:data/train/split1/1/cmvn.scp scp:data/train/split1/1/feats.scp ark:- | add-deltas  ark:- ark:- |' ark:- exp/mono/0.1.acc 
add-deltas ark:- ark:- 
apply-cmvn --utt2spk=ark:data/train/split1/1/utt2spk scp:data/train/split1/1/cmvn.scp scp:data/train/split1/1/feats.scp ark:- 
apply-cmvn --utt2spk=ark:data/train/split1/1/utt2spk scp:data/train/split1/1/cmvn.scp scp:data/train/split1/1/feats.scp ark:- 
add-deltas ark:- ark:- 
LOG (gmm-acc-stats-ali[5.4.167~1-28e4e]:main():gmm-acc-stats-ali.cc:105) Processed 50 utterances; for utterance jackson_4_6_2_0020 avg. like is -108.629 over 156 frames.
LOG (apply-cmvn[5.4.167~1-28e4e]:main():apply-cmvn.cc:162) Applied cepstral mean normalization to 100 utterances, errors on 0
LOG (apply-cmvn[5.4.167~1-28e4e]:main():apply-cmvn.cc:162) Applied cepstral mean normalization to 100 utterances, errors on 0
WARNING (align-equal-compiled[5.4.167~1-28e4e]:main():align-equal-compiled.cc:69) No features for utterance nicolas_0_0_4_0081
WARNING (align-equal-compiled[5.4.167~1-28e4e]:main():align-equal-compiled.cc:69) No features for utterance nicolas_0_2_4_0055
WARNING (align-equal-compiled[5.4.167~1-28e4e]:main():align-equal-compiled.cc:69) No features for utterance nicolas_0_2_9_0001
WARNING (align-equal-compiled[5.4.167~1-28e4e]:main():align-equal-compiled.cc:69) No features for utterance nicolas_0_3_8_0080
WARNING (align-equal-compiled[5.4.167~1-28e4e]:main():align-equal-compiled.cc:69) No features for utterance nicolas_0_6_5_0033
WARNING (align-equal-compiled[5.4.167~1-28e4e]:main():align-equal-compiled.cc:69) No features for utterance nicolas_0_7_1_0021
WARNING (align-equal-compiled[5.4.167~1-28e4e]:main():align-equal-compiled.cc:69) No features for utterance nicolas_0_8_6_0056
WARNING (align-equal-compiled[5.4.167~1-28e4e]:main():align-equal-compiled.cc:69) No features for utterance nicolas_0_9_1_0090
WARNING (align-equal-compiled[5.4.167~1-28e4e]:main():align-equal-compiled.cc:69) No features for utterance nicolas_0_9_3_0016
WARNING (align-equal-compiled[5.4.167~1-28e4e]:main():align-equal-compiled.cc:69) No features for utterance nicolas_0_9_5_0029
WARNING (align-equal-compiled[5.4.167~1-28e4e]:main():align-equal-compiled.cc:69) No features for utterance nicolas_0_9_9_0046
WARNING (align-equal-compiled[5.4.167~1-28e4e]:main():align-equal-compiled.cc:69) No features for utterance nicolas_1_2_7_0093
WARNING (align-equal-compiled[5.4.167~1-28e4e]:main():align-equal-compiled.cc:69) No features for utterance nicolas_1_3_2_0087
WARNING (align-equal-compiled[5.4.167~1-28e4e]:main():align-equal-compiled.cc:69) No features for utterance nicolas_1_4_6_0070
WARNING (align-equal-compiled[5.4.167~1-28e4e]:main():align-equal-compiled.cc:69) No features for utterance nicolas_1_5_1_0095
WARNING (align-equal-compiled[5.4.167~1-28e4e]:main():align-equal-compiled.cc:69) No features for utterance nicolas_1_5_7_0088
WARNING (align-equal-compiled[5.4.167~1-28e4e]:main():align-equal-compiled.cc:69) No features for utterance nicolas_1_7_3_0050
WARNING (align-equal-compiled[5.4.167~1-28e4e]:main():align-equal-compiled.cc:69) No features for utterance nicolas_1_9_0_0004
WARNING (align-equal-compiled[5.4.167~1-28e4e]:main():align-equal-compiled.cc:69) No features for utterance nicolas_1_9_4_0061
WARNING (align-equal-compiled[5.4.167~1-28e4e]:main():align-equal-compiled.cc:69) No features for utterance nicolas_1_9_6_0094
WARNING (align-equal-compiled[5.4.167~1-28e4e]:main():align-equal-compiled.cc:69) No features for utterance nicolas_2_0_2_0024
WARNING (align-equal-compiled[5.4.167~1-28e4e]:main():align-equal-compiled.cc:69) No features for utterance nicolas_2_1_6_0060
WARNING (align-equal-compiled[5.4.167~1-28e4e]:main():align-equal-compiled.cc:69) No features for utterance nicolas_2_4_3_0044
WARNING (align-equal-compiled[5.4.167~1-28e4e]:main():align-equal-compiled.cc:69) No features for utterance nicolas_2_4_8_0038
WARNING (align-equal-compiled[5.4.167~1-28e4e]:main():align-equal-compiled.cc:69) No features for utterance nicolas_2_5_0_0037
WARNING (align-equal-compiled[5.4.167~1-28e4e]:main():align-equal-compiled.cc:69) No features for utterance nicolas_2_5_2_0035
WARNING (align-equal-compiled[5.4.167~1-28e4e]:main():align-equal-compiled.cc:69) No features for utterance nicolas_2_5_8_0057
WARNING (align-equal-compiled[5.4.167~1-28e4e]:main():align-equal-compiled.cc:69) No features for utterance nicolas_2_8_7_0040
WARNING (align-equal-compiled[5.4.167~1-28e4e]:main():align-equal-compiled.cc:69) No features for utterance nicolas_3_0_8_0098
WARNING (align-equal-compiled[5.4.167~1-28e4e]:main():align-equal-compiled.cc:69) No features for utterance nicolas_3_1_3_0039
WARNING (align-equal-compiled[5.4.167~1-28e4e]:main():align-equal-compiled.cc:69) No features for utterance nicolas_3_1_6_0063
WARNING (align-equal-compiled[5.4.167~1-28e4e]:main():align-equal-compiled.cc:69) No features for utterance nicolas_3_2_5_0053
WARNING (align-equal-compiled[5.4.167~1-28e4e]:main():align-equal-compiled.cc:69) No features for utterance nicolas_3_2_6_0071
WARNING (align-equal-compiled[5.4.167~1-28e4e]:main():align-equal-compiled.cc:69) No features for utterance nicolas_3_2_9_0051
WARNING (align-equal-compiled[5.4.167~1-28e4e]:main():align-equal-compiled.cc:69) No features for utterance nicolas_3_3_2_0066
WARNING (align-equal-compiled[5.4.167~1-28e4e]:main():align-equal-compiled.cc:69) No features for utterance nicolas_3_4_1_0068
WARNING (align-equal-compiled[5.4.167~1-28e4e]:main():align-equal-compiled.cc:69) No features for utterance nicolas_3_4_1_0069
WARNING (align-equal-compiled[5.4.167~1-28e4e]:main():align-equal-compiled.cc:69) No features for utterance nicolas_3_5_6_0011
WARNING (align-equal-compiled[5.4.167~1-28e4e]:main():align-equal-compiled.cc:69) No features for utterance nicolas_3_7_9_0017
WARNING (align-equal-compiled[5.4.167~1-28e4e]:main():align-equal-compiled.cc:69) No features for utterance nicolas_3_8_2_0074
WARNING (align-equal-compiled[5.4.167~1-28e4e]:main():align-equal-compiled.cc:69) No features for utterance nicolas_3_9_0_0077
WARNING (align-equal-compiled[5.4.167~1-28e4e]:main():align-equal-compiled.cc:69) No features for utterance nicolas_4_1_1_0062
WARNING (align-equal-compiled[5.4.167~1-28e4e]:main():align-equal-compiled.cc:69) No features for utterance nicolas_4_1_3_0096
WARNING (align-equal-compiled[5.4.167~1-28e4e]:main():align-equal-compiled.cc:69) No features for utterance nicolas_4_1_4_0089
WARNING (align-equal-compiled[5.4.167~1-28e4e]:main():align-equal-compiled.cc:69) No features for utterance nicolas_4_1_7_0032
WARNING (align-equal-compiled[5.4.167~1-28e4e]:main():align-equal-compiled.cc:69) No features for utterance nicolas_4_3_4_0052
WARNING (align-equal-compiled[5.4.167~1-28e4e]:main():align-equal-compiled.cc:69) No features for utterance nicolas_4_6_0_0027
WARNING (align-equal-compiled[5.4.167~1-28e4e]:main():align-equal-compiled.cc:69) No features for utterance nicolas_4_6_4_0082
WARNING (align-equal-compiled[5.4.167~1-28e4e]:main():align-equal-compiled.cc:69) No features for utterance nicolas_4_7_2_0083
WARNING (align-equal-compiled[5.4.167~1-28e4e]:main():align-equal-compiled.cc:69) No features for utterance nicolas_4_8_0_0054
WARNING (align-equal-compiled[5.4.167~1-28e4e]:main():align-equal-compiled.cc:69) No features for utterance nicolas_4_8_7_0030
WARNING (align-equal-compiled[5.4.167~1-28e4e]:main():align-equal-compiled.cc:69) No features for utterance nicolas_4_8_8_0007
WARNING (align-equal-compiled[5.4.167~1-28e4e]:main():align-equal-compiled.cc:69) No features for utterance nicolas_4_9_2_0064
WARNING (align-equal-compiled[5.4.167~1-28e4e]:main():align-equal-compiled.cc:69) No features for utterance nicolas_4_9_5_0003
WARNING (align-equal-compiled[5.4.167~1-28e4e]:main():align-equal-compiled.cc:69) No features for utterance nicolas_5_0_2_0045
WARNING (align-equal-compiled[5.4.167~1-28e4e]:main():align-equal-compiled.cc:69) No features for utterance nicolas_5_2_2_0072
WARNING (align-equal-compiled[5.4.167~1-28e4e]:main():align-equal-compiled.cc:69) No features for utterance nicolas_5_2_3_0000
WARNING (align-equal-compiled[5.4.167~1-28e4e]:main():align-equal-compiled.cc:69) No features for utterance nicolas_5_3_5_0097
WARNING (align-equal-compiled[5.4.167~1-28e4e]:main():align-equal-compiled.cc:69) No features for utterance nicolas_5_4_9_0042
WARNING (align-equal-compiled[5.4.167~1-28e4e]:main():align-equal-compiled.cc:69) No features for utterance nicolas_5_6_1_0006
WARNING (align-equal-compiled[5.4.167~1-28e4e]:main():align-equal-compiled.cc:69) No features for utterance nicolas_5_6_9_0012
WARNING (align-equal-compiled[5.4.167~1-28e4e]:main():align-equal-compiled.cc:69) No features for utterance nicolas_6_3_1_0067
WARNING (align-equal-compiled[5.4.167~1-28e4e]:main():align-equal-compiled.cc:69) No features for utterance nicolas_6_4_3_0058
WARNING (align-equal-compiled[5.4.167~1-28e4e]:main():align-equal-compiled.cc:69) No features for utterance nicolas_6_5_1_0036
WARNING (align-equal-compiled[5.4.167~1-28e4e]:main():align-equal-compiled.cc:69) No features for utterance nicolas_6_7_1_0091
WARNING (align-equal-compiled[5.4.167~1-28e4e]:main():align-equal-compiled.cc:69) No features for utterance nicolas_6_7_7_0086
WARNING (align-equal-compiled[5.4.167~1-28e4e]:main():align-equal-compiled.cc:69) No features for utterance nicolas_6_7_9_0059
WARNING (align-equal-compiled[5.4.167~1-28e4e]:main():align-equal-compiled.cc:69) No features for utterance nicolas_6_8_3_0018
WARNING (align-equal-compiled[5.4.167~1-28e4e]:main():align-equal-compiled.cc:69) No features for utterance nicolas_7_1_0_0002
WARNING (align-equal-compiled[5.4.167~1-28e4e]:main():align-equal-compiled.cc:69) No features for utterance nicolas_7_1_5_0005
WARNING (align-equal-compiled[5.4.167~1-28e4e]:main():align-equal-compiled.cc:69) No features for utterance nicolas_7_2_4_0099
WARNING (align-equal-compiled[5.4.167~1-28e4e]:main():align-equal-compiled.cc:69) No features for utterance nicolas_7_3_1_0092
WARNING (align-equal-compiled[5.4.167~1-28e4e]:main():align-equal-compiled.cc:69) No features for utterance nicolas_7_3_4_0078
WARNING (align-equal-compiled[5.4.167~1-28e4e]:main():align-equal-compiled.cc:69) No features for utterance nicolas_7_4_5_0049
WARNING (align-equal-compiled[5.4.167~1-28e4e]:main():align-equal-compiled.cc:69) No features for utterance nicolas_7_4_8_0013
WARNING (align-equal-compiled[5.4.167~1-28e4e]:main():align-equal-compiled.cc:69) No features for utterance nicolas_7_5_2_0076
WARNING (align-equal-compiled[5.4.167~1-28e4e]:main():align-equal-compiled.cc:69) No features for utterance nicolas_7_5_6_0075
WARNING (align-equal-compiled[5.4.167~1-28e4e]:main():align-equal-compiled.cc:69) No features for utterance nicolas_7_5_7_0048
WARNING (align-equal-compiled[5.4.167~1-28e4e]:main():align-equal-compiled.cc:69) No features for utterance nicolas_7_6_5_0009
WARNING (align-equal-compiled[5.4.167~1-28e4e]:main():align-equal-compiled.cc:69) No features for utterance nicolas_7_7_9_0025
WARNING (align-equal-compiled[5.4.167~1-28e4e]:main():align-equal-compiled.cc:69) No features for utterance nicolas_7_8_7_0019
WARNING (align-equal-compiled[5.4.167~1-28e4e]:main():align-equal-compiled.cc:69) No features for utterance nicolas_8_0_3_0034
WARNING (align-equal-compiled[5.4.167~1-28e4e]:main():align-equal-compiled.cc:69) No features for utterance nicolas_8_0_8_0028
WARNING (align-equal-compiled[5.4.167~1-28e4e]:main():align-equal-compiled.cc:69) No features for utterance nicolas_8_0_9_0031
WARNING (align-equal-compiled[5.4.167~1-28e4e]:main():align-equal-compiled.cc:69) No features for utterance nicolas_8_1_3_0041
WARNING (align-equal-compiled[5.4.167~1-28e4e]:main():align-equal-compiled.cc:69) No features for utterance nicolas_8_3_1_0026
WARNING (align-equal-compiled[5.4.167~1-28e4e]:main():align-equal-compiled.cc:69) No features for utterance nicolas_8_3_2_0022
WARNING (align-equal-compiled[5.4.167~1-28e4e]:main():align-equal-compiled.cc:69) No features for utterance nicolas_8_6_4_0020
WARNING (align-equal-compiled[5.4.167~1-28e4e]:main():align-equal-compiled.cc:69) No features for utterance nicolas_8_7_2_0047
WARNING (align-equal-compiled[5.4.167~1-28e4e]:main():align-equal-compiled.cc:69) No features for utterance nicolas_8_7_3_0043
WARNING (align-equal-compiled[5.4.167~1-28e4e]:main():align-equal-compiled.cc:69) No features for utterance nicolas_8_7_8_0015
WARNING (align-equal-compiled[5.4.167~1-28e4e]:main():align-equal-compiled.cc:69) No features for utterance nicolas_8_8_2_0073
WARNING (align-equal-compiled[5.4.167~1-28e4e]:main():align-equal-compiled.cc:69) No features for utterance nicolas_9_0_2_0085
WARNING (align-equal-compiled[5.4.167~1-28e4e]:main():align-equal-compiled.cc:69) No features for utterance nicolas_9_1_2_0023
WARNING (align-equal-compiled[5.4.167~1-28e4e]:main():align-equal-compiled.cc:69) No features for utterance nicolas_9_2_8_0010
WARNING (align-equal-compiled[5.4.167~1-28e4e]:main():align-equal-compiled.cc:69) No features for utterance nicolas_9_4_8_0079
WARNING (align-equal-compiled[5.4.167~1-28e4e]:main():align-equal-compiled.cc:69) No features for utterance nicolas_9_6_5_0065
WARNING (align-equal-compiled[5.4.167~1-28e4e]:main():align-equal-compiled.cc:69) No features for utterance nicolas_9_6_9_0008
WARNING (align-equal-compiled[5.4.167~1-28e4e]:main():align-equal-compiled.cc:69) No features for utterance nicolas_9_6_9_0014
WARNING (align-equal-compiled[5.4.167~1-28e4e]:main():align-equal-compiled.cc:69) No features for utterance nicolas_9_8_4_0084
WARNING (align-equal-compiled[5.4.167~1-28e4e]:main():align-equal-compiled.cc:109) Computed 100 alignments; 100 lacked features, 0 had other errors.
LOG (gmm-acc-stats-ali[5.4.167~1-28e4e]:main():gmm-acc-stats-ali.cc:105) Processed 100 utterances; for utterance jackson_9_9_8_0054 avg. like is -100.432 over 158 frames.
LOG (gmm-acc-stats-ali[5.4.167~1-28e4e]:main():gmm-acc-stats-ali.cc:112) Done 100 files, 0 with errors.
LOG (gmm-acc-stats-ali[5.4.167~1-28e4e]:main():gmm-acc-stats-ali.cc:115) Overall avg like per frame (Gaussian only) = -104.947 over 15513 frames.
LOG (gmm-acc-stats-ali[5.4.167~1-28e4e]:main():gmm-acc-stats-ali.cc:123) Written accs.
# Accounting: time=0 threads=1
# Ended (code 0) at Tue Sep  4 16:03:55 CEST 2018, elapsed time 0 seconds
