# gmm-est --write-occs=exp/mono/22.occs --mix-up=690 --power=0.25 exp/mono/21.mdl "gmm-sum-accs - exp/mono/21.*.acc|" exp/mono/22.mdl 
# Started at Tue Sep  4 16:04:08 CEST 2018
#
gmm-est --write-occs=exp/mono/22.occs --mix-up=690 --power=0.25 exp/mono/21.mdl 'gmm-sum-accs - exp/mono/21.*.acc|' exp/mono/22.mdl 
gmm-sum-accs - exp/mono/21.1.acc 
LOG (gmm-sum-accs[5.4.167~1-28e4e]:main():gmm-sum-accs.cc:63) Summed 1 stats, total count 14274, avg like/frame -83.8844
LOG (gmm-sum-accs[5.4.167~1-28e4e]:main():gmm-sum-accs.cc:66) Total count of stats is 14274
LOG (gmm-sum-accs[5.4.167~1-28e4e]:main():gmm-sum-accs.cc:67) Written stats to -
LOG (gmm-est[5.4.167~1-28e4e]:MleUpdate():transition-model.cc:517) TransitionModel::Update, objf change is 0 per frame over 14274 frames. 
LOG (gmm-est[5.4.167~1-28e4e]:MleUpdate():transition-model.cc:520) 11 probabilities floored, 205 out of 290 transition-states skipped due to insuffient data (it is normal to have some skipped.)
LOG (gmm-est[5.4.167~1-28e4e]:main():gmm-est.cc:102) Transition model update: Overall 0 log-like improvement per frame over 14274 frames.
WARNING (gmm-est[5.4.167~1-28e4e]:MleDiagGmmUpdate():mle-diag-gmm.cc:365) Gaussian has too little data but not removing it because it is the last Gaussian: i = 0, occ = 0, weight = 1
WARNING (gmm-est[5.4.167~1-28e4e]:MleDiagGmmUpdate():mle-diag-gmm.cc:365) Gaussian has too little data but not removing it because it is the last Gaussian: i = 0, occ = 0, weight = 1
WARNING (gmm-est[5.4.167~1-28e4e]:MleDiagGmmUpdate():mle-diag-gmm.cc:365) Gaussian has too little data but not removing it because it is the last Gaussian: i = 0, occ = 0, weight = 1
WARNING (gmm-est[5.4.167~1-28e4e]:MleDiagGmmUpdate():mle-diag-gmm.cc:365) Gaussian has too little data but not removing it because it is the last Gaussian: i = 0, occ = 0, weight = 1
WARNING (gmm-est[5.4.167~1-28e4e]:MleDiagGmmUpdate():mle-diag-gmm.cc:365) Gaussian has too little data but not removing it because it is the last Gaussian: i = 0, occ = 0, weight = 1
WARNING (gmm-est[5.4.167~1-28e4e]:MleDiagGmmUpdate():mle-diag-gmm.cc:365) Gaussian has too little data but not removing it because it is the last Gaussian: i = 0, occ = 0, weight = 1
WARNING (gmm-est[5.4.167~1-28e4e]:MleDiagGmmUpdate():mle-diag-gmm.cc:359) Too little data - removing Gaussian (weight 0.037742, occupation count 9.586570, vector size 39)
WARNING (gmm-est[5.4.167~1-28e4e]:MleDiagGmmUpdate():mle-diag-gmm.cc:359) Too little data - removing Gaussian (weight 0.052356, occupation count 10.000000, vector size 39)
WARNING (gmm-est[5.4.167~1-28e4e]:MleDiagGmmUpdate():mle-diag-gmm.cc:359) Too little data - removing Gaussian (weight 0.040182, occupation count 9.804523, vector size 39)
LOG (gmm-est[5.4.167~1-28e4e]:MleAmDiagGmmUpdate():mle-am-diag-gmm.cc:225) 1 variance elements floored in 1 Gaussians, out of 656
LOG (gmm-est[5.4.167~1-28e4e]:MleAmDiagGmmUpdate():mle-am-diag-gmm.cc:229) Removed 3 Gaussians due to counts < --min-gaussian-occupancy=10 and --remove-low-count-gaussians=true
LOG (gmm-est[5.4.167~1-28e4e]:main():gmm-est.cc:113) GMM update: Overall 0.184178 objective function improvement per frame over 14274 frames
LOG (gmm-est[5.4.167~1-28e4e]:main():gmm-est.cc:116) GMM update: Overall avg like per frame = -83.8844 over 14274 frames.
WARNING (gmm-est[5.4.167~1-28e4e]:GetSplitTargets():model-common.cc:134) Could not split up to 690 due to min-count = 20 (or no counts at all)
LOG (gmm-est[5.4.167~1-28e4e]:SplitByCount():am-diag-gmm.cc:116) Split 70 states with target = 690, power = 0.25, perturb_factor = 0.01 and min_count = 20, split #Gauss from 656 to 685
LOG (gmm-est[5.4.167~1-28e4e]:main():gmm-est.cc:146) Written model to exp/mono/22.mdl
# Accounting: time=0 threads=1
# Ended (code 0) at Tue Sep  4 16:04:08 CEST 2018, elapsed time 0 seconds
